
[2020-06-27 14:52:34.538] 
[2020-06-27 14:52:34.538] 
[2020-06-27 14:52:34.538] 
[2020-06-27 14:52:34.538] 
[2020-06-27 14:52:34.538] 
[2020-06-27 14:52:34.538] 
[2020-06-27 14:52:34.538] 
[2020-06-27 14:52:34.538] 
[2020-06-27 14:52:34.538] 
[2020-06-27 14:52:34.538] 
[2020-06-27 14:52:34.538] 
[2020-06-27 14:52:34.538] 
[2020-06-27 14:52:34.538] 
[2020-06-27 14:52:34.538] 
[2020-06-27 14:52:34.538] 
[2020-06-27 14:52:34.538] 
[2020-06-27 14:52:34.538] 
[2020-06-27 14:52:34.538] 
[2020-06-27 14:52:34.538] 
[2020-06-27 14:52:34.538] 
[2020-06-27 14:52:34.538] 
[2020-06-27 14:52:34.538] 
[2020-06-27 14:52:34.538] 
[2020-06-27 14:52:34.546] Microsoft Windows [Version 10.0.18363.900]
[2020-06-27 14:52:34.546] (c) 2019 Microsoft Corporation. All rights reserved.
[2020-06-27 14:52:34.546] 
[2020-06-27 14:52:34.546] benju@ASUS-PC C:\Users\benju>where tsc
[2020-06-27 14:52:38.441] Microsoft Windows [Version 10.0.18363.900]
[2020-06-27 14:52:38.441] (c) 2019 Microsoft Corporation. All rights reserved.
[2020-06-27 14:52:38.441] 
[2020-06-27 14:52:38.441] benju@ASUS-PC C:\Users\benju>where tsc
[2020-06-27 14:52:38.441] 
[2020-06-27 14:52:38.441] 
[2020-06-27 14:52:38.441] 
[2020-06-27 14:52:38.441] 
[2020-06-27 14:52:38.441] 
[2020-06-27 14:52:38.441] 
[2020-06-27 14:52:38.441] 
[2020-06-27 14:52:38.441] 
[2020-06-27 14:52:38.441] 
[2020-06-27 14:52:38.441] 
[2020-06-27 14:52:38.441] 
[2020-06-27 14:52:38.441] 
[2020-06-27 14:52:38.441] 
[2020-06-27 14:52:38.441] 
[2020-06-27 14:52:38.441] 
[2020-06-27 14:52:38.441] 
[2020-06-27 14:52:38.441] 
[2020-06-27 14:52:38.441] 
[2020-06-27 14:52:38.441] 
[2020-06-27 14:52:38.646] C:\Program Files (x86)\Microsoft SDKs\TypeScript\1.0\tsc.exe
[2020-06-27 14:52:38.655] C:\Program Files (x86)\Microsoft SDKs\TypeScript\1.0\tsc.js
[2020-06-27 14:52:38.664] C:\nodejs\nodejs\node_global\tsc    
[2020-06-27 14:52:38.664] C:\nodejs\nodejs\node_global\tsc.cmd
[2020-06-27 14:52:38.678] Microsoft Windows [Version 10.0.18363.900]
[2020-06-27 14:52:38.678] (c) 2019 Microsoft Corporation. All rights reserved.
[2020-06-27 14:52:38.678] 
[2020-06-27 14:52:38.678] benju@ASUS-PC C:\Users\benju>where tsc
[2020-06-27 14:52:38.678] C:\Program Files (x86)\Microsoft SDKs\TypeScript\1.0\tsc.exe
[2020-06-27 14:52:38.678] C:\Program Files (x86)\Microsoft SDKs\TypeScript\1.0\tsc.js
[2020-06-27 14:52:38.678] C:\nodejs\nodejs\node_global\tsc
[2020-06-27 14:52:38.678] C:\nodejs\nodejs\node_global\tsc.cmd
[2020-06-27 14:52:38.678] 
[2020-06-27 14:52:38.678] benju@ASUS-PC C:\Users\benju>
[2020-06-27 14:52:38.678] 
[2020-06-27 14:52:38.678] 
[2020-06-27 14:52:38.678] 
[2020-06-27 14:52:38.678] 
[2020-06-27 14:52:38.678] 
[2020-06-27 14:52:38.678] 
[2020-06-27 14:52:38.678] 
[2020-06-27 14:52:38.678] 
[2020-06-27 14:52:38.678] 
[2020-06-27 14:52:38.678] 
[2020-06-27 14:52:38.678] 
[2020-06-27 14:52:38.678] 
[2020-06-27 14:52:38.678] 
[2020-06-27 14:52:39.752] exit
