
[2020-06-28 07:50:34.537] 
[2020-06-28 07:50:34.537] 
[2020-06-28 07:50:34.537] 
[2020-06-28 07:50:34.537] 
[2020-06-28 07:50:34.537] 
[2020-06-28 07:50:34.537] 
[2020-06-28 07:50:34.537] 
[2020-06-28 07:50:34.537] 
[2020-06-28 07:50:34.537] 
[2020-06-28 07:50:34.537] 
[2020-06-28 07:50:34.537] 
[2020-06-28 07:50:34.537] 
[2020-06-28 07:50:34.537] 
[2020-06-28 07:50:34.537] 
[2020-06-28 07:50:34.537] 
[2020-06-28 07:50:34.537] 
[2020-06-28 07:50:34.537] 
[2020-06-28 07:50:34.537] 
[2020-06-28 07:50:34.537] 
[2020-06-28 07:50:34.537] 
[2020-06-28 07:50:34.537] 
[2020-06-28 07:50:34.537] 
[2020-06-28 07:50:34.537] 
[2020-06-28 07:50:34.553] Microsoft Windows [Version 10.0.18363.900]
[2020-06-28 07:50:34.553] (c) 2019 Microsoft Corporation. All rights reserved.
[2020-06-28 07:50:34.553] 
[2020-06-28 07:50:34.553] benju@ASUS-PC C:\Users\benju>d:
[2020-06-28 08:56:00.752] 
[2020-06-28 08:56:00.752] benju@ASUS-PC D:\>cd prj\angular
[2020-06-28 08:56:06.870] 
[2020-06-28 08:56:06.870] benju@ASUS-PC D:\prj\angular>dir
[2020-06-28 08:56:08.473]  ドライブ D のボリューム ラベルは Data です
[2020-06-28 08:56:08.473]  ボリューム シリアル番号は 347C-A09A です
[2020-06-28 08:56:08.473] 
[2020-06-28 08:56:08.473]  D:\prj\angular のディレクトリ
[2020-06-28 08:56:08.473] 
[2020-06-28 08:56:08.473] 2020/06/27  14:58    <DIR>          .
[2020-06-28 08:56:08.473] 2020/06/27  14:58    <DIR>          ..
[2020-06-28 08:56:08.473] 2020/06/27  15:56    <DIR>          angular-springboot-client
[2020-06-28 08:56:08.473] 2020/06/27  21:48    <DIR>          okta-spring-boot-2-angular-8-example-master
[2020-06-28 08:56:08.473] 2020/06/12  11:14    <DIR>          test01
[2020-06-28 08:56:08.473]                0 個のファイル                   0 バイト
[2020-06-28 08:56:08.473]                5 個のディレクトリ  49,950,289,920 バイトの空き領域
[2020-06-28 08:56:08.473] 
[2020-06-28 08:56:08.473] benju@ASUS-PC D:\prj\angular>cd okta-spring-boot-2-angular-8-example-master
[2020-06-28 08:56:13.042] 
[2020-06-28 08:56:13.042] benju@ASUS-PC D:\prj\angular\okta-spring-boot-2-angular-8-example-master>cd l clie
[2020-06-28 08:56:17.409] nt
[2020-06-28 08:56:18.033] 
[2020-06-28 08:56:18.033] benju@ASUS-PC D:\prj\angular\okta-spring-boot-2-angular-8-example-master\client>
[2020-06-28 08:56:19.361] dir
[2020-06-28 08:56:19.899]  ドライブ D のボリューム ラベルは Data です
[2020-06-28 08:56:19.904]  ボリューム シリアル番号は 347C-A09A です
[2020-06-28 08:56:19.904] 
[2020-06-28 08:56:19.904]  D:\prj\angular\okta-spring-boot-2-angular-8-example-master\client のディレクト 
[2020-06-28 08:56:19.904] リ
[2020-06-28 08:56:19.904] 
[2020-06-28 08:56:19.904] 2020/06/27  21:51    <DIR>          .
[2020-06-28 08:56:19.904] 2020/06/27  21:51    <DIR>          ..
[2020-06-28 08:56:19.904] 2020/06/27  21:48               246 .editorconfig
[2020-06-28 08:56:19.915] 2020/06/27  21:48               629 .gitignore
[2020-06-28 08:56:19.915] 2020/06/27  21:53             3,637 angular.json
[2020-06-28 08:56:19.915] 2020/06/27  21:48               429 browserslist
[2020-06-28 08:56:19.915] 2020/06/27  21:48    <DIR>          e2e
[2020-06-28 08:56:19.915] 2020/06/27  21:48             1,018 karma.conf.js
[2020-06-28 08:56:19.915] 2020/06/27  21:51    <DIR>          node_modules
[2020-06-28 08:56:19.915] 2020/06/27  21:51           361,637 package-lock.json
[2020-06-28 08:56:19.915] 2020/06/27  21:48             1,443 package.json
[2020-06-28 08:56:19.915] 2020/06/27  21:22               144 proxy.conf.json
[2020-06-28 08:56:19.915] 2020/06/27  21:48             1,023 README.md
[2020-06-28 08:56:19.915] 2020/06/27  21:48    <DIR>          src
[2020-06-28 08:56:19.915] 2020/06/27  21:48               268 tsconfig.app.json
[2020-06-28 08:56:19.915] 2020/06/27  21:48               470 tsconfig.json
[2020-06-28 08:56:19.915] 2020/06/27  21:48               270 tsconfig.spec.json
[2020-06-28 08:56:19.915] 2020/06/27  21:48             1,985 tslint.json
[2020-06-28 08:56:19.919]               13 個のファイル             373,199 バイト
[2020-06-28 08:56:19.919]                5 個のディレクトリ  49,950,289,920 バイトの空き領域
[2020-06-28 08:56:19.919] 
[2020-06-28 08:56:19.919] benju@ASUS-PC D:\prj\angular\okta-spring-boot-2-angular-8-example-master\client>
[2020-06-28 08:56:24.021] nmp  pm start
[2020-06-28 08:56:40.015] 2020/06/27  21:51    <DIR>          .
[2020-06-28 08:56:40.015] 2020/06/27  21:51    <DIR>          ..
[2020-06-28 08:56:40.015] 2020/06/27  21:48               246 .editorconfig
[2020-06-28 08:56:40.015] 2020/06/27  21:48               629 .gitignore
[2020-06-28 08:56:40.015] 2020/06/27  21:53             3,637 angular.json
[2020-06-28 08:56:40.015] 2020/06/27  21:48               429 browserslist
[2020-06-28 08:56:40.015] 2020/06/27  21:48    <DIR>          e2e
[2020-06-28 08:56:40.015] 2020/06/27  21:48             1,018 karma.conf.js
[2020-06-28 08:56:40.015] 2020/06/27  21:51    <DIR>          node_modules
[2020-06-28 08:56:40.015] 2020/06/27  21:51           361,637 package-lock.json
[2020-06-28 08:56:40.015] 2020/06/27  21:48             1,443 package.json
[2020-06-28 08:56:40.015] 2020/06/27  21:22               144 proxy.conf.json
[2020-06-28 08:56:40.015] 2020/06/27  21:48             1,023 README.md
[2020-06-28 08:56:40.015] 2020/06/27  21:48    <DIR>          src
[2020-06-28 08:56:40.015] 2020/06/27  21:48               268 tsconfig.app.json
[2020-06-28 08:56:40.015] 2020/06/27  21:48               470 tsconfig.json
[2020-06-28 08:56:40.015] 2020/06/27  21:48               270 tsconfig.spec.json
[2020-06-28 08:56:40.015] 2020/06/27  21:48             1,985 tslint.json
[2020-06-28 08:56:40.018]               13 個のファイル             373,199 バイト
[2020-06-28 08:56:40.018]                5 個のディレクトリ  49,950,289,920 バイトの空き領域
[2020-06-28 08:56:40.018] 
[2020-06-28 08:56:40.018] benju@ASUS-PC D:\prj\angular\okta-spring-boot-2-angular-8-example-master\client>
[2020-06-28 08:56:40.018] npm start
[2020-06-28 08:56:40.121] 2020/06/27  21:51    <DIR>          .
[2020-06-28 08:56:40.121] 2020/06/27  21:51    <DIR>          ..
[2020-06-28 08:56:40.121] 2020/06/27  21:48               246 .editorconfig
[2020-06-28 08:56:40.121] 2020/06/27  21:48               629 .gitignore
[2020-06-28 08:56:40.121] 2020/06/27  21:53             3,637 angular.json
[2020-06-28 08:56:40.121] 2020/06/27  21:48               429 browserslist
[2020-06-28 08:56:40.121] 2020/06/27  21:48    <DIR>          e2e
[2020-06-28 08:56:40.121] 2020/06/27  21:48             1,018 karma.conf.js
[2020-06-28 08:56:40.121] 2020/06/27  21:51    <DIR>          node_modules
[2020-06-28 08:56:40.121] 2020/06/27  21:51           361,637 package-lock.json
[2020-06-28 08:56:40.121] 2020/06/27  21:48             1,443 package.json
[2020-06-28 08:56:40.121] 2020/06/27  21:22               144 proxy.conf.json
[2020-06-28 08:56:40.121] 2020/06/27  21:48             1,023 README.md
[2020-06-28 08:56:40.121] 2020/06/27  21:48    <DIR>          src
[2020-06-28 08:56:40.121] 2020/06/27  21:48               268 tsconfig.app.json
[2020-06-28 08:56:40.121] 2020/06/27  21:48               470 tsconfig.json
[2020-06-28 08:56:40.121] 2020/06/27  21:48               270 tsconfig.spec.json
[2020-06-28 08:56:40.121] 2020/06/27  21:48             1,985 tslint.json
[2020-06-28 08:56:40.124]               13 個のファイル             373,199 バイト
[2020-06-28 08:56:40.124]                5 個のディレクトリ  49,950,289,920 バイトの空き領域
[2020-06-28 08:56:40.124] 
[2020-06-28 08:56:40.124] benju@ASUS-PC D:\prj\angular\okta-spring-boot-2-angular-8-example-master\client>
[2020-06-28 08:56:40.124] npm start
[2020-06-28 08:56:41.992] 
[2020-06-28 08:56:41.992] > client@0.0.0 start D:\prj\angular\okta-spring-boot-2-angular-8-example-master\
[2020-06-28 08:56:41.992] client
[2020-06-28 08:56:41.992] > ng serve
[2020-06-28 08:56:41.993] 
[2020-06-28 08:56:42.013] 2020/06/27  21:48               429 browserslist
[2020-06-28 08:56:42.013] 2020/06/27  21:48    <DIR>          e2e
[2020-06-28 08:56:42.013] 2020/06/27  21:48             1,018 karma.conf.js
[2020-06-28 08:56:42.013] 2020/06/27  21:51    <DIR>          node_modules
[2020-06-28 08:56:42.013] 2020/06/27  21:51           361,637 package-lock.json
[2020-06-28 08:56:42.013] 2020/06/27  21:48             1,443 package.json
[2020-06-28 08:56:42.013] 2020/06/27  21:22               144 proxy.conf.json
[2020-06-28 08:56:42.013] 2020/06/27  21:48             1,023 README.md
[2020-06-28 08:56:42.013] 2020/06/27  21:48    <DIR>          src
[2020-06-28 08:56:42.013] 2020/06/27  21:48               268 tsconfig.app.json
[2020-06-28 08:56:42.013] 2020/06/27  21:48               470 tsconfig.json
[2020-06-28 08:56:42.013] 2020/06/27  21:48               270 tsconfig.spec.json
[2020-06-28 08:56:42.013] 2020/06/27  21:48             1,985 tslint.json
[2020-06-28 08:56:42.013]               13 個のファイル             373,199 バイト
[2020-06-28 08:56:42.013]                5 個のディレクトリ  49,950,289,920 バイトの空き領域
[2020-06-28 08:56:42.013] 
[2020-06-28 08:56:42.013] benju@ASUS-PC D:\prj\angular\okta-spring-boot-2-angular-8-example-master\client>
[2020-06-28 08:56:42.015] npm start
[2020-06-28 08:56:42.015] 
[2020-06-28 08:56:42.015] > client@0.0.0 start D:\prj\angular\okta-spring-boot-2-angular-8-example-master\
[2020-06-28 08:56:42.015] client
[2020-06-28 08:56:42.015] > ng serve
[2020-06-28 08:56:42.015] 
[2020-06-28 09:00:51.465] Browserslist: caniuse-lite is outdated. Please run next command `npm update`
[2020-06-28 09:01:49.433]   0% compiling 10% building 1/1 modules 0 active 10% building 4/4 modules 0 active[HPM] Proxy created: /cool-cars  ->  http://lo
[2020-06-28 09:01:49.466] calhost:8081
[2020-06-28 09:01:49.469] [HPM] Subscribed to http-proxy events:  [ 'error', 'close' ]
[2020-06-28 09:02:16.842]  10% building 4/5 modules 1 active ...t\index.js?http://0.0.0.0:0/sockjs-node 10% building 5/5 modules 0 active 10% building 5/6 modules 1 active ...gular-cli-files\models\es5-polyfills.js 10% building 6/6 modules 0 active 10% building 6/7 modules 1 active ...les\webpack-dev-server\client\socket.js 10% building 7/7 modules 0 active 10% building 7/8 modules 1 active ...es\webpack-dev-server\client\overlay.js 10% building 8/9 modules 1 active ...bpack\hot sync nonrecursive /^\.\/log$/ 11% building 9/9 modules 0 active 11% building 9/10 modules 1 active ...-8-example-master\client\src\styles.css 11% building 10/10 modules 0 active 11% building 11/11 modules 0 active 11% building 11/12 modules 1 active ...-8-example-master\client\src\styles.css 11% building 11/13 modules 2 active ...aterial\prebuilt-themes\indigo-pink.css 11% building 12/13 modules 1 active ...aterial\prebuilt-themes\indigo-pink.css 11% building 13/13 modules 0 active 11% building 13/14 modules 1 active ...e_modules\style-loader\lib\addStyles.js 11% building 14/14 modules 0 active 11% building 14/15 modules 1 active ...ent\node_modules\webpack\hot\emitter.js 11% building 15/15 modules 0 active 11% building 15/16 modules 1 active ...\client\node_modules\webpack\hot\log.js 11% building 16/16 modules 0 active 11% building 16/17 modules 1 active ...e-master\client\node_modules\url\url.js 12% building 17/17 modules 0 active 12% building 17/18 modules 1 active ...t\node_modules\style-loader\lib\urls.js 25% building 18/20 modules 2 active ...-example-master\client\src\polyfills.ts 25% building 19/20 modules 1 active ...-example-master\client\src\polyfills.ts 25% building 20/20 modules 0 active 25% building 21/22 modules 1 active ...de_modules\core-js\modules\es.symbol.js 25% building 22/23 modules 1 active ...les\core-js\modules\es.function.name.js 25% building 24/24 modules 0 active 25% building 24/25 modules 1 active ...-js\modules\es.function.has-instance.js 25% building 26/26 modules 0 active 25% building 27/27 modules 0 active 25% building 28/29 modules 1 active ...s.object.get-own-property-descriptor.js 25% building 29/30 modules 1 active ...les\es.object.get-own-property-names.js 25% building 30/31 modules 1 active ...s\modules\es.object.get-prototype-of.js 25% building 31/32 modules 1 active ...les\core-js\modules\es.object.freeze.js 25% building 32/33 modules 1 active ...dules\core-js\modules\es.object.keys.js 25% building 33/34 modules 1 active ...modules\es.object.prevent-extensions.js 25% building 34/35 modules 1 active ...dules\core-js\modules\es.object.seal.js 25% building 35/36 modules 1 active ...\core-js\modules\es.object.is-frozen.js 25% building 36/37 modules 1 active ...\core-js\modules\es.object.is-sealed.js 25% building 37/38 modules 1 active ...e-js\modules\es.object.is-extensible.js 25% building 38/39 modules 1 active ...les\core-js\modules\es.object.assign.js 25% building 40/40 modules 0 active 25% building 41/42 modules 1 active ...\core-js\modules\es.object.to-string.js 25% building 42/43 modules 1 active ...es\core-js\modules\es.array.is-array.js 25% building 43/44 modules 1 active ..._modules\core-js\modules\es.array.of.js 25% building 44/45 modules 1 active 25% building 45/46 modules 1 active ...dules\core-js\modules\es.array.slice.js 25% building 46/47 modules 1 active ...es\core-js\modules\es.array.for-each.js 25% building 47/48 modules 1 active ...odules\core-js\modules\es.array.from.js 25% building 48/49 modules 1 active ...modules\core-js\modules\es.array.map.js 25% building 49/50 modules 1 active ...odules\core-js\modules\es.array.sort.js 25% building 50/51 modules 1 active ...odules\core-js\modules\es.array.some.js 25% building 51/52 modules 1 active ...dules\core-js\modules\es.array.every.js 25% building 52/53 modules 1 active 25% building 54/54 modules 0 active 25% building 54/55 modules 1 active ...ore-js\modules\es.array.reduce-right.js 25% building 55/56 modules 1 active ...es\core-js\modules\es.array.index-of.js 25% building 56/57 modules 1 active ...re-js\modules\es.array.last-index-of.js 25% building 57/58 modules 1 active ...core-js\modules\es.array.copy-within.js 25% building 58/59 modules 1 active 25% building 59/60 modules 1 active 25% building 60/61 modules 1 active ...\core-js\modules\es.array.find-index.js 25% building 61/62 modules 1 active ...es\core-js\modules\es.array.iterator.js 25% building 62/62 modules 0 active 25% building 62/63 modules 1 active ...dules\core-js\modules\es.string.trim.js 25% building 63/64 modules 1 active ...js\modules\es.string.from-code-point.js 25% building 64/65 modules 1 active ...s\core-js\modules\es.string.iterator.js 25% building 65/66 modules 1 active ...e-js\modules\es.string.code-point-at.js 25% building 66/67 modules 1 active ...\core-js\modules\es.string.ends-with.js 25% building 67/68 modules 1 active ...odules\core-js\modules\es.string.raw.js 25% building 68/69 modules 1 active ...s\core-js\modules\es.string.includes.js 25% building 69/70 modules 1 active 25% building 70/71 modules 1 active 25% building 71/72 modules 1 active ...ore-js\modules\es.string.starts-with.js 25% building 72/73 modules 1 active ...odules\core-js\modules\es.string.big.js 25% building 73/74 modules 1 active 25% building 74/75 modules 1 active 25% building 75/76 modules 1 active 25% building 77/77 modules 0 active 25% building 78/78 modules 0 active 25% building 78/79 modules 1 active ...es\core-js\modules\es.string.italics.js 25% building 79/80 modules 1 active 25% building 81/81 modules 0 active 25% building 82/83 modules 1 active ...ules\core-js\modules\es.string.small.js 25% building 83/84 modules 1 active ...odules\core-js\modules\es.string.sup.js 25% building 84/85 modules 1 active ...modules\core-js\modules\es.parse-int.js 25% building 85/86 modules 1 active ...dules\core-js\modules\es.parse-float.js 25% building 86/87 modules 1 active ...\node_modules\core-js\modules\es.map.js 25% building 87/88 modules 1 active ...\node_modules\core-js\modules\es.set.js 25% building 88/89 modules 1 active ..._modules\core-js\modules\es.weak-map.js 25% building 89/90 modules 1 active ...e_modules\core-js\modules\es.promise.js 25% building 91/92 modules 1 active ...modules\web.dom-collections.iterator.js 25% building 93/93 modules 0 active 25% building 94/94 modules 0 active 25% building 94/95 modules 1 active ...t\node_modules\loglevel\lib\loglevel.js 25% building 95/95 modules 0 active 25% building 95/96 modules 1 active ...\client\src\app\app.module.ngfactory.js 25% building 96/97 modules 1 active ...\client\node_modules\ansi-html\index.js 25% building 97/97 modules 0 active 25% building 97/98 modules 1 active ...de_modules\sockjs-client\dist\sockjs.js 25% building 99/99 modules 0 active 25% building 99/100 modules 1 active                                          s 25% building 100/101 modules 1 active ...node_modules\core-js\es\number\index.j
[2020-06-28 09:02:27.810]  25% building 101/102 modules 1 active ...ient\node_modules\querystring\decode.j
[2020-06-28 09:02:27.810] s  25% building 102/103 modules 1 active ...node_modules\core-js\es\regexp\index.j
[2020-06-28 09:02:27.911]  25% building 103/104 modules 1 active ...t\node_modules\core-js\es\math\index.j
[2020-06-28 09:02:27.920] s  25% building 104/105 modules 1 active ...odules\core-js\internals\descriptors.j
[2020-06-28 09:02:27.949] s 25% building 105/106 modules 1 active ...ode_modules\core-js\internals\global.j
[2020-06-28 09:02:27.958] s 25% building 106/107 modules 1 active ...t\node_modules\core-js\internals\has.j
[2020-06-28 09:02:27.967] s  25% building 107/108 modules 1 active ...de_modules\core-js\internals\is-pure.j
[2020-06-28 09:02:27.998]  25% building 108/109 modules 1 active ...ode_modules\core-js\internals\export.j
[2020-06-28 09:02:28.001] s  25% building 109/110 modules 1 active ...e_modules\core-js\internals\redefine.j
[2020-06-28 09:02:28.037] s  25% building 110/111 modules 1 active ...odules\core-js\internals\hidden-keys.j
[2020-06-28 09:02:28.057] s  25% building 111/112 modules 1 active ...node_modules\core-js\internals\fails.j
[2020-06-28 09:02:28.086]  25% building 112/112 modules 0 active 25% building 112/113 modules 1 active ...ode_modules\core-js\internals\shared.j
[2020-06-28 09:02:28.095] s 25% building 113/114 modules 1 active ...t\node_modules\core-js\internals\uid.j
[2020-06-28 09:02:28.104] s 25% building 114/115 modules 1 active ...ject-get-own-property-names-external.j
[2020-06-28 09:02:28.113] s 25% building 115/116 modules 1 active ...\core-js\internals\set-to-string-tag.j
[2020-06-28 09:02:28.121] s 25% building 116/117 modules 1 active ...\core-js\internals\to-indexed-object.j
[2020-06-28 09:02:28.130] s 25% building 117/118 modules 1 active ..._modules\core-js\internals\is-object.j
[2020-06-28 09:02:28.139] s 25% building 118/119 modules 1 active ..._modules\core-js\internals\to-object.j
[2020-06-28 09:02:28.148] s 25% building 119/120 modules 1 active ...s\core-js\internals\object-to-string.j
[2020-06-28 09:02:28.157] s 25% building 120/121 modules 1 active ...es\core-js\internals\create-property.j
[2020-06-28 09:02:28.166] s 25% building 121/122 modules 1 active ...ules\core-js\internals\object-assign.j
[2020-06-28 09:02:28.175] s 25% building 122/123 modules 1 active ...les\core-js\internals\array-for-each.j
[2020-06-28 09:02:28.183] s 25% building 123/124 modules 1 active ...rnals\check-correctness-of-iteration.j
[2020-06-28 09:02:28.192] s  25% building 124/125 modules 1 active ...ules\core-js\internals\array-methods.j
[2020-06-28 09:02:28.233] s  25% building 125/126 modules 1 active ...dules\core-js\internals\array-reduce.j
[2020-06-28 09:02:28.254] s 25% building 126/127 modules 1 active ...modules\core-js\internals\a-function.j
[2020-06-28 09:02:28.263] s 25% building 127/128 modules 1 active ...ore-js\internals\array-last-index-of.j
[2020-06-28 09:02:28.272] s  25% building 128/129 modules 1 active ...les\core-js\internals\array-includes.j
[2020-06-28 09:02:28.309] s 25% building 129/130 modules 1 active ...\core-js\internals\to-absolute-index.j
[2020-06-28 09:02:28.318] s  25% building 130/131 modules 1 active ...odules\core-js\internals\string-trim.j
[2020-06-28 09:02:28.345] s 25% building 131/132 modules 1 active ..._modules\core-js\internals\to-length.j
[2020-06-28 09:02:28.354] s 25% building 132/133 modules 1 active ..._modules\core-js\internals\string-at.j
[2020-06-28 09:02:28.363] s 25% building 133/134 modules 1 active ...odules\core-js\internals\create-html.j
[2020-06-28 09:02:28.372] s 26% building 134/135 modules 1 active ...als\validate-string-method-arguments.j
[2020-06-28 09:02:28.381] s 26% building 135/136 modules 1 active ..._modules\core-js\internals\parse-int.j
[2020-06-28 09:02:28.389] s 26% building 136/137 modules 1 active ...odules\core-js\internals\parse-float.j
[2020-06-28 09:02:28.398] s 26% building 137/138 modules 1 active ...modules\core-js\internals\collection.j
[2020-06-28 09:02:28.408] s  26% building 138/139 modules 1 active ...ules\core-js\internals\dom-iterables.j
[2020-06-28 09:02:28.430] s 26% building 139/140 modules 1 active ...\core-js\internals\well-known-symbol.j
[2020-06-28 09:02:28.439] s 26% building 140/141 modules 1 active ...ent\node_modules\html-entities\index.j
[2020-06-28 09:02:28.449] s 26% building 141/142 modules 1 active ...\node_modules\core-js\internals\hide.j
[2020-06-28 09:02:28.457] s 27% building 142/142 modules 0 active 27% building 142/143 modules 1 active ...er\client\node_modules\events\events.j
[2020-06-28 09:02:28.484] s  27% building 143/144 modules 1 active ...ient\node_modules\querystring\encode.j
[2020-06-28 09:02:28.508] s  27% building 144/144 modules 0 active 27% building 144/145 modules 1 active ...\client\node_modules\hammerjs\hammer.j
[2020-06-28 09:02:28.583] s  27% building 145/145 modules 0 active 27% building 145/146 modules 1 active ...dules\html-entities\lib\xml-entities.j
[2020-06-28 09:02:28.670] s  27% building 146/147 modules 1 active ...les\html-entities\lib\html5-entities.j
[2020-06-28 09:02:28.708] s  27% building 147/148 modules 1 active ...les\html-entities\lib\html4-entities.j
[2020-06-28 09:02:28.756] s 27% building 148/148 modules 0 active 27% building 148/149 modules 1 active ..._modules\core-js\modules\es.date.now.j
[2020-06-28 09:02:28.794]  27% building 149/149 modules 0 active 27% building 149/150 modules 1 active ..._modules\zone.js\dist\zone-evergreen.j
[2020-06-28 09:02:28.802] s  40% building 150/151 modules 1 active ...ore-js\modules\es.number.constructor.j
[2020-06-28 09:02:29.079] s  40% building 151/152 modules 1 active ...\node_modules\core-js\internals\path.j
[2020-06-28 09:02:29.104]  40% building 152/152 modules 0 active 40% building 152/153 modules 1 active ...odules\core-js\modules\es.math.trunc.j
[2020-06-28 09:02:29.112] s 40% building 153/154 modules 1 active ...ore-js\modules\es.regexp.constructor.j
[2020-06-28 09:02:29.120] s  40% building 154/155 modules 1 active ...ore-js\modules\es.math.to-string-tag.j
[2020-06-28 09:02:29.146] s  40% building 155/156 modules 1 active ...odules\core-js\modules\es.math.acosh.j
[2020-06-28 09:02:29.202] s 40% building 156/157 modules 1 active ...modules\core-js\modules\es.math.sinh.j
[2020-06-28 09:02:29.210] s  40% building 157/158 modules 1 active ...modules\core-js\modules\es.math.tanh.j
[2020-06-28 09:02:29.248]  40% building 158/159 modules 1 active ...modules\core-js\modules\es.math.log2.j
[2020-06-28 09:02:29.256]  40% building 159/159 modules 0 active 40% building 159/160 modules 1 active ...odules\core-js\modules\es.math.log1p.j
[2020-06-28 09:02:29.266]  40% building 160/160 modules 0 active 40% building 160/161 modules 1 active ...modules\core-js\modules\es.math.sign.j
[2020-06-28 09:02:29.273]  40% building 161/162 modules 1 active ...odules\core-js\modules\es.math.log10.j
[2020-06-28 09:02:29.274] s 40% building 162/162 modules 0 active 40% building 162/163 modules 1 active ..._modules\@angular\core\fesm2015\core.j
[2020-06-28 09:02:29.291] s  40% building 163/164 modules 1 active ... lazy groupOptions: {} namespace objec
[2020-06-28 09:02:30.441]  40% building 164/165 modules 1 active ..._modules\core-js\internals\is-forced.j
[2020-06-28 09:02:30.446] s 40% building 165/166 modules 1 active ...modules\core-js\internals\set-global.j
[2020-06-28 09:02:30.455] s 40% building 166/167 modules 1 active ...nternals\copy-constructor-properties.j
[2020-06-28 09:02:30.464] s 40% building 167/168 modules 1 active ...modules\core-js\modules\es.math.imul.j
[2020-06-28 09:02:30.473] s 40% building 168/169 modules 1 active ...odules\core-js\modules\es.math.hypot.j
[2020-06-28 09:02:30.482] s  40% building 169/170 modules 1 active ...s\object-get-own-property-descriptor.j
[2020-06-28 09:02:30.544] s  40% building 170/171 modules 1 active ...dules\core-js\modules\es.math.fround.j
[2020-06-28 09:02:30.578] s  40% building 171/172 modules 1 active ...les\core-js\internals\internal-state.j
[2020-06-28 09:02:30.614] s  40% building 172/173 modules 1 active ...core-js\internals\function-to-string.j
[2020-06-28 09:02:30.675]  40% building 173/173 modules 0 active 40% building 173/174 modules 1 active ...odules\core-js\modules\es.math.expm1.j
[2020-06-28 09:02:30.684]  40% building 174/174 modules 0 active 40% building 174/175 modules 1 active ...modules\core-js\modules\es.math.cosh.j
[2020-06-28 09:02:30.693] s  40% building 175/176 modules 1 active ...les\core-js\internals\indexed-object.j
[2020-06-28 09:02:30.716] s 40% building 176/177 modules 1 active ...-js\internals\object-define-property.j
[2020-06-28 09:02:30.725] s 40% building 177/178 modules 1 active ...modules\core-js\modules\es.math.cbrt.j
[2020-06-28 09:02:30.734] s 40% building 178/179 modules 1 active ...ernals\object-get-own-property-names.j
[2020-06-28 09:02:30.743] s 40% building 179/180 modules 1 active ...odules\core-js\modules\es.math.clz32.j
[2020-06-28 09:02:30.752] s 40% building 180/181 modules 1 active ...odules\core-js\modules\es.math.atanh.j
[2020-06-28 09:02:30.761] s 40% building 181/182 modules 1 active ...s\internals\require-object-coercible.j
[2020-06-28 09:02:30.770] s 40% building 182/183 modules 1 active ...odules\core-js\modules\es.math.asinh.j
[2020-06-28 09:02:30.779] s 40% building 183/184 modules 1 active ...ules\core-js\modules\es.string.split.j
[2020-06-28 09:02:30.788] s  40% building 184/185 modules 1 active ...les\core-js\modules\es.string.search.j
[2020-06-28 09:02:30.835] s  40% building 185/186 modules 1 active ...es\core-js\modules\es.string.replace.j
[2020-06-28 09:02:30.852] s  40% building 186/187 modules 1 active ...ules\core-js\modules\es.regexp.flags.j
[2020-06-28 09:02:30.886]  40% building 187/188 modules 1 active ...ules\core-js\modules\es.string.match.j
[2020-06-28 09:02:30.894] s 40% building 188/188 modules 0 active 40% building 188/189 modules 1 active ...dules\core-js\modules\es.regexp.exec.j
[2020-06-28 09:02:30.913]  40% building 189/189 modules 0 active 40% building 189/190 modules 1 active ...odules\core-js\internals\object-keys.j
[2020-06-28 09:02:30.921]  40% building 190/191 modules 1 active ...dules\core-js\internals\to-primitive.j
[2020-06-28 09:02:30.921] s 40% building 191/191 modules 0 active 40% building 191/192 modules 1 active ...dules\core-js\internals\bind-context.j
[2020-06-28 09:02:30.939] s 40% building 192/193 modules 1 active ...de_modules\core-js\internals\classof.j
[2020-06-28 09:02:30.947] s  40% building 193/194 modules 1 active ...ernals\object-property-is-enumerable.j
[2020-06-28 09:02:30.972] s 40% building 194/195 modules 1 active ...nals\object-get-own-property-symbols.j
[2020-06-28 09:02:30.978]  40% building 195/196 modules 1 active ...re-js\internals\array-species-create.j
[2020-06-28 09:02:30.981] s  40% building 196/197 modules 1 active ...modules\core-js\internals\to-integer.j
[2020-06-28 09:02:31.021]  40% building 197/198 modules 1 active ...internals\create-property-descriptor.j
[2020-06-28 09:02:31.028] s  40% building 198/199 modules 1 active ...ore-js\internals\sloppy-array-method.j
[2020-06-28 09:02:31.048] s  40% building 199/200 modules 1 active ...\core-js\modules\es.regexp.to-string.j
[2020-06-28 09:02:31.074] s  40% building 200/201 modules 1 active ...re-js\modules\es.number.to-precision.j
[2020-06-28 09:02:31.105] s  40% building 201/202 modules 1 active ...odules\core-js\internals\whitespaces.j
[2020-06-28 09:02:31.130] s 40% building 202/203 modules 1 active ...ore-js\modules\es.number.parse-float.j
[2020-06-28 09:02:31.139] s 40% building 203/204 modules 1 active ...\core-js\modules\es.number.parse-int.j
[2020-06-28 09:02:31.148] s 40% building 204/205 modules 1 active ...s\core-js\modules\es.number.to-fixed.j
[2020-06-28 09:02:31.157] s  40% building 205/206 modules 1 active ...s\modules\es.number.min-safe-integer.j
[2020-06-28 09:02:31.176]  40% building 206/207 modules 1 active ...s\modules\es.number.max-safe-integer.j
[2020-06-28 09:02:31.184]  40% building 207/207 modules 0 active 40% building 207/208 modules 1 active ...js\modules\es.number.is-safe-integer.j
[2020-06-28 09:02:31.193]  40% building 208/208 modules 0 active 40% building 208/209 modules 1 active ...les\core-js\modules\es.number.is-nan.j
[2020-06-28 09:02:31.202] s 40% building 209/209 modules 0 active 40% building 209/210 modules 1 active ...core-js\modules\es.number.is-integer.j
[2020-06-28 09:02:31.220]  40% building 210/210 modules 0 active 40% building 210/211 modules 1 active ...rm-browser\fesm2015\platform-browser.j
[2020-06-28 09:02:31.228] s  40% building 211/212 modules 1 active ...r\client\src\app\home\home.component.t
[2020-06-28 09:02:31.344]  40% building 212/212 modules 0 active 40% building 212/213 modules 1 active ...\core-js\modules\es.number.is-finite.j
[2020-06-28 09:02:31.353]  40% building 213/214 modules 1 active ..._modules\core-js\internals\is-regexp.j
[2020-06-28 09:02:31.353] s 40% building 214/215 modules 1 active ...ore-js\internals\inherit-if-required.j
[2020-06-28 09:02:31.362] s  40% building 215/216 modules 1 active ...de_modules\core-js\internals\iterate.j
[2020-06-28 09:02:31.399] s 40% building 216/217 modules 1 active ...ules\core-js\internals\native-symbol.j
[2020-06-28 09:02:31.408] s 40% building 217/218 modules 1 active ...\core-js\internals\internal-metadata.j
[2020-06-28 09:02:31.417] s  40% building 218/219 modules 1 active ...odules\core-js\internals\an-instance.j
[2020-06-28 09:02:31.449]  40% building 219/219 modules 0 active 40% building 219/220 modules 1 active ...s\url\node_modules\punycode\punycode.j
[2020-06-28 09:02:31.457] s  40% building 220/220 modules 0 active 40% building 220/221 modules 1 active ...es\core-js\modules\es.number.epsilon.j
[2020-06-28 09:02:31.506] s 40% building 221/221 modules 0 active 40% building 221/222 modules 1 active ...er\client\src\app\app-routing.module.t
[2020-06-28 09:02:31.556]  40% building 222/223 modules 1 active ...\src\app\car-edit\car-edit.component.t
[2020-06-28 09:02:31.560] s 40% building 223/224 modules 1 active ...\src\app\car-list\car-list.component.t
[2020-06-28 09:02:31.569]  40% building 224/224 modules 0 active 40% building 224/225 modules 1 active ...\node_modules\webpack\buildin\module.j
[2020-06-28 09:02:31.594]  40% building 225/225 modules 0 active 40% building 225/226 modules 1 active ...core-js\modules\es.date.to-primitive.j
[2020-06-28 09:02:31.631]  40% building 226/226 modules 0 active 40% building 226/227 modules 1 active ...src\app\shared\okta\auth.interceptor.t
[2020-06-28 09:02:31.640] s 40% building 227/228 modules 1 active ...es\core-js\modules\es.date.to-string.j
[2020-06-28 09:02:31.649] s 40% building 228/228 modules 0 active 40% building 228/229 modules 1 active ...ore-js\modules\es.date.to-iso-string.j
[2020-06-28 09:02:31.667] s 40% building 229/230 modules 1 active ...ules\core-js\internals\object-create.j
[2020-06-28 09:02:31.676] s  40% building 230/231 modules 1 active ...modules\core-js\internals\math-log1p.j
[2020-06-28 09:02:31.694] s 40% building 231/232 modules 1 active ...modules\core-js\internals\math-expm1.j
[2020-06-28 09:02:31.703] s 40% building 232/233 modules 1 active ...dules\core-js\internals\regexp-flags.j
[2020-06-28 09:02:31.713] s  40% building 233/234 modules 1 active ...odules\core-js\internals\set-species.j
[2020-06-28 09:02:31.754] s 40% building 234/235 modules 1 active ..._modules\core-js\internals\math-sign.j
[2020-06-28 09:02:31.763] s 40% building 235/236 modules 1 active ...ules\core-js\modules\es.date.to-json.j
[2020-06-28 09:02:31.771] s 40% building 236/237 modules 1 active ...e_modules\core-js\internals\own-keys.j
[2020-06-28 09:02:31.780] s  40% building 237/238 modules 1 active ...es\core-js\internals\native-weak-map.j
[2020-06-28 09:02:31.824]  40% building 238/239 modules 1 active ...les\core-js\internals\ie8-dom-define.j
[2020-06-28 09:02:31.835]  40% building 239/240 modules 1 active ...odules\core-js\internals\math-fround.j
[2020-06-28 09:02:31.841] s  40% building 240/241 modules 1 active ...modules\core-js\internals\shared-key.j
[2020-06-28 09:02:31.872] s 40% building 241/242 modules 1 active ...odules\core-js\internals\classof-raw.j
[2020-06-28 09:02:31.881]  40% building 242/242 modules 0 active 40% building 242/243 modules 1 active ...re-js\internals\object-keys-internal.j
[2020-06-28 09:02:31.890] s 40% building 243/244 modules 1 active ..._modules\core-js\internals\an-object.j
[2020-06-28 09:02:31.899] s 40% building 244/244 modules 0 active 40% building 244/245 modules 1 active ...odules\core-js\internals\regexp-exec.j
[2020-06-28 09:02:31.918] s 40% building 245/246 modules 1 active ...s\fix-regexp-well-known-symbol-logic.j
[2020-06-28 09:02:31.926] s  40% building 246/247 modules 1 active ...re-js\internals\regexp-exec-abstract.j
[2020-06-28 09:02:31.958] s 40% building 247/247 modules 0 active 40% building 247/248 modules 1 active ...ules\core-js\internals\enum-bug-keys.j
[2020-06-28 09:02:31.977] s 40% building 248/249 modules 1 active ...e_modules\core-js\internals\is-array.j
[2020-06-28 09:02:31.985] s 40% building 249/249 modules 0 active 40% building 249/250 modules 1 active ...modules\core-js\internals\same-value.j
[2020-06-28 09:02:32.003]  40% building 250/250 modules 0 active 40% building 250/251 modules 1 active ...ore-js\internals\species-constructor.j
[2020-06-28 09:02:32.013] s 40% building 251/252 modules 1 active ...\core-js\internals\this-number-value.j
[2020-06-28 09:02:32.021] s 40% building 252/252 modules 0 active 40% building 252/253 modules 1 active ...ules\core-js\internals\string-repeat.j
[2020-06-28 09:02:32.039] s  40% building 253/254 modules 1 active ...re-js\internals\advance-string-index.j
[2020-06-28 09:02:32.095] s 40% building 254/255 modules 1 active ...modules\core-js\internals\is-integer.j
[2020-06-28 09:02:32.104] s 40% building 255/255 modules 0 active 40% building 255/256 modules 1 active ...s\core-js\internals\number-is-finite.j
[2020-06-28 09:02:32.123]  40% building 256/256 modules 0 active 40% building 256/257 modules 1 active ...als\call-with-safe-iteration-closing.j
[2020-06-28 09:02:32.131] s  40% building 257/258 modules 1 active ...e_modules\core-js\internals\freezing.j
[2020-06-28 09:02:32.152] s 40% building 258/259 modules 1 active ...ore-js\internals\get-iterator-method.j
[2020-06-28 09:02:32.161] s 41% building 259/260 modules 1 active ...js\internals\object-set-prototype-of.j
[2020-06-28 09:02:32.170] s 41% building 260/260 modules 0 active 41% building 260/261 modules 1 active ...t\src\app\shared\giphy\giphy.service.t
[2020-06-28 09:02:32.206]  41% building 261/261 modules 0 active 41% building 261/262 modules 1 active ...ules\@angular\router\fesm2015\router.j
[2020-06-28 09:02:32.237] s  41% building 262/262 modules 0 active 41% building 262/263 modules 1 active ...lient\src\app\shared\car\car.service.t
[2020-06-28 09:02:32.496] s 41% building 263/263 modules 0 active 41% building 263/264 modules 1 active ...s\internals\is-array-iterator-method.j
[2020-06-28 09:02:32.515] s 41% building 264/264 modules 0 active 41% building 264/265 modules 1 active ...client\node_modules\ansi-regex\index.j
[2020-06-28 09:02:32.531]  41% building 265/265 modules 0 active 41% building 265/266 modules 1 active ...-master\client\src\app\app.component.t
[2020-06-28 09:02:32.560]  41% building 266/267 modules 1 active ...ple-master\client\src\app\app.module.t
[2020-06-28 09:02:32.562]  42% building 267/267 modules 0 active 42% building 267/268 modules 1 active ...odules\@okta\okta-angular\dist\index.j
[2020-06-28 09:02:32.630] s  42% building 268/268 modules 0 active 42% building 268/269 modules 1 active ...a\okta-angular\dist\okta\okta.module.j
[2020-06-28 09:02:32.729] s  42% building 269/269 modules 0 active 42% building 269/270 modules 1 active ...\core-js\internals\date-to-primitive.j
[2020-06-28 09:02:32.881]  42% building 270/270 modules 0 active 42% building 270/271 modules 1 active ...core-js\internals\date-to-iso-string.j
[2020-06-28 09:02:32.890] s  42% building 271/272 modules 1 active ...js\internals\document-create-element.j
[2020-06-28 09:02:32.949] s 42% building 272/273 modules 1 active ...\node_modules\core-js\internals\html.j
[2020-06-28 09:02:32.958] s 42% building 273/274 modules 1 active ...ient\src\app\app.component.ngfactory.j
[2020-06-28 09:02:32.967] s 42% building 274/274 modules 0 active 42% building 274/275 modules 1 active ...rc\app\home\home.component.ngfactory.j
[2020-06-28 09:02:33.016]  43% building 275/275 modules 0 active 43% building 275/276 modules 1 active ...ar-edit\car-edit.component.ngfactory.j
[2020-06-28 09:02:33.026]  43% building 276/276 modules 0 active 43% building 276/277 modules 1 active ...ar-list\car-list.component.ngfactory.j
[2020-06-28 09:02:33.031]  43% building 277/278 modules 1 active ...les\@angular\router\router.ngfactory.j
[2020-06-28 09:02:33.034]  43% building 278/278 modules 0 active 43% building 278/279 modules 1 active ...dules\core-js\internals\get-built-in.j
[2020-06-28 09:02:33.044] s 43% building 279/279 modules 0 active 43% building 279/280 modules 1 active ...s\internals\object-define-properties.j
[2020-06-28 09:02:33.061]  43% building 280/280 modules 0 active 43% building 280/281 modules 1 active ...-js\internals\new-promise-capability.j
[2020-06-28 09:02:33.070] s 43% building 281/282 modules 1 active ...dules\core-js\internals\redefine-all.j
[2020-06-28 09:02:33.079] s 43% building 282/282 modules 0 active 43% building 282/283 modules 1 active ...modules\core-js\internals\user-agent.j
[2020-06-28 09:02:33.096] s 43% building 283/284 modules 1 active ...core-js\internals\host-report-errors.j
[2020-06-28 09:02:33.105] s 44% building 284/285 modules 1 active ...de_modules\core-js\internals\perform.j
[2020-06-28 09:02:33.114] s 44% building 285/285 modules 0 active 44% building 285/286 modules 1 active ...es\core-js\internals\promise-resolve.j
[2020-06-28 09:02:33.132] s  44% building 286/287 modules 1 active ...es\core-js\internals\collection-weak.j
[2020-06-28 09:02:33.229] s  44% building 287/288 modules 1 active ..._modules\core-js\internals\microtask.j
[2020-06-28 09:02:33.290] s  44% building 288/289 modules 1 active ...\node_modules\core-js\internals\task.j
[2020-06-28 09:02:33.333] s  44% building 289/289 modules 0 active 44% building 289/290 modules 1 active ...\internals\forced-string-html-method.j
[2020-06-28 09:02:33.389] s 44% building 290/290 modules 0 active 44% building 290/291 modules 1 active ...js\internals\correct-is-regexp-logic.j
[2020-06-28 09:02:33.421]  44% building 291/291 modules 0 active 44% building 291/292 modules 1 active ...\core-js\internals\collection-strong.j
[2020-06-28 09:02:33.429] s  45% building 292/293 modules 1 active ...ta\okta-angular\dist\okta\okta.guard.j
[2020-06-28 09:02:33.466] s  45% building 293/294 modules 1 active ...es\core-js\internals\define-iterator.j
[2020-06-28 09:02:33.507] s  45% building 294/295 modules 1 active ...\internals\forced-string-trim-method.j
[2020-06-28 09:02:33.564] s 45% building 295/296 modules 1 active ...okta-angular\dist\okta\createService.j
[2020-06-28 09:02:33.573] s  45% building 296/297 modules 1 active ..._modules\core-js\internals\iterators.j
[2020-06-28 09:02:33.605]  45% building 297/297 modules 0 active 45% building 297/298 modules 1 active ...core-js\internals\add-to-unscopables.j
[2020-06-28 09:02:33.614] s 45% building 298/298 modules 0 active 45% building 298/299 modules 1 active ...\core-js\internals\array-copy-within.j
[2020-06-28 09:02:33.632] s  45% building 299/300 modules 1 active ...modules\core-js\internals\array-fill.j
[2020-06-28 09:02:33.666] s  46% building 300/301 modules 1 active ...als\array-method-has-species-support.j
[2020-06-28 09:02:33.721] s 46% building 301/302 modules 1 active ...\validate-set-prototype-of-arguments.j
[2020-06-28 09:02:33.730] s  46% building 302/303 modules 1 active ...ponents\callback.component.ngfactory.j
[2020-06-28 09:02:33.762]  46% building 303/303 modules 0 active 46% building 303/304 modules 1 active ...t\okta\components\callback.component.j
[2020-06-28 09:02:33.771] s  46% building 304/305 modules 1 active ...\client\node_modules\tslib\tslib.es6.j
[2020-06-28 09:02:33.807] s  46% building 305/306 modules 1 active ...modules\core-js\internals\array-from.j
[2020-06-28 09:02:33.851] s  46% building 306/307 modules 1 active ...platform-browser\fesm2015\animations.j
[2020-06-28 09:02:33.902] s  46% building 307/307 modules 0 active 46% building 307/308 modules 1 active ...ent\node_modules\rxjs\_esm2015\index.j
[2020-06-28 09:02:33.958] s  46% building 308/309 modules 1 active ...odules\rxjs\_esm2015\operators\index.j
[2020-06-28 09:02:33.981] s  47% building 309/310 modules 1 active ...angular\dist\okta\models\okta.config.j
[2020-06-28 09:02:34.034] s  47% building 310/311 modules 1 active ...ular\dist\okta\services\okta.service.j
[2020-06-28 09:02:34.060] s  47% building 311/311 modules 0 active 47% building 311/312 modules 1 active ...odules\@angular\forms\fesm2015\forms.j
[2020-06-28 09:02:34.140] s  47% building 312/313 modules 1 active ...gular\animations\fesm2015\animations.j
[2020-06-28 09:02:34.321] s  47% building 313/314 modules 1 active ...ules\@angular\common\fesm2015\common.j
[2020-06-28 09:02:34.386] s  47% building 314/315 modules 1 active ...odules\@angular\common\fesm2015\http.j
[2020-06-28 09:02:34.695] s  47% building 315/315 modules 0 active 47% building 315/316 modules 1 active ...s\internals\correct-prototype-getter.j
[2020-06-28 09:02:34.845] s 47% building 316/317 modules 1 active ...ules\@angular\cdk\esm2015\text-field.j
[2020-06-28 09:02:34.854] s  48% building 317/318 modules 1 active ...odules\@angular\cdk\esm2015\platform.j
[2020-06-28 09:02:34.951] s  48% building 318/319 modules 1 active ...de_modules\@angular\cdk\esm2015\bidi.j
[2020-06-28 09:02:35.001] s  48% building 319/320 modules 1 active ...dules\@angular\cdk\esm2015\observers.j
[2020-06-28 09:02:35.027] s  48% building 320/321 modules 1 active ...es\@angular\material\esm2015\toolbar.j
[2020-06-28 09:02:35.079] s  48% building 321/321 modules 0 active 48% building 321/322 modules 1 active ...dules\@angular\material\esm2015\list.j
[2020-06-28 09:02:35.114] s  48% building 322/323 modules 1 active ...es\@angular\material\esm2015\divider.j
[2020-06-28 09:02:35.173] s  48% building 323/324 modules 1 active ...ules\@angular\material\esm2015\input.j
[2020-06-28 09:02:35.224] s  48% building 324/324 modules 0 active 48% building 324/325 modules 1 active ...@angular\material\esm2015\form-field.j
[2020-06-28 09:02:35.276] s  49% building 325/325 modules 0 active 49% building 325/326 modules 1 active ...les\@angular\material\esm2015\button.j
[2020-06-28 09:02:35.337] s  49% building 326/327 modules 1 active ...dules\@angular\material\esm2015\card.j
[2020-06-28 09:02:35.382] s  49% building 327/327 modules 0 active 49% building 327/328 modules 1 active ...dules\@angular\material\esm2015\core.j
[2020-06-28 09:02:35.421] s  49% building 328/328 modules 0 active 49% building 328/329 modules 1 active ...c\app\app.component.css.shim.ngstyle.j
[2020-06-28 09:02:35.656]  49% building 329/330 modules 1 active ...home\home.component.css.shim.ngstyle.j
[2020-06-28 09:02:35.658]  49% building 330/331 modules 1 active ...\car-edit.component.css.shim.ngstyle.j
[2020-06-28 09:02:35.660]  49% building 331/332 modules 1 active ...\car-list.component.css.shim.ngstyle.j
[2020-06-28 09:02:35.662]  49% building 332/332 modules 0 active 49% building 332/333 modules 1 active ...a-angular\dist\okta\components\index.j
[2020-06-28 09:02:35.693] s  49% building 333/333 modules 0 active 49% building 333/334 modules 1 active ...js\internals\object-get-prototype-of.j
[2020-06-28 09:02:35.766] s 50% building 334/335 modules 1 active ...les\core-js\internals\iterators-core.j
[2020-06-28 09:02:35.776] s  50% building 335/336 modules 1 active ...nternals\create-iterator-constructor.j
[2020-06-28 09:02:35.810] s  50% building 336/337 modules 1 active ..._modules\core-js\internals\enum-keys.j
[2020-06-28 09:02:35.832] s 50% building 337/338 modules 1 active ...ules\core-js\internals\function-bind.j
[2020-06-28 09:02:35.841] s 50% building 338/339 modules 1 active ...s\internals\define-well-known-symbol.j
[2020-06-28 09:02:35.850] s 50% building 339/340 modules 1 active ...aterial\card\typings\index.ngfactory.j
[2020-06-28 09:02:35.859] s 50% building 340/340 modules 0 active 50% building 340/341 modules 1 active ...@angular\animations\fesm2015\browser.j
[2020-06-28 09:02:35.902] s  50% building 341/341 modules 0 active 50% building 341/342 modules 1 active ...\internals\wrapped-well-known-symbol.j
[2020-06-28 09:02:36.126] s 54% building 342/343 modules 1 active ...erial\button\typings\index.ngfactory.j
[2020-06-28 09:02:36.135] s 54% building 343/344 modules 1 active ...aterial\list\typings\index.ngfactory.j
[2020-06-28 09:02:36.144] s 54% building 344/345 modules 1 active ...l\form-field\typings\index.ngfactory.j
[2020-06-28 09:02:36.154] s 54% building 345/345 modules 0 active 54% building 345/346 modules 1 active ...rial\toolbar\typings\index.ngfactory.j
[2020-06-28 09:02:36.209]  54% building 346/346 modules 0 active 54% building 346/347 modules 1 active ...js\_esm2015\internal\BehaviorSubject.j
[2020-06-28 09:02:36.247] s  54% building 347/348 modules 1 active ...es\rxjs\_esm2015\internal\Observable.j
[2020-06-28 09:02:36.410] s  54% building 348/349 modules 1 active ...\_esm2015\internal\symbol\observable.j
[2020-06-28 09:02:36.446]  54% building 349/350 modules 1 active ...a\okta-angular\dist\okta\packageInfo.j
[2020-06-28 09:02:36.448] s 54% building 350/351 modules 1 active ...dules\rxjs\_esm2015\internal\Subject.j
[2020-06-28 09:02:36.457] s  54% building 351/352 modules 1 active ...js\_esm2015\internal\operators\audit.j
[2020-06-28 09:02:36.541] s  54% building 352/353 modules 1 active ...odules\rxjs\_esm2015\internal\config.j
[2020-06-28 09:02:36.607] s  54% building 353/354 modules 1 active ...15\internal\operators\withLatestFrom.j
[2020-06-28 09:02:36.635] s 54% building 354/355 modules 1 active ...xjs\_esm2015\internal\observable\zip.j
[2020-06-28 09:02:36.643] s  54% building 355/356 modules 1 active ...rxjs\_esm2015\internal\operators\zip.j
[2020-06-28 09:02:36.662]  54% building 356/357 modules 1 active ...sm2015\internal\operators\windowTime.j
[2020-06-28 09:02:36.665] s  54% building 357/358 modules 1 active ...s\_esm2015\internal\operators\zipAll.j
[2020-06-28 09:02:36.701]  54% building 358/359 modules 1 active ...nal\observable\ConnectableObservable.j
[2020-06-28 09:02:36.704] s  54% building 359/360 modules 1 active ...m2015\internal\operators\windowCount.j
[2020-06-28 09:02:36.746] s  54% building 360/361 modules 1 active ...2015\internal\operators\windowToggle.j
[2020-06-28 09:02:36.783] s  54% building 361/362 modules 1 active ...m2015\internal\operators\timeoutWith.j
[2020-06-28 09:02:36.848] s  54% building 362/363 modules 1 active ...\_esm2015\internal\operators\timeout.j
[2020-06-28 09:02:36.888]  54% building 363/364 modules 1 active ...sm2015\internal\operators\windowWhen.j
[2020-06-28 09:02:36.892] s  54% building 364/365 modules 1 active ...2015\internal\operators\timeInterval.j
[2020-06-28 09:02:36.941]  54% building 365/366 modules 1 active ...2015\internal\operators\throwIfEmpty.j
[2020-06-28 09:02:36.945]  54% building 366/366 modules 0 active 54% building 366/367 modules 1 active ...2015\internal\operators\throttleTime.j
[2020-06-28 09:02:36.954] s 54% building 367/368 modules 1 active ...rxjs\_esm2015\internal\operators\tap.j
[2020-06-28 09:02:36.963] s  54% building 368/369 modules 1 active ...esm2015\internal\operators\takeUntil.j
[2020-06-28 09:02:36.980] s  54% building 369/370 modules 1 active ...esm2015\internal\operators\timestamp.j
[2020-06-28 09:02:36.993]  54% building 370/371 modules 1 active ...\_esm2015\internal\operators\toArray.j
[2020-06-28 09:02:36.996]  54% building 371/372 modules 1 active ...s\_esm2015\internal\operators\window.j
[2020-06-28 09:02:36.998] s  54% building 372/373 modules 1 active ...esm2015\internal\operators\takeWhile.j
[2020-06-28 09:02:37.026] s  54% building 373/373 modules 0 active 54% building 373/374 modules 1 active ...m2015\internal\operators\switchMapTo.j
[2020-06-28 09:02:37.083]  54% building 374/375 modules 1 active ...xjs\_esm2015\internal\operators\take.j
[2020-06-28 09:02:37.084] s  54% building 375/376 modules 1 active ..._esm2015\internal\operators\takeLast.j
[2020-06-28 09:02:37.110] s  55% building 376/377 modules 1 active ..._esm2015\internal\operators\throttle.j
[2020-06-28 09:02:37.132] s  55% building 377/378 modules 1 active ...\_esm2015\internal\operators\groupBy.j
[2020-06-28 09:02:37.151] s  55% building 378/379 modules 1 active ...esm2015\internal\operators\switchMap.j
[2020-06-28 09:02:37.188] s  55% building 379/380 modules 1 active ...esm2015\internal\operators\switchAll.j
[2020-06-28 09:02:37.219]  55% building 380/380 modules 0 active 55% building 380/381 modules 1 active ...esm2015\internal\operators\skipWhile.j
[2020-06-28 09:02:37.267] s  55% building 381/381 modules 0 active 55% building 381/382 modules 1 active ...m2015\internal\operators\subscribeOn.j
[2020-06-28 09:02:37.297]  55% building 382/383 modules 1 active ...esm2015\internal\operators\startWith.j
[2020-06-28 09:02:37.299] s  55% building 383/384 modules 1 active ...esm2015\internal\operators\skipUntil.j
[2020-06-28 09:02:37.327] s  56% building 384/385 modules 1 active ...xjs\_esm2015\internal\operators\skip.j
[2020-06-28 09:02:37.346]  56% building 385/385 modules 0 active 56% building 385/386 modules 1 active ...s\_esm2015\internal\operators\single.j
[2020-06-28 09:02:37.354] s  56% building 386/387 modules 1 active ...m2015\internal\operators\shareReplay.j
[2020-06-28 09:02:37.386] s  56% building 387/388 modules 1 active ...js\_esm2015\internal\operators\share.j
[2020-06-28 09:02:37.422] s  56% building 388/389 modules 1 active ...015\internal\operators\sequenceEqual.j
[2020-06-28 09:02:37.448] s  56% building 389/390 modules 1 active ...xjs\_esm2015\internal\operators\scan.j
[2020-06-28 09:02:37.480] s  56% building 390/391 modules 1 active ..._esm2015\internal\operators\skipLast.j
[2020-06-28 09:02:37.502] s 56% building 391/391 modules 0 active 56% building 391/392 modules 1 active ...\components\login-redirect.component.j
[2020-06-28 09:02:37.518] s  57% building 392/393 modules 1 active ...s\_esm2015\internal\operators\sample.j
[2020-06-28 09:02:37.545] s  57% building 393/394 modules 1 active ...esm2015\internal\operators\retryWhen.j
[2020-06-28 09:02:37.571] s  57% building 394/395 modules 1 active ...js\_esm2015\internal\operators\retry.j
[2020-06-28 09:02:37.598] s  57% building 395/396 modules 1 active ...sm2015\internal\operators\sampleTime.j
[2020-06-28 09:02:37.657] s  57% building 396/396 modules 0 active 57% building 396/397 modules 1 active ..._esm2015\internal\operators\refCount.j
[2020-06-28 09:02:37.691] s  57% building 397/398 modules 1 active ...s\_esm2015\internal\operators\reduce.j
[2020-06-28 09:02:37.710]  57% building 398/399 modules 1 active ...sm2015\internal\operators\repeatWhen.j
[2020-06-28 09:02:37.711] s  57% building 399/400 modules 1 active ...s\_esm2015\internal\operators\repeat.j
[2020-06-28 09:02:37.767] s 57% building 400/400 modules 0 active 57% building 400/401 modules 1 active ...xjs\_esm2015\internal\operators\race.j
[2020-06-28 09:02:37.782]  58% building 401/402 modules 1 active ...015\internal\operators\publishReplay.j
[2020-06-28 09:02:37.785] s  58% building 402/403 modules 1 active ...de_modules\@angular\cdk\esm2015\a11y.j
[2020-06-28 09:02:37.814] s  58% building 403/403 modules 0 active 58% building 403/404 modules 1 active ...m2015\internal\operators\publishLast.j
[2020-06-28 09:02:37.945] s 58% building 404/404 modules 0 active 58% building 404/405 modules 1 active ...5\internal\operators\publishBehavior.j
[2020-06-28 09:02:37.962]  58% building 405/405 modules 0 active 58% building 405/406 modules 1 active ...ode_modules\@angular\cdk\esm2015\cdk.j
[2020-06-28 09:02:37.983] s  58% building 406/407 modules 1 active ...aterial\core\typings\index.ngfactory.j
[2020-06-28 09:02:38.050]  58% building 407/407 modules 0 active 58% building 407/408 modules 1 active ...js\_esm2015\internal\symbol\iterator.j
[2020-06-28 09:02:38.079]  58% building 408/409 modules 1 active ...esm2015\internal\symbol\rxSubscriber.j
[2020-06-28 09:02:38.082]  59% building 409/410 modules 1 active ...esm2015\internal\SubjectSubscription.j
[2020-06-28 09:02:38.083] s  59% building 410/411 modules 1 active ...es\rxjs\_esm2015\internal\Subscriber.j
[2020-06-28 09:02:38.123] s  59% building 411/411 modules 0 active 59% building 411/412 modules 1 active ...js\_esm2015\internal\OuterSubscriber.j
[2020-06-28 09:02:38.201] s  59% building 412/413 modules 1 active ...sm2015\internal\observable\fromArray.j
[2020-06-28 09:02:38.222] s  59% building 413/413 modules 0 active 59% building 413/414 modules 1 active ...js\_esm2015\internal\observable\from.j
[2020-06-28 09:02:38.265] s  59% building 414/415 modules 1 active ...les\rxjs\_esm2015\internal\util\pipe.j
[2020-06-28 09:02:38.295]  59% building 415/416 modules 1 active ...nternal\util\ObjectUnsubscribedError.j
[2020-06-28 09:02:38.298]  59% building 416/416 modules 0 active 59% building 416/417 modules 1 active ...s\_esm2015\internal\util\isScheduler.j
[2020-06-28 09:02:38.302]  60% building 417/418 modules 1 active ...js\_esm2015\internal\util\isFunction.j
[2020-06-28 09:02:38.305]  60% building 418/419 modules 1 active ...esm2015\internal\util\canReportError.j
[2020-06-28 09:02:38.310]  60% building 419/420 modules 1 active ...2015\internal\util\subscribeToResult.j
[2020-06-28 09:02:38.316]  60% building 420/420 modules 0 active 60% building 420/421 modules 1 active ...xjs\_esm2015\internal\util\isNumeric.j
[2020-06-28 09:02:38.321]  60% building 421/422 modules 1 active ...rxjs\_esm2015\internal\util\identity.j
[2020-06-28 09:02:38.325]  60% building 422/422 modules 0 active 60% building 422/423 modules 1 active ...js\_esm2015\internal\scheduler\async.j
[2020-06-28 09:02:38.333]  60% building 423/424 modules 1 active ...js\_esm2015\internal\InnerSubscriber.j
[2020-06-28 09:02:38.334] s 60% building 424/425 modules 1 active ...\rxjs\_esm2015\internal\Subscription.j
[2020-06-28 09:02:38.343] s  61% building 425/425 modules 0 active 61% building 425/426 modules 1 active ...rxjs\_esm2015\internal\operators\map.j
[2020-06-28 09:02:38.381] s  61% building 426/427 modules 1 active ...odules\@angular\cdk\esm2015\keycodes.j
[2020-06-28 09:02:38.406] s  61% building 427/428 modules 1 active ...les\@angular\cdk\esm2015\collections.j
[2020-06-28 09:02:38.448] s  61% building 428/429 modules 1 active ...nternal\util\ArgumentOutOfRangeError.j
[2020-06-28 09:02:38.476]  61% building 429/429 modules 0 active 61% building 429/430 modules 1 active ...s\_esm2015\internal\observable\empty.j
[2020-06-28 09:02:38.485] s  61% building 430/430 modules 0 active 61% building 430/431 modules 1 active ...nal\observable\SubscribeOnObservable.j
[2020-06-28 09:02:38.533] s  61% building 431/431 modules 0 active 61% building 431/432 modules 1 active ...rxjs\_esm2015\internal\ReplaySubject.j
[2020-06-28 09:02:38.586] s  61% building 432/432 modules 0 active 61% building 432/433 modules 1 active ...esm2015\internal\operators\multicast.j
[2020-06-28 09:02:38.641] s  61% building 433/434 modules 1 active ...15\internal\operators\defaultIfEmpty.j
[2020-06-28 09:02:38.669] s  62% building 434/434 modules 0 active 62% building 434/435 modules 1 active ...\rxjs\_esm2015\internal\util\isArray.j
[2020-06-28 09:02:38.702] s 62% building 435/436 modules 1 active ...js\_esm2015\internal\observable\race.j
[2020-06-28 09:02:38.711] s  62% building 436/437 modules 1 active ...\_esm2015\internal\observable\concat.j
[2020-06-28 09:02:38.734] s 62% building 437/438 modules 1 active ...js\_esm2015\internal\util\EmptyError.j
[2020-06-28 09:02:38.742]  62% building 438/439 modules 1 active ...\rxjs\_esm2015\internal\AsyncSubject.j
[2020-06-28 09:02:38.743] s  62% building 439/439 modules 0 active 62% building 439/440 modules 1 active ...\_esm2015\internal\observable\scalar.j
[2020-06-28 09:02:38.799]  62% building 440/441 modules 1 active ...les\rxjs\_esm2015\internal\util\noop.j
[2020-06-28 09:02:38.810]  62% building 441/441 modules 0 active 62% building 441/442 modules 1 active ...odules\@angular\cdk\esm2015\coercion.j
[2020-06-28 09:02:38.819] s  63% building 442/442 modules 0 active 63% building 442/443 modules 1 active ...sm2015\internal\util\hostReportError.j
[2020-06-28 09:02:38.875]  63% building 443/444 modules 1 active ...m2015\internal\observable\throwError.j
[2020-06-28 09:02:38.878] s  63% building 444/445 modules 1 active ...\_esm2015\internal\util\TimeoutError.j
[2020-06-28 09:02:38.928] s 63% building 445/446 modules 1 active ...s\rxjs\_esm2015\internal\util\isDate.j
[2020-06-28 09:02:38.934]  63% building 446/447 modules 1 active ...ules\rxjs\_esm2015\internal\Observer.j
[2020-06-28 09:02:38.937] s 63% building 447/448 modules 1 active ...s\_esm2015\internal\observable\defer.j
[2020-06-28 09:02:38.946]  63% building 448/448 modules 0 active 63% building 448/449 modules 1 active ...js\_esm2015\internal\operators\pluck.j
[2020-06-28 09:02:38.953]  63% building 449/450 modules 1 active ...\_esm2015\internal\util\toSubscriber.j
[2020-06-28 09:02:38.955] s 64% building 450/451 modules 1 active ..._esm2015\internal\operators\pairwise.j
[2020-06-28 09:02:38.962]  64% building 451/452 modules 1 active ...esm2015\internal\operators\partition.j
[2020-06-28 09:02:38.964]  64% building 452/452 modules 0 active 64% building 452/453 modules 1 active ...\_esm2015\internal\operators\publish.j
[2020-06-28 09:02:38.969]  64% building 453/454 modules 1 active ...internal\operators\onErrorResumeNext.j
[2020-06-28 09:02:38.973] s  64% building 454/455 modules 1 active ...ta\configuration-validation\dist\lib.j
[2020-06-28 09:02:39.056] s  64% building 455/456 modules 1 active ...s\_esm2015\internal\util\subscribeTo.j
[2020-06-28 09:02:39.126] s  64% building 456/457 modules 1 active ...rxjs\_esm2015\internal\operators\min.j
[2020-06-28 09:02:39.159] s  64% building 457/458 modules 1 active ...esm2015\internal\operators\observeOn.j
[2020-06-28 09:02:39.191] s  64% building 458/459 modules 1 active ...m2015\internal\util\subscribeToArray.j
[2020-06-28 09:02:39.227]  65% building 459/460 modules 1 active ...5\internal\observable\fromObservable.j
[2020-06-28 09:02:39.231] s  65% building 460/461 modules 1 active ...015\internal\observable\fromIterable.j
[2020-06-28 09:02:39.251] s  65% building 461/462 modules 1 active ...s\_esm2015\internal\util\isArrayLike.j
[2020-06-28 09:02:39.291]  65% building 462/463 modules 1 active ...2015\internal\observable\fromPromise.j
[2020-06-28 09:02:39.294] s  65% building 463/464 modules 1 active ...js\_esm2015\internal\util\isIterable.j
[2020-06-28 09:02:39.313]  65% building 464/465 modules 1 active ...15\internal\util\isInteropObservable.j
[2020-06-28 09:02:39.316]  65% building 465/466 modules 1 active ..._esm2015\internal\operators\mergeMap.j
[2020-06-28 09:02:39.317] s  65% building 466/467 modules 1 active ...xjs\_esm2015\internal\util\isPromise.j
[2020-06-28 09:02:39.343]  66% building 467/467 modules 0 active 66% building 467/468 modules 1 active ..._esm2015\internal\operators\mergeAll.j
[2020-06-28 09:02:39.349]  66% building 468/469 modules 1 active ...esm2015\internal\operators\mergeScan.j
[2020-06-28 09:02:39.351] s  66% building 469/470 modules 1 active ...js\_esm2015\internal\operators\merge.j
[2020-06-28 09:02:39.382] s  66% building 470/471 modules 1 active ...sm2015\internal\operators\mergeMapTo.j
[2020-06-28 09:02:39.402]  66% building 471/472 modules 1 active ...rxjs\_esm2015\internal\operators\max.j
[2020-06-28 09:02:39.406]  66% building 472/473 modules 1 active ...m2015\internal\operators\materialize.j
[2020-06-28 09:02:39.406] s  66% building 473/474 modules 1 active ...js\_esm2015\internal\operators\mapTo.j
[2020-06-28 09:02:39.431]  66% building 474/475 modules 1 active ...15\internal\operators\ignoreElements.j
[2020-06-28 09:02:39.434]  67% building 475/475 modules 0 active 67% building 475/476 modules 1 active ...\_esm2015\internal\operators\isEmpty.j
[2020-06-28 09:02:39.441]  67% building 476/477 modules 1 active ...xjs\_esm2015\internal\operators\last.j
[2020-06-28 09:02:39.443] s 67% building 477/478 modules 1 active ...js\_esm2015\internal\operators\first.j
[2020-06-28 09:02:39.452]  67% building 478/479 modules 1 active ...s\_esm2015\internal\operators\filter.j
[2020-06-28 09:02:39.452] s  67% building 479/480 modules 1 active ..._esm2015\internal\operators\finalize.j
[2020-06-28 09:02:39.477]  67% building 480/481 modules 1 active ...xjs\_esm2015\internal\operators\find.j
[2020-06-28 09:02:39.480] s  67% building 481/482 modules 1 active ...esm2015\internal\operators\findIndex.j
[2020-06-28 09:02:39.495]  67% building 482/483 modules 1 active ...sm2015\internal\operators\exhaustMap.j
[2020-06-28 09:02:39.498] s  67% building 483/484 modules 1 active ...s\_esm2015\internal\operators\expand.j
[2020-06-28 09:02:39.532] s  68% building 484/485 modules 1 active ...m2015\internal\scheduler\AsyncAction.j
[2020-06-28 09:02:39.556] s  68% building 485/486 modules 1 active ...15\internal\scheduler\AsyncScheduler.j
[2020-06-28 09:02:39.577] s  68% building 486/487 modules 1 active ...\_esm2015\internal\operators\exhaust.j
[2020-06-28 09:02:39.595] s 68% building 487/488 modules 1 active ...js\_esm2015\internal\operators\every.j
[2020-06-28 09:02:39.604] s  68% building 488/489 modules 1 active ...\_esm2015\internal\operators\endWith.j
[2020-06-28 09:02:39.636]  68% building 489/490 modules 1 active ...15\internal\util\UnsubscriptionError.j
[2020-06-28 09:02:39.636] s 68% building 490/491 modules 1 active ...al\operators\distinctUntilKeyChanged.j
[2020-06-28 09:02:39.645]  68% building 491/491 modules 0 active 68% building 491/492 modules 1 active ...rxjs\_esm2015\internal\util\isObject.j
[2020-06-28 09:02:39.654]  69% building 492/493 modules 1 active ...esm2015\internal\operators\elementAt.j
[2020-06-28 09:02:39.655] s 69% building 493/494 modules 1 active ...kta-auth-js\lib\browser\browserIndex.j
[2020-06-28 09:02:39.662] s  69% building 494/495 modules 1 active ..._esm2015\internal\operators\distinct.j
[2020-06-28 09:02:39.683] s  69% building 495/496 modules 1 active ...ernal\operators\distinctUntilChanged.j
[2020-06-28 09:02:39.707] s  69% building 496/497 modules 1 active ...015\internal\operators\dematerialize.j
[2020-06-28 09:02:39.739]  69% building 497/498 modules 1 active ...esm2015\internal\operators\delayWhen.j
[2020-06-28 09:02:39.740] s  69% building 498/499 modules 1 active ...js\_esm2015\internal\operators\delay.j
[2020-06-28 09:02:39.771] s  69% building 499/500 modules 1 active ...2015\internal\operators\debounceTime.j
[2020-06-28 09:02:39.795] s  69% building 500/501 modules 1 active ..._esm2015\internal\operators\debounce.j
[2020-06-28 09:02:39.960] s  69% building 501/502 modules 1 active ...js\_esm2015\internal\operators\count.j
[2020-06-28 09:02:39.989] s  69% building 502/503 modules 1 active ...m2015\internal\operators\concatMapTo.j
[2020-06-28 09:02:40.011]  69% building 503/504 modules 1 active ...esm2015\internal\operators\concatMap.j
[2020-06-28 09:02:40.012] s 69% building 504/505 modules 1 active ...esm2015\internal\operators\concatAll.j
[2020-06-28 09:02:40.020] s  70% building 505/505 modules 0 active 69% building 505/506 modules 1 active ...s\_esm2015\internal\operators\concat.j
[2020-06-28 09:02:40.072]  69% building 506/507 modules 1 active ...015\internal\operators\combineLatest.j
[2020-06-28 09:02:40.075]  69% building 507/508 modules 1 active ...sm2015\internal\operators\combineAll.j
[2020-06-28 09:02:40.081]  69% building 508/509 modules 1 active ...sm2015\internal\operators\catchError.j
[2020-06-28 09:02:40.084] s  70% building 509/509 modules 0 active 69% building 509/510 modules 1 active ...xjs\_esm2015\internal\scheduler\asap.j
[2020-06-28 09:02:40.146]  70% building 510/510 modules 0 active 69% building 510/511 modules 1 active ...js\_esm2015\internal\scheduler\queue.j
[2020-06-28 09:02:40.169]  70% building 511/511 modules 0 active 69% building 511/512 modules 1 active ...sm2015\internal\operators\bufferWhen.j
[2020-06-28 09:02:40.178] s  69% building 512/513 modules 1 active ...2015\internal\operators\bufferToggle.j
[2020-06-28 09:02:40.230] s  69% building 513/514 modules 1 active ...sm2015\internal\operators\bufferTime.j
[2020-06-28 09:02:40.264] s  69% building 514/515 modules 1 active ...m2015\internal\operators\bufferCount.j
[2020-06-28 09:02:40.291]  70% building 515/515 modules 0 active 69% building 515/516 modules 1 active ...s\_esm2015\internal\operators\buffer.j
[2020-06-28 09:02:40.301] s  69% building 516/517 modules 1 active ...s\_esm2015\internal\observable\timer.j
[2020-06-28 09:02:40.323] s 70% building 517/517 modules 0 active 69% building 517/518 modules 1 active ...s\_esm2015\internal\observable\pairs.j
[2020-06-28 09:02:40.340] s  69% building 518/519 modules 1 active ...nternal\observable\onErrorResumeNext.j
[2020-06-28 09:02:40.368] s 69% building 519/520 modules 1 active ...esm2015\internal\operators\auditTime.j
[2020-06-28 09:02:40.377]  70% building 520/520 modules 0 active 69% building 520/521 modules 1 active ...s\_esm2015\internal\observable\using.j
[2020-06-28 09:02:40.386] s  69% building 521/522 modules 1 active ...s\_esm2015\internal\observable\range.j
[2020-06-28 09:02:40.413] s  69% building 522/523 modules 1 active ...s\_esm2015\internal\observable\merge.j
[2020-06-28 09:02:40.445] s  69% building 523/524 modules 1 active ...s\_esm2015\internal\observable\never.j
[2020-06-28 09:02:40.487]  70% building 524/524 modules 0 active 69% building 524/525 modules 1 active ...esm2015\internal\observable\interval.j
[2020-06-28 09:02:40.496] s  69% building 525/526 modules 1 active ...rxjs\_esm2015\internal\observable\of.j
[2020-06-28 09:02:40.537]  70% building 526/526 modules 0 active 69% building 526/527 modules 1 active ...xjs\_esm2015\internal\observable\iif.j
[2020-06-28 09:02:40.545]  70% building 527/527 modules 0 active 69% building 527/528 modules 1 active ...esm2015\internal\observable\generate.j
[2020-06-28 09:02:40.555] s  69% building 528/529 modules 1 active ...internal\observable\fromEventPattern.j
[2020-06-28 09:02:40.623] s  69% building 529/530 modules 1 active ...sm2015\internal\observable\fromEvent.j
[2020-06-28 09:02:40.680] s  69% building 530/531 modules 1 active ...internal\observable\bindNodeCallback.j
[2020-06-28 09:02:40.720] s  69% building 531/532 modules 1 active ...015\internal\observable\bindCallback.j
[2020-06-28 09:02:40.779] s  69% building 532/533 modules 1 active ...esm2015\internal\observable\forkJoin.j
[2020-06-28 09:02:40.870] s  69% building 533/534 modules 1 active ...15\internal\observable\combineLatest.j
[2020-06-28 09:02:40.907] s  69% building 534/535 modules 1 active ...\_esm2015\internal\util\isObservable.j
[2020-06-28 09:02:40.954]  69% building 535/536 modules 1 active ...\rxjs\_esm2015\internal\Notification.j
[2020-06-28 09:02:40.957] s  69% building 536/537 modules 1 active ...ernal\scheduler\VirtualTimeScheduler.j
[2020-06-28 09:02:41.089] s  69% building 537/538 modules 1 active ...ules\rxjs\_esm2015\internal\util\not.j
[2020-06-28 09:02:41.133]  69% building 538/539 modules 1 active ...015\internal\util\subscribeToPromise.j
[2020-06-28 09:02:41.134] s 69% building 539/540 modules 1 active ...les\rxjs\_esm2015\internal\Scheduler.j
[2020-06-28 09:02:41.142]  69% building 540/541 modules 1 active ...15\internal\scheduler\animationFrame.j
[2020-06-28 09:02:41.143] s 69% building 541/542 modules 1 active ...15\internal\util\subscribeToIterable.j
[2020-06-28 09:02:41.151]  70% building 542/542 modules 0 active 69% building 542/543 modules 1 active ...\internal\util\subscribeToObservable.j
[2020-06-28 09:02:41.157]  69% building 543/544 modules 1 active ...s\_esm2015\internal\scheduler\Action.j
[2020-06-28 09:02:41.161]  70% building 544/544 modules 0 active 69% building 544/545 modules 1 active ...a-auth-js\lib\browser\browserStorage.j
[2020-06-28 09:02:41.169] s  69% building 545/546 modules 1 active ...kta\okta-auth-js\lib\browser\browser.j
[2020-06-28 09:02:41.333] s  69% building 546/547 modules 1 active ...okta\okta-auth-js\fetch\fetchRequest.j
[2020-06-28 09:02:41.383] s  70% building 547/547 modules 0 active 69% building 547/548 modules 1 active ...sm2015\internal\scheduler\AsapAction.j
[2020-06-28 09:02:41.437] s  69% building 548/549 modules 1 active ...015\internal\scheduler\AsapScheduler.j
[2020-06-28 09:02:41.456] s  69% building 549/550 modules 1 active ...m2015\internal\scheduler\QueueAction.j
[2020-06-28 09:02:41.481] s  69% building 550/551 modules 1 active ...15\internal\scheduler\QueueScheduler.j
[2020-06-28 09:02:41.505]  70% building 551/551 modules 0 active 69% building 551/552 modules 1 active ...ernal\scheduler\AnimationFrameAction.j
[2020-06-28 09:02:41.536] s  69% building 552/553 modules 1 active ...al\scheduler\AnimationFrameScheduler.j
[2020-06-28 09:02:41.599] s 70% building 553/553 modules 0 active 69% building 553/554 modules 1 active ...okta\okta-auth-js\lib\storageBuilder.j
[2020-06-28 09:02:41.617] s  69% building 554/555 modules 1 active ...odules\@okta\okta-auth-js\lib\config.j
[2020-06-28 09:02:41.731]  69% building 555/556 modules 1 active ...s\@okta\okta-auth-js\lib\builderUtil.j
[2020-06-28 09:02:41.731] s  69% building 556/557 modules 1 active ..._modules\@okta\okta-auth-js\lib\http.j
[2020-06-28 09:02:41.778] s  69% building 557/558 modules 1 active ...les\@okta\okta-auth-js\lib\oauthUtil.j
[2020-06-28 09:02:41.798] s  69% building 558/559 modules 1 active ...dules\@okta\okta-auth-js\lib\session.j
[2020-06-28 09:02:41.832] s  69% building 559/560 modules 1 active ...de_modules\@okta\okta-auth-js\lib\tx.j
[2020-06-28 09:02:41.870] s  69% building 560/561 modules 1 active ...modules\@okta\okta-auth-js\lib\token.j
[2020-06-28 09:02:41.918] s  69% building 561/562 modules 1 active ...\@okta\okta-auth-js\lib\TokenManager.j
[2020-06-28 09:02:41.995] s  70% building 562/562 modules 0 active 69% building 562/563 modules 1 active ..._modules\@okta\okta-auth-js\lib\util.j
[2020-06-28 09:02:42.051] s  69% building 563/564 modules 1 active ...ta\okta-auth-js\lib\vendor\polyfills.j
[2020-06-28 09:02:42.212] s  69% building 564/565 modules 1 active ...okta-auth-js\lib\errors\AuthSdkError.j
[2020-06-28 09:02:42.284] s  69% building 565/566 modules 1 active ...xjs\_esm2015\internal\util\Immediate.j
[2020-06-28 09:02:42.320]  70% building 566/566 modules 0 active 69% building 566/567 modules 1 active ...auth-js\lib\errors\AuthPollStopError.j
[2020-06-28 09:02:42.329] s 70% building 567/567 modules 0 active 69% building 567/568 modules 1 active ...okta-auth-js\lib\errors\AuthApiError.j
[2020-06-28 09:02:42.347] s  69% building 568/569 modules 1 active ..._modules\@okta\okta-auth-js\lib\pkce.j
[2020-06-28 09:02:42.387] s 70% building 569/569 modules 0 active 69% building 569/570 modules 1 active ...odules\@okta\okta-auth-js\lib\crypto.j
[2020-06-28 09:02:42.421] s  69% building 570/571 modules 1 active ...a\okta-auth-js\lib\errors\OAuthError.j
[2020-06-28 09:02:42.476] s  69% building 571/572 modules 1 active ...ample-master\client\node_modules\q\q.j
[2020-06-28 09:02:42.501] s  69% building 572/573 modules 1 active ...node_modules\js-cookie\src\js.cookie.j
[2020-06-28 09:02:42.568] s  70% building 573/573 modules 0 active 69% building 573/574 modules 1 active ...ient\node_modules\tiny-emitter\index.j
[2020-06-28 09:02:42.644] s  69% building 574/575 modules 1 active ...er\client\node_modules\Base64\base64.j
[2020-06-28 09:02:42.673] s  70% building 575/575 modules 0 active 69% building 575/576 modules 1 active ...es\cross-fetch\dist\browser-ponyfill.j
[2020-06-28 09:02:42.718] s  70% finish module graph FlagDependencyExportsPlugin 70% sealing WarnCaseSensitiveModulesPlugin 70% chunk graph 74% module optimization CircularDependencyPlugin 77% advanced chunk optimization 77% advanced chunk optimization SplitChunksPlugin 82% before module ids NamedModulesPlugin 87% record chunks RecordIdsPlugin 88% hashing 90% chunk assets processing 93% after chunk asset optimization SourceMapDevToolPlugin main.js generate Sour
[2020-06-28 09:02:42.923] ceMap 93% after chunk asset optimization SourceMapDevToolPlugin polyfills.js generate
[2020-06-28 09:02:42.973]  SourceMap 93% after chunk asset optimization SourceMapDevToolPlugin polyfills-es5.js gene
[2020-06-28 09:02:43.007] rate SourceMap       93% after chunk asset optimization SourceMapDevToolPlugin runtime.js generate S
[2020-06-28 09:02:43.075]  93% after chunk asset optimization SourceMapDevToolPlugin styles.js generate So
[2020-06-28 09:02:43.083] urceMap 93% after chunk asset optimization SourceMapDevToolPlugin vendor.js generate So
[2020-06-28 09:02:43.091] urceMap        93% after chunk asset optimization SourceMapDevToolPlugin main.js attach Source
[2020-06-28 09:02:43.916]  93% after chunk asset optimization SourceMapDevToolPlugin polyfills.js attach S
[2020-06-28 09:02:43.917]  93% after chunk asset optimization SourceMapDevToolPlugin polyfills-es5.js atta
[2020-06-28 09:02:43.919] ch SourceMap 93% after chunk asset optimization SourceMapDevToolPlugin runtime.js attach Sou
[2020-06-28 09:02:43.920]  93% after chunk asset optimization SourceMapDevToolPlugin styles.js attach Sour
[2020-06-28 09:02:43.922]  93% after chunk asset optimization SourceMapDevToolPlugin vendor.js attach Sour
[2020-06-28 09:02:43.929] ceMap      95% emitting CopyPlugin 95% emitting index-html-webpack-plugin
[2020-06-28 09:02:44.172] Date: 2020-06-28T00:02:44.148Z
[2020-06-28 09:02:44.172] Hash: b99974c6fbfdb0e15344
[2020-06-28 09:02:44.172] Time: 54678ms
[2020-06-28 09:02:44.174] chunk {main} main.js, main.js.map (main) 127 kB [initial] [rendered]
[2020-06-28 09:02:44.174] chunk {polyfills} polyfills.js, polyfills.js.map (polyfills) 130 kB [initial] [r
[2020-06-28 09:02:44.174] endered]
[2020-06-28 09:02:44.174] chunk {polyfills-es5} polyfills-es5.js, polyfills-es5.js.map (polyfills-es5) 357
[2020-06-28 09:02:44.174]  kB [initial] [rendered]
[2020-06-28 09:02:44.174] chunk {runtime} runtime.js, runtime.js.map (runtime) 6.08 kB [entry] [rendered] 
[2020-06-28 09:02:44.174] chunk {styles} styles.js, styles.js.map (styles) 183 kB [initial] [rendered]    
[2020-06-28 09:02:44.174] chunk {vendor} vendor.js, vendor.js.map (vendor) 4.41 MB [initial] [rendered]   
[2020-06-28 09:02:44.174] ** Angular Live Development Server is listening on localhost:4200, open your bro
[2020-06-28 09:02:44.175] wser on http://localhost:4200/ **
[2020-06-28 09:02:44.230] i ｢wdm｣: Compiled successfully.
[2020-06-28 10:20:03.942] i ｢wdm｣: Compiling...
[2020-06-28 10:20:04.170]   0% compiling 10% building 0/1 modules 1 active ...\client\src\app\app.module.ngfactory.js 54% building 0/1 modules 1 active ...\client\src\app\app.module.ngfactory.js 54% building 2/3 modules 1 active ...ple-master\client\src\app\app.module.ts 54% building 2/10 modules 8 active ...l\form-field\typings\index.ngfactory.js 54% building 3/11 modules 8 active ...rial\toolbar\typings\index.ngfactory.js 54% building 6/11 modules 5 active ...rial\toolbar\typings\index.ngfactory.js 54% building 7/11 modules 4 active ...rial\toolbar\typings\index.ngfactory.js 54% building 8/11 modules 3 active ...rial\toolbar\typings\index.ngfactory.js 54% building 9/11 modules 2 active ...rial\toolbar\typings\index.ngfactory.js 54% building 11/12 modules 1 active ...aterial\core\typings\index.ngfactory.js 70% finish module graph FlagDependencyExportsPlugin 70% chunk graph 74% module optimization CircularDependencyPlugin 77% advanced chunk optimization SplitChunksPlugin        80% advanced chunk modules optimizat 84% module id optimization 84% chunk reviving         88% hashing 90% chunk assets processing 93% after chunk asset optimization SourceMapDevToolPlugin main.js generate Sour
[2020-06-28 10:20:07.033] ceMap 93% after chunk asset optimization SourceMapDevToolPlugin polyfills.js generate
[2020-06-28 10:20:07.084]  93% after chunk asset optimization SourceMapDevToolPlugin polyfills-es5.js gene
[2020-06-28 10:20:07.084]  93% after chunk asset optimization SourceMapDevToolPlugin runtime.js generate S
[2020-06-28 10:20:07.084]  93% after chunk asset optimization SourceMapDevToolPlugin styles.js generate So
[2020-06-28 10:20:07.085]  93% after chunk asset optimization SourceMapDevToolPlugin vendor.js generate So
[2020-06-28 10:20:07.085]  93% after chunk asset optimization SourceMapDevToolPlugin main.js attach Source
[2020-06-28 10:20:07.091]  95% emitting CopyPlugin 95% emitting index-html-webpack-plugin
[2020-06-28 10:20:07.180] Date: 2020-06-28T01:20:07.177Z - Hash: dcc954e784253ac01b1a - Time: 2946ms      
[2020-06-28 10:20:07.183] 5 unchanged chunks
[2020-06-28 10:20:07.183] chunk {main} main.js, main.js.map (main) 126 kB [initial] [rendered]
[2020-06-28 10:20:07.202] i ｢wdm｣: Compiled successfully.
[2020-06-28 10:30:50.403] i ｢wdm｣: Compiling...
[2020-06-28 10:30:50.612]   0% compiling 10% building 0/1 modules 1 active ...\client\src\app\app.module.ngfactory.js 54% building 0/1 modules 1 active ...\client\src\app\app.module.ngfactory.js 54% building 2/6 modules 4 active ...ponents\callback.component.ngfactory.js 54% building 2/11 modules 9 active ...rial\toolbar\typings\index.ngfactory.js 54% building 3/11 modules 8 active ...rial\toolbar\typings\index.ngfactory.js 54% building 4/11 modules 7 active ...rial\toolbar\typings\index.ngfactory.js 54% building 7/11 modules 4 active ...rial\toolbar\typings\index.ngfactory.js 54% building 8/11 modules 3 active ...rial\toolbar\typings\index.ngfactory.js 54% building 9/11 modules 2 active ...rial\toolbar\typings\index.ngfactory.js 64% building 11/11 modules 0 active 57% building 11/14 modules 3 active ...l\form-field\typings\index.ngfactory.js 65% building 13/14 modules 1 active ...l\form-field\typings\index.ngfactory.js 65% building 14/15 modules 1 active ...aterial\core\typings\index.ngfactory.js 70% finish module graph FlagDependencyExportsPlugin 70% chunk graph 77% advanced chunk optimization SplitChunksPlugin        82% before module ids NamedModulesPlugin 86% after chunk id optimization 88% hashing 90% chunk assets processing 93% after chunk asset optimization SourceMapDevToolPlugin main.js generate Sour
[2020-06-28 10:30:51.866] ceMap 93% after chunk asset optimization SourceMapDevToolPlugin polyfills.js generate
[2020-06-28 10:30:51.884]  93% after chunk asset optimization SourceMapDevToolPlugin polyfills-es5.js gene
[2020-06-28 10:30:51.884]  93% after chunk asset optimization SourceMapDevToolPlugin runtime.js generate S
[2020-06-28 10:30:51.884]  93% after chunk asset optimization SourceMapDevToolPlugin styles.js generate So
[2020-06-28 10:30:51.885]  93% after chunk asset optimization SourceMapDevToolPlugin vendor.js generate So
[2020-06-28 10:30:51.885]  93% after chunk asset optimization SourceMapDevToolPlugin main.js attach Source
[2020-06-28 10:30:51.892]  95% emitting CopyPlugin 95% emitting index-html-webpack-plugin
[2020-06-28 10:30:51.989] Date: 2020-06-28T01:30:51.982Z - Hash: 0b1b596a4861609feb76 - Time: 1302ms      
[2020-06-28 10:30:51.990] 5 unchanged chunks
[2020-06-28 10:30:51.990] chunk {main} main.js, main.js.map (main) 126 kB [initial] [rendered]
[2020-06-28 10:30:52.012] i ｢wdm｣: Compiled successfully.
[2020-06-28 11:04:49.434] i ｢wdm｣: Compiling...
[2020-06-28 11:04:49.642]   0% compiling 10% building 0/1 modules 1 active ...\client\src\app\app.module.ngfactory.js 54% building 0/1 modules 1 active ...\client\src\app\app.module.ngfactory.js 54% building 2/2 modules 0 active 54% building 2/3 modules 1 active ...ple-master\client\src\app\app.module.ts 54% building 2/6 modules 4 active ...ponents\callback.component.ngfactory.js 54% building 2/8 modules 6 active ...er\client\src\app\app-routing.module.ts 54% building 3/12 modules 9 active ...rial\toolbar\typings\index.ngfactory.js  54% building 4/12 modules 8 active ...rial\toolbar\typings\index.ngfactory.js 54% building 8/12 modules 4 active ...rial\toolbar\typings\index.ngfactory.js 54% building 9/12 modules 3 active ...rial\toolbar\typings\index.ngfactory.js 54% building 11/12 modules 1 active ...rial\toolbar\typings\index.ngfactory.js 57% building 12/14 modules 2 active ...aterial\core\typings\index.ngfactory.js 62% building 13/14 modules 1 active ...aterial\core\typings\index.ngfactory.js 70% finish module graph FlagDependencyExportsPlugin 72% advanced dependencies optimizat 70% chunk graph 77% advanced chunk optimization SplitChunksPlugin        82% before module ids NamedModulesPlugin 84% module id optimization 88% hashing 90% chunk assets processing 93% after chunk asset optimization SourceMapDevToolPlugin main.js generate Sour
[2020-06-28 11:04:51.727] ceMap 93% after chunk asset optimization SourceMapDevToolPlugin polyfills.js generate
[2020-06-28 11:04:51.757]  93% after chunk asset optimization SourceMapDevToolPlugin polyfills-es5.js gene
[2020-06-28 11:04:51.757]  93% after chunk asset optimization SourceMapDevToolPlugin runtime.js generate S
[2020-06-28 11:04:51.758]  93% after chunk asset optimization SourceMapDevToolPlugin styles.js generate So
[2020-06-28 11:04:51.758]  93% after chunk asset optimization SourceMapDevToolPlugin vendor.js generate So
[2020-06-28 11:04:51.759]  93% after chunk asset optimization SourceMapDevToolPlugin main.js attach Source
[2020-06-28 11:04:51.766]  95% emitting CopyPlugin
[2020-06-28 11:04:51.849] Date: 2020-06-28T02:04:51.845Z - Hash: ea21d6ec9c33b1b0abff - Time: 2151ms      
[2020-06-28 11:04:51.849] 5 unchanged chunks
[2020-06-28 11:04:51.849] chunk {main} main.js, main.js.map (main) 126 kB [initial] [rendered]
[2020-06-28 11:04:51.897] i ｢wdm｣: Compiled successfully.
[2020-06-28 11:09:45.841] i ｢wdm｣: Compiling...
[2020-06-28 11:09:46.050]   0% compiling 10% building 0/1 modules 1 active ...\client\src\app\app.module.ngfactory.js 54% building 0/1 modules 1 active ...\client\src\app\app.module.ngfactory.js 54% building 2/6 modules 4 active ...ponents\callback.component.ngfactory.js 54% building 2/12 modules 10 active ...rial\toolbar\typings\index.ngfactory.js 54% building 4/12 modules 8 active ...rial\toolbar\typings\index.ngfactory.js  54% building 6/12 modules 6 active ...rial\toolbar\typings\index.ngfactory.js 54% building 9/12 modules 3 active ...rial\toolbar\typings\index.ngfactory.js 61% building 12/12 modules 0 active 65% building 13/14 modules 1 active ...aterial\core\typings\index.ngfactory.js 70% finish module graph FlagDependencyExportsPlugin 72% advanced dependencies optimizat 70% chunk graph 74% module optimization CircularDependencyPlugin 81% module reviving RecordIdsPlugin 84% module id optimization 88% hashing 90% chunk assets processing 93% after chunk asset optimization SourceMapDevToolPlugin main.js generate Sour
[2020-06-28 11:09:47.004] ceMap 93% after chunk asset optimization SourceMapDevToolPlugin polyfills.js generate
[2020-06-28 11:09:47.033]  93% after chunk asset optimization SourceMapDevToolPlugin polyfills-es5.js gene
[2020-06-28 11:09:47.033]  93% after chunk asset optimization SourceMapDevToolPlugin runtime.js generate S
[2020-06-28 11:09:47.033]  93% after chunk asset optimization SourceMapDevToolPlugin styles.js generate So
[2020-06-28 11:09:47.034]  93% after chunk asset optimization SourceMapDevToolPlugin vendor.js generate So
[2020-06-28 11:09:47.034]  93% after chunk asset optimization SourceMapDevToolPlugin main.js attach Source
[2020-06-28 11:09:47.041]  95% emitting CopyPlugin
[2020-06-28 11:09:47.170] Date: 2020-06-28T02:09:47.160Z - Hash: 0b1b596a4861609feb76 - Time: 999ms       
[2020-06-28 11:09:47.170] 5 unchanged chunks
[2020-06-28 11:09:47.170] chunk {main} main.js, main.js.map (main) 126 kB [initial] [rendered]
[2020-06-28 11:09:47.224] i ｢wdm｣: Compiled successfully.
[2020-06-28 12:13:03.204] i ｢wdm｣: Compiling...
[2020-06-28 12:13:03.412]   0% compiling 10% building 0/1 modules 1 active ...\client\src\app\app.module.ngfactory.js 54% building 0/1 modules 1 active ...\client\src\app\app.module.ngfactory.js 54% building 2/3 modules 1 active ...ple-master\client\src\app\app.module.ts 54% building 2/8 modules 6 active ...er\client\src\app\app-routing.module.ts 54% building 2/9 modules 7 active ...aterial\list\typings\index.ngfactory.js 54% building 3/12 modules 9 active ...rial\toolbar\typings\index.ngfactory.js  54% building 4/12 modules 8 active ...rial\toolbar\typings\index.ngfactory.js 54% building 8/12 modules 4 active ...rial\toolbar\typings\index.ngfactory.js 54% building 10/12 modules 2 active ...rial\toolbar\typings\index.ngfactory.js 61% building 12/12 modules 0 active 61% building 12/14 modules 2 active ...aterial\core\typings\index.ngfactory.js 70% finish module graph FlagDependencyExportsPlugin 70% chunk graph 74% module optimization CircularDependencyPlugin 77% advanced chunk optimization SplitChunksPlugin        82% before module ids NamedModulesPlugin 86% after chunk id optimization 88% hashing 93% after chunk asset optimization SourceMapDevToolPlugin main.js generate Sour
[2020-06-28 12:13:04.364]  93% after chunk asset optimization SourceMapDevToolPlugin polyfills.js generate
[2020-06-28 12:13:04.364]  93% after chunk asset optimization SourceMapDevToolPlugin polyfills-es5.js gene
[2020-06-28 12:13:04.364]  93% after chunk asset optimization SourceMapDevToolPlugin runtime.js generate S
[2020-06-28 12:13:04.365]  93% after chunk asset optimization SourceMapDevToolPlugin styles.js generate So
[2020-06-28 12:13:04.365] urceMap 93% after chunk asset optimization SourceMapDevToolPlugin vendor.js generate So
[2020-06-28 12:13:04.388] 
[2020-06-28 12:13:04.388] Date: 2020-06-28T03:13:04.386Z - Hash: ab26eb69b2fb6493da4b - Time: 956ms       
[2020-06-28 12:13:04.390] 6 unchanged chunks
[2020-06-28 12:13:04.390] 
[2020-06-28 12:13:04.390] ERROR in src/app/car-edit/car-edit.component.ts(31,1): error TS1127: Invalid cha
[2020-06-28 12:13:04.390] racter.
[2020-06-28 12:13:04.390] src/app/car-edit/car-edit.component.ts(31,2): error TS1127: Invalid character.  
[2020-06-28 12:13:04.396] 
[2020-06-28 12:13:04.399] i ｢wdm｣: Failed to compile.
[2020-06-28 12:13:12.459] i ｢wdm｣: Compiling...
[2020-06-28 12:13:12.667]   0% compiling 10% building 0/0 modules 0 active 10% building 0/1 modules 1 active ...\client\src\app\app.module.ngfactory.js 54% building 0/1 modules 1 active ...\client\src\app\app.module.ngfactory.js 54% building 2/6 modules 4 active ...ponents\callback.component.ngfactory.js 54% building 3/12 modules 9 active ...rial\toolbar\typings\index.ngfactory.js  54% building 4/12 modules 8 active ...rial\toolbar\typings\index.ngfactory.js 54% building 8/12 modules 4 active ...rial\toolbar\typings\index.ngfactory.js 57% building 11/12 modules 1 active ...rial\toolbar\typings\index.ngfactory.js 61% building 12/14 modules 2 active ...aterial\core\typings\index.ngfactory.js 70% finish module graph FlagDependencyExportsPlugin 70% chunk graph 74% module optimization CircularDependencyPlugin 77% advanced chunk optimization SplitChunksPlugin        82% before module ids NamedModulesPlugin 84% module id optimization 88% hashing 90% chunk assets processing 93% after chunk asset optimization SourceMapDevToolPlugin main.js generate Sour
[2020-06-28 12:13:13.483] ceMap 93% after chunk asset optimization SourceMapDevToolPlugin polyfills.js generate
[2020-06-28 12:13:13.520]  93% after chunk asset optimization SourceMapDevToolPlugin polyfills-es5.js gene
[2020-06-28 12:13:13.520]  93% after chunk asset optimization SourceMapDevToolPlugin runtime.js generate S
[2020-06-28 12:13:13.520]  93% after chunk asset optimization SourceMapDevToolPlugin styles.js generate So
[2020-06-28 12:13:13.520]  93% after chunk asset optimization SourceMapDevToolPlugin vendor.js generate So
[2020-06-28 12:13:13.521]  93% after chunk asset optimization SourceMapDevToolPlugin main.js attach Source
[2020-06-28 12:13:13.528]  95% emitting CopyPlugin
[2020-06-28 12:13:13.601] Date: 2020-06-28T03:13:13.599Z - Hash: d7d2a3143a22e33c64e1 - Time: 883ms       
[2020-06-28 12:13:13.603] 5 unchanged chunks
[2020-06-28 12:13:13.603] chunk {main} main.js, main.js.map (main) 126 kB [initial] [rendered]
[2020-06-28 12:13:13.611] i ｢wdm｣: Compiled successfully.
[2020-06-28 12:19:55.288]  93% after chunk asset optimization SourceMapDevToolPlugin vendor.js generate So
[2020-06-28 12:19:55.288] 
[2020-06-28 12:19:55.288] Date: 2020-06-28T03:13:04.386Z - Hash: ab26eb69b2fb6493da4b - Time: 956ms       
[2020-06-28 12:19:55.288] 6 unchanged chunks
[2020-06-28 12:19:55.288] 
[2020-06-28 12:19:55.288] ERROR in src/app/car-edit/car-edit.component.ts(31,1): error TS1127: Invalid cha
[2020-06-28 12:19:55.288] racter.
[2020-06-28 12:19:55.288] src/app/car-edit/car-edit.component.ts(31,2): error TS1127: Invalid character.  
[2020-06-28 12:19:55.288] 
[2020-06-28 12:19:55.288] i ｢wdm｣: Failed to compile.
[2020-06-28 12:19:55.288] i ｢wdm｣: Compiling...
[2020-06-28 12:19:55.288]  93% after chunk asset optimization SourceMapDevToolPlugin main.js generate Sour
[2020-06-28 12:19:55.288]  93% after chunk asset optimization SourceMapDevToolPlugin polyfills.js generate
[2020-06-28 12:19:55.288]  93% after chunk asset optimization SourceMapDevToolPlugin polyfills-es5.js gene
[2020-06-28 12:19:55.288]  93% after chunk asset optimization SourceMapDevToolPlugin runtime.js generate S
[2020-06-28 12:19:55.288]  93% after chunk asset optimization SourceMapDevToolPlugin styles.js generate So
[2020-06-28 12:19:55.288]  93% after chunk asset optimization SourceMapDevToolPlugin vendor.js generate So
[2020-06-28 12:19:55.291]  93% after chunk asset optimization SourceMapDevToolPlugin main.js attach Source
[2020-06-28 12:19:55.291] 
[2020-06-28 12:19:55.291] Date: 2020-06-28T03:13:13.599Z - Hash: d7d2a3143a22e33c64e1 - Time: 883ms       
[2020-06-28 12:19:55.291] 5 unchanged chunks
[2020-06-28 12:19:55.291] chunk {main} main.js, main.js.map (main) 126 kB [initial] [rendered]
[2020-06-28 12:19:55.291] i ｢wdm｣: Compiled successfully.
[2020-06-28 12:19:55.296]  93% after chunk asset optimization SourceMapDevToolPlugin vendor.js generate So
[2020-06-28 12:19:55.296] 
[2020-06-28 12:19:55.296] Date: 2020-06-28T03:13:04.386Z - Hash: ab26eb69b2fb6493da4b - Time: 956ms       
[2020-06-28 12:19:55.296] 6 unchanged chunks
[2020-06-28 12:19:55.296] 
[2020-06-28 12:19:55.296] ERROR in src/app/car-edit/car-edit.component.ts(31,1): error TS1127: Invalid cha
[2020-06-28 12:19:55.296] racter.
[2020-06-28 12:19:55.296] src/app/car-edit/car-edit.component.ts(31,2): error TS1127: Invalid character.  
[2020-06-28 12:19:55.296] 
[2020-06-28 12:19:55.296] i ｢wdm｣: Failed to compile.
[2020-06-28 12:19:55.296] i ｢wdm｣: Compiling...
[2020-06-28 12:19:55.296]  93% after chunk asset optimization SourceMapDevToolPlugin main.js generate Sour
[2020-06-28 12:19:55.296]  93% after chunk asset optimization SourceMapDevToolPlugin polyfills.js generate
[2020-06-28 12:19:55.296]  93% after chunk asset optimization SourceMapDevToolPlugin polyfills-es5.js gene
[2020-06-28 12:19:55.296]  93% after chunk asset optimization SourceMapDevToolPlugin runtime.js generate S
[2020-06-28 12:19:55.296]  93% after chunk asset optimization SourceMapDevToolPlugin styles.js generate So
[2020-06-28 12:19:55.296]  93% after chunk asset optimization SourceMapDevToolPlugin vendor.js generate So
[2020-06-28 12:19:55.300]  93% after chunk asset optimization SourceMapDevToolPlugin main.js attach Source
[2020-06-28 12:19:55.300] 
[2020-06-28 12:19:55.300] Date: 2020-06-28T03:13:13.599Z - Hash: d7d2a3143a22e33c64e1 - Time: 883ms       
[2020-06-28 12:19:55.300] 5 unchanged chunks
[2020-06-28 12:19:55.300] chunk {main} main.js, main.js.map (main) 126 kB [initial] [rendered]
[2020-06-28 12:19:55.300] i ｢wdm｣: Compiled successfully.
[2020-06-28 12:19:55.300] バッチ ジョブを終了しますか (Y/N)?y
[2020-06-28 12:19:57.034] 
[2020-06-28 12:19:57.034] benju@ASUS-PC D:\prj\angular\okta-spring-boot-2-angular-8-example-master\client>
[2020-06-28 12:20:09.151] exit
