
[2020-06-27 15:30:44.884] 
[2020-06-27 15:30:44.884] 
[2020-06-27 15:30:44.884] 
[2020-06-27 15:30:44.884] 
[2020-06-27 15:30:44.884] 
[2020-06-27 15:30:44.884] 
[2020-06-27 15:30:44.884] 
[2020-06-27 15:30:44.884] 
[2020-06-27 15:30:44.884] 
[2020-06-27 15:30:44.884] 
[2020-06-27 15:30:44.884] 
[2020-06-27 15:30:44.884] 
[2020-06-27 15:30:44.884] 
[2020-06-27 15:30:44.884] 
[2020-06-27 15:30:44.884] 
[2020-06-27 15:30:44.884] 
[2020-06-27 15:30:44.884] 
[2020-06-27 15:30:44.884] 
[2020-06-27 15:30:44.884] 
[2020-06-27 15:30:44.884] 
[2020-06-27 15:30:44.884] 
[2020-06-27 15:30:44.884] 
[2020-06-27 15:30:44.884] 
[2020-06-27 15:30:44.891] Microsoft Windows [Version 10.0.18363.900]
[2020-06-27 15:30:44.891] (c) 2019 Microsoft Corporation. All rights reserved.
[2020-06-27 15:30:44.891] 
[2020-06-27 15:30:44.891] benju@ASUS-PC C:\Users\benju>psql -h localhost -p 542 -U dbj -d dbjdb
[2020-06-27 15:31:05.363] Microsoft Windows [Version 10.0.18363.900]
[2020-06-27 15:31:05.363] (c) 2019 Microsoft Corporation. All rights reserved.
[2020-06-27 15:31:05.363] 
[2020-06-27 15:31:05.363] benju@ASUS-PC C:\Users\benju>psql -h localhost -p 542 -U dbj -d dbjdb
[2020-06-27 15:31:05.363] 
[2020-06-27 15:31:05.363] 
[2020-06-27 15:31:05.363] 
[2020-06-27 15:31:05.363] 
[2020-06-27 15:31:05.363] 
[2020-06-27 15:31:05.363] 
[2020-06-27 15:31:05.363] 
[2020-06-27 15:31:05.363] 
[2020-06-27 15:31:05.363] 
[2020-06-27 15:31:05.363] 
[2020-06-27 15:31:05.363] 
[2020-06-27 15:31:05.363] 
[2020-06-27 15:31:05.363] 
[2020-06-27 15:31:05.363] 
[2020-06-27 15:31:05.363] 
[2020-06-27 15:31:05.363] 
[2020-06-27 15:31:05.363] 
[2020-06-27 15:31:05.363] 
[2020-06-27 15:31:05.363] 
[2020-06-27 15:31:05.492] Microsoft Windows [Version 10.0.18363.900]
[2020-06-27 15:31:05.492] (c) 2019 Microsoft Corporation. All rights reserved.
[2020-06-27 15:31:05.492] 
[2020-06-27 15:31:05.492] benju@ASUS-PC C:\Users\benju>psql -h localhost -p 542 -U dbj -d dbjdb
[2020-06-27 15:31:05.492] 
[2020-06-27 15:31:05.492] 
[2020-06-27 15:31:05.492] 
[2020-06-27 15:31:05.492] 
[2020-06-27 15:31:05.492] 
[2020-06-27 15:31:05.492] 
[2020-06-27 15:31:05.492] 
[2020-06-27 15:31:05.492] 
[2020-06-27 15:31:05.492] 
[2020-06-27 15:31:05.492] 
[2020-06-27 15:31:05.492] 
[2020-06-27 15:31:05.492] 
[2020-06-27 15:31:05.492] 
[2020-06-27 15:31:05.492] 
[2020-06-27 15:31:05.492] 
[2020-06-27 15:31:05.492] 
[2020-06-27 15:31:05.492] 
[2020-06-27 15:31:05.492] 
[2020-06-27 15:31:05.492] 
[2020-06-27 15:31:09.691] ppsql: エラー: サーバに接続できませんでした: サーバに接続できませんでした: Connec
[2020-06-27 15:31:09.702] tion refused (0x0000274D/10061)
[2020-06-27 15:31:09.702]         サーバはホスト "localhost" (::1) で稼動しており、
[2020-06-27 15:31:09.702]         また、ポート 542 で TCP/IP 接続を受け付けていますか?
[2020-06-27 15:31:09.702] サーバに接続できませんでした: Connection refused (0x0000274D/10061)
[2020-06-27 15:31:09.702]         サーバはホスト "localhost" (127.0.0.1) で稼動しており、
[2020-06-27 15:31:09.702]         また、ポート 542 で TCP/IP 接続を受け付けていまMicrosoft Windows [Version 10.0.18363.900]
[2020-06-27 15:31:09.714] (c) 2019 Microsoft Corporation. All rights reserved.
[2020-06-27 15:31:09.714] 
[2020-06-27 15:31:09.714] benju@ASUS-PC C:\Users\benju>psql -h localhost -p 542 -U dbj -d dbjdb
[2020-06-27 15:31:09.714] psql: エラー: サーバに接続できませんでした: サーバに接続できませんでした: Connec
[2020-06-27 15:31:09.714] tion refused (0x0000274D/10061)
[2020-06-27 15:31:09.714]         サーバはホスト "localhost" (::1) で稼動しており、
[2020-06-27 15:31:09.714]         また、ポート 542 で TCP/IP 接続を受け付けていますか?
[2020-06-27 15:31:09.714] サーバに接続できませんでした: Connection refused (0x0000274D/10061)
[2020-06-27 15:31:09.714]         サーバはホスト "localhost" (127.0.0.1) で稼動しており、
[2020-06-27 15:31:09.714]         また、ポート 542 で TCP/IP 接続を受け付けていますか?
[2020-06-27 15:31:09.714] 
[2020-06-27 15:31:09.714] benju@ASUS-PC C:\Users\benju>
[2020-06-27 15:31:09.714] 
[2020-06-27 15:31:09.714] 
[2020-06-27 15:31:09.714] 
[2020-06-27 15:31:09.714] 
[2020-06-27 15:31:09.714] 
[2020-06-27 15:31:09.714] 
[2020-06-27 15:31:09.714] 
[2020-06-27 15:31:09.714] 
[2020-06-27 15:31:09.714] 
[2020-06-27 15:31:09.714] 
[2020-06-27 15:31:10.833] psql -h localhost -p 542 -U dbj -d dbjdbpsql -h localhost -p 5432 -U dbj -d dbjdbpsql -h localhost -p 5432 -U dbj -d dbjdb 
[2020-06-27 15:31:14.123] Microsoft Windows [Version 10.0.18363.900]
[2020-06-27 15:31:14.123] (c) 2019 Microsoft Corporation. All rights reserved.
[2020-06-27 15:31:14.123] 
[2020-06-27 15:31:14.123] benju@ASUS-PC C:\Users\benju>psql -h localhost -p 542 -U dbj -d dbjdb
[2020-06-27 15:31:14.123] psql: エラー: サーバに接続できませんでした: サーバに接続できませんでした: Connec
[2020-06-27 15:31:14.123] tion refused (0x0000274D/10061)
[2020-06-27 15:31:14.123]         サーバはホスト "localhost" (::1) で稼動しており、
[2020-06-27 15:31:14.123]         また、ポート 542 で TCP/IP 接続を受け付けていますか?
[2020-06-27 15:31:14.123] サーバに接続できませんでした: Connection refused (0x0000274D/10061)
[2020-06-27 15:31:14.123]         サーバはホスト "localhost" (127.0.0.1) で稼動しており、
[2020-06-27 15:31:14.123]         また、ポート 542 で TCP/IP 接続を受け付けていますか?
[2020-06-27 15:31:14.123] 
[2020-06-27 15:31:14.123] benju@ASUS-PC C:\Users\benju>psql -h localhost -p 5432 -U dbj -d dbjdb
[2020-06-27 15:31:14.123] 
[2020-06-27 15:31:14.123] 
[2020-06-27 15:31:14.123] 
[2020-06-27 15:31:14.123] 
[2020-06-27 15:31:14.123] 
[2020-06-27 15:31:14.123] 
[2020-06-27 15:31:14.123] 
[2020-06-27 15:31:14.123] 
[2020-06-27 15:31:14.124] 
[2020-06-27 15:31:14.124] 
[2020-06-27 15:31:14.132] Microsoft Windows [Version 10.0.18363.900]
[2020-06-27 15:31:14.132] (c) 2019 Microsoft Corporation. All rights reserved.
[2020-06-27 15:31:14.132] 
[2020-06-27 15:31:14.132] benju@ASUS-PC C:\Users\benju>psql -h localhost -p 542 -U dbj -d dbjdb
[2020-06-27 15:31:14.132] psql: エラー: サーバに接続できませんでした: サーバに接続できませんでした: Connec
[2020-06-27 15:31:14.132] tion refused (0x0000274D/10061)
[2020-06-27 15:31:14.132]         サーバはホスト "localhost" (::1) で稼動しており、
[2020-06-27 15:31:14.132]         また、ポート 542 で TCP/IP 接続を受け付けていますか?
[2020-06-27 15:31:14.132] サーバに接続できませんでした: Connection refused (0x0000274D/10061)
[2020-06-27 15:31:14.132]         サーバはホスト "localhost" (127.0.0.1) で稼動しており、
[2020-06-27 15:31:14.132]         また、ポート 542 で TCP/IP 接続を受け付けていますか?
[2020-06-27 15:31:14.132] 
[2020-06-27 15:31:14.132] benju@ASUS-PC C:\Users\benju>psql -h localhost -p 5432 -U dbj -d dbjdb
[2020-06-27 15:31:14.132] 
[2020-06-27 15:31:14.132] 
[2020-06-27 15:31:14.132] 
[2020-06-27 15:31:14.132] 
[2020-06-27 15:31:14.132] 
[2020-06-27 15:31:14.132] 
[2020-06-27 15:31:14.132] 
[2020-06-27 15:31:14.132] 
[2020-06-27 15:31:14.133] 
[2020-06-27 15:31:14.133] 
[2020-06-27 15:31:14.158] ユーザ dbj のパスワード: 
[2020-06-27 15:31:18.380] ppsql (12.3)
[2020-06-27 15:31:18.453] "help"でヘルプを表示します。dbjdb=# \d cites  ies
[2020-06-27 15:31:32.123] Microsoft Windows [Version 10.0.18363.900]
[2020-06-27 15:31:32.123] (c) 2019 Microsoft Corporation. All rights reserved.
[2020-06-27 15:31:32.123] 
[2020-06-27 15:31:32.123] benju@ASUS-PC C:\Users\benju>psql -h localhost -p 542 -U dbj -d dbjdb
[2020-06-27 15:31:32.123] psql: エラー: サーバに接続できませんでした: サーバに接続できませんでした: Connec
[2020-06-27 15:31:32.123] tion refused (0x0000274D/10061)
[2020-06-27 15:31:32.123]         サーバはホスト "localhost" (::1) で稼動しており、
[2020-06-27 15:31:32.123]         また、ポート 542 で TCP/IP 接続を受け付けていますか?
[2020-06-27 15:31:32.123] サーバに接続できませんでした: Connection refused (0x0000274D/10061)
[2020-06-27 15:31:32.123]         サーバはホスト "localhost" (127.0.0.1) で稼動しており、
[2020-06-27 15:31:32.123]         また、ポート 542 で TCP/IP 接続を受け付けていますか?
[2020-06-27 15:31:32.123] 
[2020-06-27 15:31:32.123] benju@ASUS-PC C:\Users\benju>psql -h localhost -p 5432 -U dbj -d dbjdb
[2020-06-27 15:31:32.123] ユーザ dbj のパスワード:
[2020-06-27 15:31:32.123] psql (12.3)
[2020-06-27 15:31:32.123] "help"でヘルプを表示します。
[2020-06-27 15:31:32.125] 
[2020-06-27 15:31:32.125] dbjdb=# \d cities
[2020-06-27 15:31:32.125] 
[2020-06-27 15:31:32.125] 
[2020-06-27 15:31:32.125] 
[2020-06-27 15:31:32.125] 
[2020-06-27 15:31:32.125] 
[2020-06-27 15:31:32.132] Microsoft Windows [Version 10.0.18363.900]
[2020-06-27 15:31:32.132] (c) 2019 Microsoft Corporation. All rights reserved.
[2020-06-27 15:31:32.132] 
[2020-06-27 15:31:32.132] benju@ASUS-PC C:\Users\benju>psql -h localhost -p 542 -U dbj -d dbjdb
[2020-06-27 15:31:32.132] psql: エラー: サーバに接続できませんでした: サーバに接続できませんでした: Connec
[2020-06-27 15:31:32.132] tion refused (0x0000274D/10061)
[2020-06-27 15:31:32.132]         サーバはホスト "localhost" (::1) で稼動しており、
[2020-06-27 15:31:32.132]         また、ポート 542 で TCP/IP 接続を受け付けていますか?
[2020-06-27 15:31:32.132] サーバに接続できませんでした: Connection refused (0x0000274D/10061)
[2020-06-27 15:31:32.132]         サーバはホスト "localhost" (127.0.0.1) で稼動しており、
[2020-06-27 15:31:32.132]         また、ポート 542 で TCP/IP 接続を受け付けていますか?
[2020-06-27 15:31:32.132] 
[2020-06-27 15:31:32.132] benju@ASUS-PC C:\Users\benju>psql -h localhost -p 5432 -U dbj -d dbjdb
[2020-06-27 15:31:32.132] ユーザ dbj のパスワード:
[2020-06-27 15:31:32.132] psql (12.3)
[2020-06-27 15:31:32.132] "help"でヘルプを表示します。
[2020-06-27 15:31:32.133] 
[2020-06-27 15:31:32.133] dbjdb=# \d cities
[2020-06-27 15:31:32.133] 
[2020-06-27 15:31:32.133] 
[2020-06-27 15:31:32.133] 
[2020-06-27 15:31:32.133] 
[2020-06-27 15:31:32.133] 
[2020-06-27 15:31:32.201]                                      テーブル"dbjschema.cities"
[2020-06-27 15:31:32.201]      列     |           型           | 照合順序 | Null 値を許容 |             デ
[2020-06-27 15:31:32.201] フォルト
[2020-06-27 15:31:32.201] ------------+------------------------+----------+---------------+---------------
[2020-06-27 15:31:32.201] ---------------------
[2020-06-27 15:31:32.201]  id         | integer                |          | not null      | nextval('citie
[2020-06-27 15:31:32.201] s_id_seq'::regclass)
[2020-06-27 15:31:32.206]  name       | character varying(255) |          |               |
[2020-06-27 15:31:32.206]  population | integer                |          |               |
[2020-06-27 15:31:32.206] インデックス:
[2020-06-27 15:31:32.206]     "cities_pkey" PRIMARY KEY, btree (id)
[2020-06-27 15:31:32.206] 
[2020-06-27 15:31:32.206] 
[2020-06-27 15:31:32.206] dbjdb=#\q  \d cities         select * from cities;
[2020-06-27 17:02:02.042]         サーバはホスト "localhost" (127.0.0.1) で稼動しており、
[2020-06-27 17:02:02.042]         また、ポート 542 で TCP/IP 接続を受け付けていますか?
[2020-06-27 17:02:02.042] 
[2020-06-27 17:02:02.042] benju@ASUS-PC C:\Users\benju>psql -h localhost -p 5432 -U dbj -d dbjdb
[2020-06-27 17:02:02.042] ユーザ dbj のパスワード:
[2020-06-27 17:02:02.042] psql (12.3)
[2020-06-27 17:02:02.042] "help"でヘルプを表示します。
[2020-06-27 17:02:02.042] 
[2020-06-27 17:02:02.042] dbjdb=# \d cities
[2020-06-27 17:02:02.042]                                      テーブル"dbjschema.cities"
[2020-06-27 17:02:02.042]      列     |           型           | 照合順序 | Null 値を許容 |             デ
[2020-06-27 17:02:02.042] フォルト
[2020-06-27 17:02:02.042] ------------+------------------------+----------+---------------+---------------
[2020-06-27 17:02:02.042] ---------------------
[2020-06-27 17:02:02.042]  id         | integer                |          | not null      | nextval('citie
[2020-06-27 17:02:02.042] s_id_seq'::regclass)
[2020-06-27 17:02:02.043]  name       | character varying(255) |          |               |
[2020-06-27 17:02:02.043]  population | integer                |          |               |
[2020-06-27 17:02:02.044] インデックス:
[2020-06-27 17:02:02.044]     "cities_pkey" PRIMARY KEY, btree (id)
[2020-06-27 17:02:02.044] 
[2020-06-27 17:02:02.044] 
[2020-06-27 17:02:02.044] dbjdb=# select * from cities;
[2020-06-27 17:02:02.051]         サーバはホスト "localhost" (127.0.0.1) で稼動しており、
[2020-06-27 17:02:02.051]         また、ポート 542 で TCP/IP 接続を受け付けていますか?
[2020-06-27 17:02:02.051] 
[2020-06-27 17:02:02.051] benju@ASUS-PC C:\Users\benju>psql -h localhost -p 5432 -U dbj -d dbjdb
[2020-06-27 17:02:02.051] ユーザ dbj のパスワード:
[2020-06-27 17:02:02.051] psql (12.3)
[2020-06-27 17:02:02.051] "help"でヘルプを表示します。
[2020-06-27 17:02:02.051] 
[2020-06-27 17:02:02.051] dbjdb=# \d cities
[2020-06-27 17:02:02.051]                                      テーブル"dbjschema.cities"
[2020-06-27 17:02:02.051]      列     |           型           | 照合順序 | Null 値を許容 |             デ
[2020-06-27 17:02:02.051] フォルト
[2020-06-27 17:02:02.051] ------------+------------------------+----------+---------------+---------------
[2020-06-27 17:02:02.051] ---------------------
[2020-06-27 17:02:02.051]  id         | integer                |          | not null      | nextval('citie
[2020-06-27 17:02:02.051] s_id_seq'::regclass)
[2020-06-27 17:02:02.051]  name       | character varying(255) |          |               |
[2020-06-27 17:02:02.051]  population | integer                |          |               |
[2020-06-27 17:02:02.062] インデックス:
[2020-06-27 17:02:02.063]     "cities_pkey" PRIMARY KEY, btree (id)
[2020-06-27 17:02:02.063] 
[2020-06-27 17:02:02.063] 
[2020-06-27 17:02:02.063] dbjdb=# select * from cities;
[2020-06-27 17:02:02.063]  id |    name     | population
[2020-06-27 17:02:02.063] ----+-------------+------------
[2020-06-27 17:02:02.063]   1 | Bratislava  |     432000
[2020-06-27 17:02:02.063]   2 | Budapest    |    1759000
[2020-06-27 17:02:02.063]   3 | Prague      |    1280000
[2020-06-27 17:02:02.063]   4 | Warsaw      |    1748000
[2020-06-27 17:02:02.063]   5 | Los Angeles |    3971000
[2020-06-27 17:02:02.063]   6 | New York    |    8550000
[2020-06-27 17:02:02.063]   7 | Edinburgh   |     464000
[2020-06-27 17:02:02.063]   8 | Berlin      |    3671000
[2020-06-27 17:02:02.063] (8 行)
[2020-06-27 17:02:02.063] 
[2020-06-27 17:02:02.069] 
[2020-06-27 17:02:02.069] dbjdb=#select city0_.id as id1_0_, city0_.NAME as name2_0_, city0_.POPULATION a
[2020-06-27 20:31:54.947] s populati3_0_ from cities city0_
[2020-06-27 20:31:57.313] dbjdb-# ;
[2020-06-27 20:32:00.394]  name       | character varying(255) |          |               |
[2020-06-27 20:32:00.394]  population | integer                |          |               |
[2020-06-27 20:32:00.394] インデックス:
[2020-06-27 20:32:00.394]     "cities_pkey" PRIMARY KEY, btree (id)
[2020-06-27 20:32:00.394] 
[2020-06-27 20:32:00.394] 
[2020-06-27 20:32:00.394] dbjdb=# select * from cities;
[2020-06-27 20:32:00.394]  id |    name     | population
[2020-06-27 20:32:00.394] ----+-------------+------------
[2020-06-27 20:32:00.394]   1 | Bratislava  |     432000
[2020-06-27 20:32:00.394]   2 | Budapest    |    1759000
[2020-06-27 20:32:00.394]   3 | Prague      |    1280000
[2020-06-27 20:32:00.394]   4 | Warsaw      |    1748000
[2020-06-27 20:32:00.394]   5 | Los Angeles |    3971000
[2020-06-27 20:32:00.394]   6 | New York    |    8550000
[2020-06-27 20:32:00.394]   7 | Edinburgh   |     464000
[2020-06-27 20:32:00.394]   8 | Berlin      |    3671000
[2020-06-27 20:32:00.394] (8 行)
[2020-06-27 20:32:00.394] 
[2020-06-27 20:32:00.394] 
[2020-06-27 20:32:00.394] dbjdb=# select city0_.id as id1_0_, city0_.NAME as name2_0_, city0_.POPULATION a
[2020-06-27 20:32:00.394] s populati3_0_ from cities city0_
[2020-06-27 20:32:00.394] dbjdb-# ;
[2020-06-27 20:32:00.402]  name       | character varying(255) |          |               |
[2020-06-27 20:32:00.402]  population | integer                |          |               |
[2020-06-27 20:32:00.402] インデックス:
[2020-06-27 20:32:00.402]     "cities_pkey" PRIMARY KEY, btree (id)
[2020-06-27 20:32:00.402] 
[2020-06-27 20:32:00.402] 
[2020-06-27 20:32:00.402] dbjdb=# select * from cities;
[2020-06-27 20:32:00.402]  id |    name     | population
[2020-06-27 20:32:00.402] ----+-------------+------------
[2020-06-27 20:32:00.402]   1 | Bratislava  |     432000
[2020-06-27 20:32:00.402]   2 | Budapest    |    1759000
[2020-06-27 20:32:00.402]   3 | Prague      |    1280000
[2020-06-27 20:32:00.402]   4 | Warsaw      |    1748000
[2020-06-27 20:32:00.402]   5 | Los Angeles |    3971000
[2020-06-27 20:32:00.402]   6 | New York    |    8550000
[2020-06-27 20:32:00.402]   7 | Edinburgh   |     464000
[2020-06-27 20:32:00.402]   8 | Berlin      |    3671000
[2020-06-27 20:32:00.402] (8 行)
[2020-06-27 20:32:00.402] 
[2020-06-27 20:32:00.402] 
[2020-06-27 20:32:00.402] dbjdb=# select city0_.id as id1_0_, city0_.NAME as name2_0_, city0_.POPULATION a
[2020-06-27 20:32:00.402] s populati3_0_ from cities city0_
[2020-06-27 20:32:00.402] dbjdb-# ;
[2020-06-27 20:32:00.692]  id1_0_ | name2_0_ | populati3_0_
[2020-06-27 20:32:00.692] --------+----------+--------------
[2020-06-27 20:32:00.695] (0 行)
[2020-06-27 20:32:00.695] 
[2020-06-27 20:32:00.700] 
[2020-06-27 20:32:00.700] dbjdb=#select * from cities;
[2020-06-27 20:32:10.392] dbjdb=# select * from cities;
[2020-06-27 20:32:10.392]  id |    name     | population
[2020-06-27 20:32:10.392] ----+-------------+------------
[2020-06-27 20:32:10.392]   1 | Bratislava  |     432000
[2020-06-27 20:32:10.392]   2 | Budapest    |    1759000
[2020-06-27 20:32:10.392]   3 | Prague      |    1280000
[2020-06-27 20:32:10.392]   4 | Warsaw      |    1748000
[2020-06-27 20:32:10.392]   5 | Los Angeles |    3971000
[2020-06-27 20:32:10.392]   6 | New York    |    8550000
[2020-06-27 20:32:10.392]   7 | Edinburgh   |     464000
[2020-06-27 20:32:10.392]   8 | Berlin      |    3671000
[2020-06-27 20:32:10.392] (8 行)
[2020-06-27 20:32:10.392] 
[2020-06-27 20:32:10.392] 
[2020-06-27 20:32:10.392] dbjdb=# select city0_.id as id1_0_, city0_.NAME as name2_0_, city0_.POPULATION a
[2020-06-27 20:32:10.392] s populati3_0_ from cities city0_
[2020-06-27 20:32:10.392] dbjdb-# ;
[2020-06-27 20:32:10.392]  id1_0_ | name2_0_ | populati3_0_
[2020-06-27 20:32:10.392] --------+----------+--------------
[2020-06-27 20:32:10.392] (0 行)
[2020-06-27 20:32:10.392] 
[2020-06-27 20:32:10.392] 
[2020-06-27 20:32:10.392] dbjdb=# select * from cities;
[2020-06-27 20:32:10.394]  id | name | population
[2020-06-27 20:32:10.397] ----+------+------------
[2020-06-27 20:32:10.397] (0 行)
[2020-06-27 20:32:10.397] 
[2020-06-27 20:32:10.399] 
[2020-06-27 20:32:10.404] dbjdb=# INSERT INTO cities(name, population) VALUES('Bratislava', 432000);
[2020-06-27 20:33:57.301] ERROR:  列"id"内のNULL値はNOT NULL制約違反です
[2020-06-27 20:33:57.304] DETAIL:  失敗した行は(null, Bratislava, 432000)を含みます
[2020-06-27 20:33:57.306] dbjdb=# INSERT INTO cities(name, population) VALUES('Budapest', 1759000);       
[2020-06-27 20:33:57.307] ERROR:  列"id"内のNULL値はNOT NULL制約違反です
[2020-06-27 20:33:57.309] DETAIL:  失敗した行は(null, Budapest, 1759000)を含みます
[2020-06-27 20:33:57.311] dbjdb=# INSERT INTO cities(name, population) VALUES('Prague', 1280000);
[2020-06-27 20:33:57.311] ERROR:  列"id"内のNULL値はNOT NULL制約違反です
[2020-06-27 20:33:57.311] DETAIL:  失敗した行は(null, Prague, 1280000)を含みます
[2020-06-27 20:33:57.315] dbjdb=# INSERT INTO cities(name, population) VALUES('Warsaw', 1748000);
[2020-06-27 20:33:57.315] ERROR:  列"id"内のNULL値はNOT NULL制約違反です
[2020-06-27 20:33:57.318] DETAIL:  失敗した行は(null, Warsaw, 1748000)を含みます
[2020-06-27 20:33:57.318] dbjdb=# INSERT INTO cities(name, population) VALUES('Los Angeles', 3971000);    
[2020-06-27 20:33:57.318] ERROR:  列"id"内のNULL値はNOT NULL制約違反です
[2020-06-27 20:33:57.321] DETAIL:  失敗した行は(null, Los Angeles, 3971000)を含みます
[2020-06-27 20:33:57.321] dbjdb=# INSERT INTO cities(name, population) VALUES('New York', 8550000);       
[2020-06-27 20:33:57.323] ERROR:  列"id"内のNULL値はNOT NULL制約違反です
[2020-06-27 20:33:57.323] DETAIL:  失敗した行は(null, New York, 8550000)を含みます
[2020-06-27 20:33:57.325] dbjdb=# INSERT INTO cities(name, population) VALUES('Edinburgh', 464000);       
[2020-06-27 20:33:57.325] ERROR:  列"id"内のNULL値はNOT NULL制約違反です
[2020-06-27 20:33:57.328] DETAIL:  失敗した行は(null, Edinburgh, 464000)を含みます
[2020-06-27 20:33:57.328] dbjdb=# INSERT INTO cities(name, population) VALUES('Berlin', 3671000);
[2020-06-27 20:33:57.330] ERROR:  列"id"内のNULL値はNOT NULL制約違反です
[2020-06-27 20:33:57.330] DETAIL:  失敗した行は(null, Berlin, 3671000)を含みます
[2020-06-27 20:33:57.330] dbjdb=# \d cities
[2020-06-27 20:34:41.119] DETAIL:  失敗した行は(null, Bratislava, 432000)を含みます
[2020-06-27 20:34:41.119] dbjdb=# INSERT INTO cities(name, population) VALUES('Budapest', 1759000);       
[2020-06-27 20:34:41.119] ERROR:  列"id"内のNULL値はNOT NULL制約違反です
[2020-06-27 20:34:41.119] DETAIL:  失敗した行は(null, Budapest, 1759000)を含みます
[2020-06-27 20:34:41.119] dbjdb=# INSERT INTO cities(name, population) VALUES('Prague', 1280000);
[2020-06-27 20:34:41.119] ERROR:  列"id"内のNULL値はNOT NULL制約違反です
[2020-06-27 20:34:41.119] DETAIL:  失敗した行は(null, Prague, 1280000)を含みます
[2020-06-27 20:34:41.119] dbjdb=# INSERT INTO cities(name, population) VALUES('Warsaw', 1748000);
[2020-06-27 20:34:41.119] ERROR:  列"id"内のNULL値はNOT NULL制約違反です
[2020-06-27 20:34:41.119] DETAIL:  失敗した行は(null, Warsaw, 1748000)を含みます
[2020-06-27 20:34:41.119] dbjdb=# INSERT INTO cities(name, population) VALUES('Los Angeles', 3971000);    
[2020-06-27 20:34:41.119] ERROR:  列"id"内のNULL値はNOT NULL制約違反です
[2020-06-27 20:34:41.119] DETAIL:  失敗した行は(null, Los Angeles, 3971000)を含みます
[2020-06-27 20:34:41.119] dbjdb=# INSERT INTO cities(name, population) VALUES('New York', 8550000);       
[2020-06-27 20:34:41.125] ERROR:  列"id"内のNULL値はNOT NULL制約違反です
[2020-06-27 20:34:41.125] DETAIL:  失敗した行は(null, New York, 8550000)を含みます
[2020-06-27 20:34:41.125] dbjdb=# INSERT INTO cities(name, population) VALUES('Edinburgh', 464000);       
[2020-06-27 20:34:41.125] ERROR:  列"id"内のNULL値はNOT NULL制約違反です
[2020-06-27 20:34:41.125] DETAIL:  失敗した行は(null, Edinburgh, 464000)を含みます
[2020-06-27 20:34:41.125] dbjdb=# INSERT INTO cities(name, population) VALUES('Berlin', 3671000);
[2020-06-27 20:34:41.125] ERROR:  列"id"内のNULL値はNOT NULL制約違反です
[2020-06-27 20:34:41.125] DETAIL:  失敗した行は(null, Berlin, 3671000)を含みます
[2020-06-27 20:34:41.125] dbjdb=# \d cities
[2020-06-27 20:34:41.125]                            テーブル"public.cities"
[2020-06-27 20:34:41.125]      列     |           型           | 照合順序 | Null 値を許容 | デフォルト    
[2020-06-27 20:34:41.125] ------------+------------------------+----------+---------------+------------   
[2020-06-27 20:34:41.125]  id         | bigint                 |          | not null      |
[2020-06-27 20:34:41.135]  name       | character varying(255) |          |               |
[2020-06-27 20:34:41.135]  population | integer                |          |               |
[2020-06-27 20:34:41.135] インデックス:
[2020-06-27 20:34:41.135]     "cities_pkey" PRIMARY KEY, btree (id)
[2020-06-27 20:34:41.135] 
[2020-06-27 20:34:41.135] 
[2020-06-27 20:34:41.135] dbjdb=#DROP TABLE IF EXISTS dbjschema.cities;
[2020-06-27 20:35:51.914] DROP TABLE
[2020-06-27 20:35:51.923] dbjdb=#CREATE TABLE dbjschema.cities(id serial PRIMARY KEY, name VARCHAR(255), 
[2020-06-27 20:36:02.952] population integer) TABLESPACE tbsp_dbj;
[2020-06-27 20:36:04.085] CREATE TABLE
[2020-06-27 20:36:04.095] dbjdb=#\d dbjschema.cities
[2020-06-27 20:36:14.804] dbjdb=# INSERT INTO cities(name, population) VALUES('Edinburgh', 464000);       
[2020-06-27 20:36:14.804] ERROR:  列"id"内のNULL値はNOT NULL制約違反です
[2020-06-27 20:36:14.804] DETAIL:  失敗した行は(null, Edinburgh, 464000)を含みます
[2020-06-27 20:36:14.804] dbjdb=# INSERT INTO cities(name, population) VALUES('Berlin', 3671000);
[2020-06-27 20:36:14.804] ERROR:  列"id"内のNULL値はNOT NULL制約違反です
[2020-06-27 20:36:14.804] DETAIL:  失敗した行は(null, Berlin, 3671000)を含みます
[2020-06-27 20:36:14.804] dbjdb=# \d cities
[2020-06-27 20:36:14.804]                            テーブル"public.cities"
[2020-06-27 20:36:14.804]      列     |           型           | 照合順序 | Null 値を許容 | デフォルト    
[2020-06-27 20:36:14.804] ------------+------------------------+----------+---------------+------------   
[2020-06-27 20:36:14.804]  id         | bigint                 |          | not null      |
[2020-06-27 20:36:14.804]  name       | character varying(255) |          |               |
[2020-06-27 20:36:14.804]  population | integer                |          |               |
[2020-06-27 20:36:14.804] インデックス:
[2020-06-27 20:36:14.804]     "cities_pkey" PRIMARY KEY, btree (id)
[2020-06-27 20:36:14.810] 
[2020-06-27 20:36:14.810] 
[2020-06-27 20:36:14.810] dbjdb=# DROP TABLE IF EXISTS dbjschema.cities;
[2020-06-27 20:36:14.810] DROP TABLE
[2020-06-27 20:36:14.810] dbjdb=# CREATE TABLE dbjschema.cities(id serial PRIMARY KEY, name VARCHAR(255), 
[2020-06-27 20:36:14.810] population integer) TABLESPACE tbsp_dbj;
[2020-06-27 20:36:14.810] CREATE TABLE
[2020-06-27 20:36:14.810] dbjdb=# \d dbjschema.cities
[2020-06-27 20:36:14.810]                                      テーブル"dbjschema.cities"
[2020-06-27 20:36:14.810]      列     |           型           | 照合順序 | Null 値を許容 |             デ
[2020-06-27 20:36:14.810] フォルト
[2020-06-27 20:36:14.810] ------------+------------------------+----------+---------------+---------------
[2020-06-27 20:36:14.810] ---------------------
[2020-06-27 20:36:14.810]  id         | integer                |          | not null      | nextval('citie
[2020-06-27 20:36:14.810] s_id_seq'::regclass)
[2020-06-27 20:36:14.810]  name       | character varying(255) |          |               |
[2020-06-27 20:36:14.810]  population | integer                |          |               |
[2020-06-27 20:36:14.815] インデックス:
[2020-06-27 20:36:14.815]     "cities_pkey" PRIMARY KEY, btree (id)
[2020-06-27 20:36:14.815] 
[2020-06-27 20:36:14.815] 
[2020-06-27 20:36:14.815] dbjdb=#INSERT INTO cities(name, population) VALUES('Bratislava', 432000);
[2020-06-27 20:36:27.548] ERROR:  列"id"内のNULL値はNOT NULL制約違反です
[2020-06-27 20:36:27.549] DETAIL:  失敗した行は(null, Bratislava, 432000)を含みます
[2020-06-27 20:36:27.555] dbjdb=#INSERT INTO cities(name, population) VALUES('Budapest', 1759000);
[2020-06-27 20:36:27.565] ERROR:  列"id"内のNULL値はNOT NULL制約違反です
[2020-06-27 20:36:27.566] DETAIL:  失敗した行は(null, Budapest, 1759000)を含みます
[2020-06-27 20:36:27.573] dbjdb=#INSERT INTO cities(name, population) VALUES('Prague', 1280000);
[2020-06-27 20:36:27.587] ERROR:  列"id"内のNULL値はNOT NULL制約違反です
[2020-06-27 20:36:27.588] DETAIL:  失敗した行は(null, Prague, 1280000)を含みます
[2020-06-27 20:36:27.593] dbjdb=# INSERT INTO cities(name, population) VALUES('Warsaw', 1748000);
[2020-06-27 20:36:27.595] ERROR:列"id"内のNULL値はNOT NULL制約違反です
[2020-06-27 20:36:27.597] DETAIL:  失敗した行は(null, Warsaw, 1748000)を含みます
[2020-06-27 20:36:27.603] dbjdb=#INSERT INTO cities(name, population) VALUES('Los Angeles', 3971000);
[2020-06-27 20:36:27.616] ERROR:  列"id"内のNULL値はNOT NULL制約違反です
[2020-06-27 20:36:27.617] DETAIL:  失敗した行は(null, Los Angeles, 3971000)を含みます
[2020-06-27 20:36:27.622] dbjdb=#INSERT INTO cities(name, population) VALUES('New York', 8550000);
[2020-06-27 20:36:27.627] ERROR:  列"id"内のNULL値はNOT NULL制約違反です
[2020-06-27 20:36:27.630] DETAIL:  失敗した行は(null, New York, 8550000)を含みます
[2020-06-27 20:36:27.632] dbjdb=#INSERT INTO cities(name, population) VALUES('Edinburgh', 464000);
[2020-06-27 20:36:27.647] ERROR:  列"id"内のNULL値はNOT NULL制約違反です
[2020-06-27 20:36:27.648] DETAIL:  失敗した行は(null, Edinburgh, 464000)を含みます
[2020-06-27 20:36:27.654] dbjdb=#INSERT INTO cities(name, population) VALUES('Berlin', 3671000);
[2020-06-27 20:36:27.657] ERROR:  列"id"内のNULL値はNOT NULL制約違反です
[2020-06-27 20:36:27.659] DETAIL:  失敗した行は(null, Berlin, 3671000)を含みます
[2020-06-27 20:36:27.663] dbjdb=#INSERT INTO cities(id, name, population) VALUES(1, 'Bratislava', 432000)
[2020-06-27 20:37:14.687] ;
[2020-06-27 20:37:14.713] INSERT 0 1
[2020-06-27 20:37:14.715] dbjdb=# INSERT INTO cities(id, name, population) VALUES(2, 'Budapest', 1759000);
[2020-06-27 20:37:14.717] 
[2020-06-27 20:37:14.717] INSERT 0 1
[2020-06-27 20:37:14.720] dbjdb=# INSERT INTO cities(id, name, population) VALUES(3, 'Prague', 1280000);  
[2020-06-27 20:37:14.722] INSERT 0 1
[2020-06-27 20:37:14.723] dbjdb=#INSERT INTO cities(id, name, population) VALUES(4, 'Warsaw', 1748000);
[2020-06-27 20:37:14.741] INSERT 0 1
[2020-06-27 20:37:14.748] dbjdb=#INSERT INTO cities(id, name, population) VALUES(5, 'Los Angeles', 397100
[2020-06-27 20:37:14.752] 0);
[2020-06-27 20:37:14.754] INSERT 0 1
[2020-06-27 20:37:14.757] dbjdb=#INSERT INTO cities(id, name, population) VALUES(6, 'New York', 8550000);
[2020-06-27 20:37:14.771] 
[2020-06-27 20:37:14.772] INSERT 0 1
[2020-06-27 20:37:14.778] dbjdb=#INSERT INTO cities(id, name, population) VALUES(7, 'Edinburgh', 464000);
[2020-06-27 20:37:14.782] 
[2020-06-27 20:37:14.782] INSERT 0 1
[2020-06-27 20:37:14.787] dbjdb=#INSERT INTO cities(id, name, population) VALUES(8, 'Berlin', 3671000);
[2020-06-27 20:37:14.796] INSERT 0 1
[2020-06-27 20:37:14.805] dbjdb=#
[2020-06-27 20:37:15.531] dbjdb=# /INSERT INTO cities(id, name, population) VALUES(8, 'Berlin', 3671000);INSERT INTO cities(id, name, population) VALUES(7, 'Edinburgh', 464000);
[2020-06-27 20:42:51.036] dbjdb=# INSERT INTO cities(id, name, population) VALUES(6, 'New York', 8550000);
[2020-06-27 20:42:51.320] dbjdb=# INSERT INTO cities(id, name, population) VALUES(5, 'Los Angeles', 397100
[2020-06-27 20:42:51.320] 0);dbjdb=# INSERT INTO cities(id, name, population) VALUES(4, 'Warsaw', 1748000);  
[2020-06-27 20:42:51.714] INSERT INTO cities(id, name, population) VALUES(3, 'Prague', 1280000); INSERT INTO cities(id, name, population) VALUES(2, 'Budapest', 1759000);
[2020-06-27 20:42:52.036] dbjdb=# INSERT INTO cities(id, name, population) VALUES(1, 'Bratislava', 432000)
[2020-06-27 20:42:52.036] ;dbjdb=# INSERT INTO cities(name, population) VALUES('Berlin', 3671000);
[2020-06-27 20:42:52.362] INSERT INTO cities(name, population) VALUES('Edinburgh', 464000);INSERT INTO cities(name, population) VALUES('New York', 8550000); INSERT INTO cities(name, population) VALUES('Los Angeles', 3971000);INSERT INTO cities(name, population) VALUES('Warsaw', 1748000);      INSERT INTO cities(name, population) VALUES('Prague', 1280000); INSERT INTO cities(name, population) VALUES('Budapest', 1759000);INSERT INTO cities(name, population) VALUES('Bratislava', 432000);\d dbjschema.citiesdbjdb=# CREATE TABLE dbjschema.cities(id serial PRIMARY KEY, name VARCHAR(255), 
[2020-06-27 20:42:54.989] population integer) TABLESPACE tbsp_dbj;dbjdb=# DROP TABLE IF EXISTS dbjschema.cities;
[2020-06-27 20:42:56.960] \d cities
[2020-06-27 20:42:57.864] dbjdb=# INSERT INTO cities(id, name, population) VALUES(1, 'Bratislava', 432000)
[2020-06-27 20:42:57.864] ;
[2020-06-27 20:42:57.864] INSERT 0 1
[2020-06-27 20:42:57.864] dbjdb=# INSERT INTO cities(id, name, population) VALUES(2, 'Budapest', 1759000);
[2020-06-27 20:42:57.864] 
[2020-06-27 20:42:57.864] INSERT 0 1
[2020-06-27 20:42:57.864] dbjdb=# INSERT INTO cities(id, name, population) VALUES(3, 'Prague', 1280000);  
[2020-06-27 20:42:57.864] INSERT 0 1
[2020-06-27 20:42:57.864] dbjdb=# INSERT INTO cities(id, name, population) VALUES(4, 'Warsaw', 1748000);  
[2020-06-27 20:42:57.864] INSERT 0 1
[2020-06-27 20:42:57.864] dbjdb=# INSERT INTO cities(id, name, population) VALUES(5, 'Los Angeles', 397100
[2020-06-27 20:42:57.864] 0);
[2020-06-27 20:42:57.864] INSERT 0 1
[2020-06-27 20:42:57.864] dbjdb=# INSERT INTO cities(id, name, population) VALUES(6, 'New York', 8550000);
[2020-06-27 20:42:57.864] 
[2020-06-27 20:42:57.864] INSERT 0 1
[2020-06-27 20:42:57.864] dbjdb=# INSERT INTO cities(id, name, population) VALUES(7, 'Edinburgh', 464000);
[2020-06-27 20:42:57.864] 
[2020-06-27 20:42:57.864] INSERT 0 1
[2020-06-27 20:42:57.864] dbjdb=# INSERT INTO cities(id, name, population) VALUES(8, 'Berlin', 3671000);  
[2020-06-27 20:42:57.864] INSERT 0 1
[2020-06-27 20:42:57.864] dbjdb=#
[2020-06-27 20:42:57.864] dbjdb=# \d cities
[2020-06-27 20:42:57.869]                            テーブル"public.cities"
[2020-06-27 20:42:57.869]      列     |           型           | 照合順序 | Null 値を許容 | デフォルト    
[2020-06-27 20:42:57.869] ------------+------------------------+----------+---------------+------------   
[2020-06-27 20:42:57.869]  id         | bigint                 |          | not null      |
[2020-06-27 20:42:57.869]  name       | character varying(255) |          |               |
[2020-06-27 20:42:57.869]  population | integer                |          |               |
[2020-06-27 20:42:57.869] インデックス:
[2020-06-27 20:42:57.869]     "cities_pkey" PRIMARY KEY, btree (id)
[2020-06-27 20:42:57.869] 
[2020-06-27 20:42:57.873] 
[2020-06-27 20:42:57.873] dbjdb=#select * from cities;
[2020-06-27 20:43:10.719] 0);
[2020-06-27 20:43:10.719] INSERT 0 1
[2020-06-27 20:43:10.719] dbjdb=# INSERT INTO cities(id, name, population) VALUES(6, 'New York', 8550000);
[2020-06-27 20:43:10.719] 
[2020-06-27 20:43:10.719] INSERT 0 1
[2020-06-27 20:43:10.719] dbjdb=# INSERT INTO cities(id, name, population) VALUES(7, 'Edinburgh', 464000);
[2020-06-27 20:43:10.719] 
[2020-06-27 20:43:10.719] INSERT 0 1
[2020-06-27 20:43:10.719] dbjdb=# INSERT INTO cities(id, name, population) VALUES(8, 'Berlin', 3671000);  
[2020-06-27 20:43:10.719] INSERT 0 1
[2020-06-27 20:43:10.719] dbjdb=#
[2020-06-27 20:43:10.719] dbjdb=# \d cities
[2020-06-27 20:43:10.719]                            テーブル"public.cities"
[2020-06-27 20:43:10.719]      列     |           型           | 照合順序 | Null 値を許容 | デフォルト    
[2020-06-27 20:43:10.719] ------------+------------------------+----------+---------------+------------   
[2020-06-27 20:43:10.719]  id         | bigint                 |          | not null      |
[2020-06-27 20:43:10.719]  name       | character varying(255) |          |               |
[2020-06-27 20:43:10.719]  population | integer                |          |               |
[2020-06-27 20:43:10.719] インデックス:
[2020-06-27 20:43:10.719]     "cities_pkey" PRIMARY KEY, btree (id)
[2020-06-27 20:43:10.719] 
[2020-06-27 20:43:10.719] 
[2020-06-27 20:43:10.719] dbjdb=# select * from cities;
[2020-06-27 20:43:10.722]  id |    name     | population
[2020-06-27 20:43:10.727] ----+-------------+------------
[2020-06-27 20:43:10.727]   1 | Bratislava  |     432000
[2020-06-27 20:43:10.727]   2 | Budapest    |    1759000
[2020-06-27 20:43:10.727]   3 | Prague      |    1280000
[2020-06-27 20:43:10.727]   4 | Warsaw      |    1748000
[2020-06-27 20:43:10.727]   5 | Los Angeles |    3971000
[2020-06-27 20:43:10.727]   6 | New York    |    8550000
[2020-06-27 20:43:10.731]   7 | Edinburgh   |     464000
[2020-06-27 20:43:10.731]   8 | Berlin      |    3671000
[2020-06-27 20:43:10.731] (8 行)
[2020-06-27 20:43:10.731] 
[2020-06-27 20:43:10.731] 
[2020-06-27 20:43:10.733] dbjdb=# select * from cities;
[2020-06-27 20:44:48.430] ------------+------------------------+----------+---------------+------------   
[2020-06-27 20:44:48.430]  id         | bigint                 |          | not null      |
[2020-06-27 20:44:48.430]  name       | character varying(255) |          |               |
[2020-06-27 20:44:48.430]  population | integer                |          |               |
[2020-06-27 20:44:48.430] インデックス:
[2020-06-27 20:44:48.430]     "cities_pkey" PRIMARY KEY, btree (id)
[2020-06-27 20:44:48.430] 
[2020-06-27 20:44:48.430] 
[2020-06-27 20:44:48.430] dbjdb=# select * from cities;
[2020-06-27 20:44:48.430]  id |    name     | population
[2020-06-27 20:44:48.430] ----+-------------+------------
[2020-06-27 20:44:48.430]   1 | Bratislava  |     432000
[2020-06-27 20:44:48.430]   2 | Budapest    |    1759000
[2020-06-27 20:44:48.430]   3 | Prague      |    1280000
[2020-06-27 20:44:48.430]   4 | Warsaw      |    1748000
[2020-06-27 20:44:48.430]   5 | Los Angeles |    3971000
[2020-06-27 20:44:48.430]   6 | New York    |    8550000
[2020-06-27 20:44:48.430]   7 | Edinburgh   |     464000
[2020-06-27 20:44:48.430]   8 | Berlin      |    3671000
[2020-06-27 20:44:48.430] (8 行)
[2020-06-27 20:44:48.430] 
[2020-06-27 20:44:48.430] 
[2020-06-27 20:44:48.430] dbjdb=# select * from cities;
[2020-06-27 20:44:48.438] ------------+------------------------+----------+---------------+------------   
[2020-06-27 20:44:48.438]  id         | bigint                 |          | not null      |
[2020-06-27 20:44:48.438]  name       | character varying(255) |          |               |
[2020-06-27 20:44:48.438]  population | integer                |          |               |
[2020-06-27 20:44:48.438] インデックス:
[2020-06-27 20:44:48.438]     "cities_pkey" PRIMARY KEY, btree (id)
[2020-06-27 20:44:48.438] 
[2020-06-27 20:44:48.438] 
[2020-06-27 20:44:48.438] dbjdb=# select * from cities;
[2020-06-27 20:44:48.438]  id |    name     | population
[2020-06-27 20:44:48.438] ----+-------------+------------
[2020-06-27 20:44:48.438]   1 | Bratislava  |     432000
[2020-06-27 20:44:48.438]   2 | Budapest    |    1759000
[2020-06-27 20:44:48.438]   3 | Prague      |    1280000
[2020-06-27 20:44:48.438]   4 | Warsaw      |    1748000
[2020-06-27 20:44:48.438]   5 | Los Angeles |    3971000
[2020-06-27 20:44:48.438]   6 | New York    |    8550000
[2020-06-27 20:44:48.438]   7 | Edinburgh   |     464000
[2020-06-27 20:44:48.438]   8 | Berlin      |    3671000
[2020-06-27 20:44:48.438] (8 行)
[2020-06-27 20:44:48.438] 
[2020-06-27 20:44:48.438] 
[2020-06-27 20:44:48.438] dbjdb=# select * from cities;
[2020-06-27 20:44:48.447]  id |    name     | population
[2020-06-27 20:44:48.447] ----+-------------+------------
[2020-06-27 20:44:48.447]   1 | Bratislava  |     432000
[2020-06-27 20:44:48.447]   2 | Budapest    |    1759000
[2020-06-27 20:44:48.447]   3 | Prague      |    1280000
[2020-06-27 20:44:48.447]   4 | Warsaw      |    1748000
[2020-06-27 20:44:48.447]   5 | Los Angeles |    3971000
[2020-06-27 20:44:48.447]   6 | New York    |    8550000
[2020-06-27 20:44:48.447]   7 | Edinburgh   |     464000
[2020-06-27 20:44:48.447]   8 | Berlin      |    3671000
[2020-06-27 20:44:48.447]   9 | 北京        |   10000000
[2020-06-27 20:44:48.447] (9 行)
[2020-06-27 20:44:48.447] 
[2020-06-27 20:44:48.450] 
[2020-06-27 20:44:48.450] dbjdb=#select * from cities;\d cities
[2020-06-27 20:44:51.386]   5 | Los Angeles |    3971000
[2020-06-27 20:44:51.386]   6 | New York    |    8550000
[2020-06-27 20:44:51.386]   7 | Edinburgh   |     464000
[2020-06-27 20:44:51.386]   8 | Berlin      |    3671000
[2020-06-27 20:44:51.386] (8 行)
[2020-06-27 20:44:51.386] 
[2020-06-27 20:44:51.386] 
[2020-06-27 20:44:51.386] dbjdb=# select * from cities;
[2020-06-27 20:44:51.386]  id |    name     | population
[2020-06-27 20:44:51.386] ----+-------------+------------
[2020-06-27 20:44:51.386]   1 | Bratislava  |     432000
[2020-06-27 20:44:51.386]   2 | Budapest    |    1759000
[2020-06-27 20:44:51.386]   3 | Prague      |    1280000
[2020-06-27 20:44:51.386]   4 | Warsaw      |    1748000
[2020-06-27 20:44:51.386]   5 | Los Angeles |    3971000
[2020-06-27 20:44:51.386]   6 | New York    |    8550000
[2020-06-27 20:44:51.386]   7 | Edinburgh   |     464000
[2020-06-27 20:44:51.386]   8 | Berlin      |    3671000
[2020-06-27 20:44:51.386]   9 | 北京        |   10000000
[2020-06-27 20:44:51.386] (9 行)
[2020-06-27 20:44:51.386] 
[2020-06-27 20:44:51.386] 
[2020-06-27 20:44:51.386] dbjdb=# \d cities
[2020-06-27 20:44:51.391]                            テーブル"public.cities"
[2020-06-27 20:44:51.391]      列     |           型           | 照合順序 | Null 値を許容 | デフォルト    
[2020-06-27 20:44:51.391] ------------+------------------------+----------+---------------+------------   
[2020-06-27 20:44:51.391]  id         | bigint                 |          | not null      |
[2020-06-27 20:44:51.391]  name       | character varying(255) |          |               |
[2020-06-27 20:44:51.391]  population | integer                |          |               |
[2020-06-27 20:44:51.391] インデックス:
[2020-06-27 20:44:51.391]     "cities_pkey" PRIMARY KEY, btree (id)
[2020-06-27 20:44:51.391] 
[2020-06-27 20:44:51.394] 
[2020-06-27 20:44:51.394] dbjdb=#\d citiesINSERT INTO cities(id, name, population) VALUES(8, 'Berlin', 3671000);INSERT INTO cities(id, name, population) VALUES(7, 'Edinburgh', 464000);
[2020-06-27 20:46:44.460] dbjdb=# INSERT INTO cities(id, name, population) VALUES(8, 'Berlin', 3671000);  
[2020-06-27 20:46:44.671] \d citiesselect * from cities;
[2020-06-27 20:46:45.669]   2 | Budapest    |    1759000
[2020-06-27 20:46:45.669]   3 | Prague      |    1280000
[2020-06-27 20:46:45.669]   4 | Warsaw      |    1748000
[2020-06-27 20:46:45.669]   5 | Los Angeles |    3971000
[2020-06-27 20:46:45.669]   6 | New York    |    8550000
[2020-06-27 20:46:45.669]   7 | Edinburgh   |     464000
[2020-06-27 20:46:45.669]   8 | Berlin      |    3671000
[2020-06-27 20:46:45.669]   9 | 北京        |   10000000
[2020-06-27 20:46:45.669] (9 行)
[2020-06-27 20:46:45.669] 
[2020-06-27 20:46:45.669] 
[2020-06-27 20:46:45.669] dbjdb=# \d cities
[2020-06-27 20:46:45.669]                            テーブル"public.cities"
[2020-06-27 20:46:45.669]      列     |           型           | 照合順序 | Null 値を許容 | デフォルト    
[2020-06-27 20:46:45.669] ------------+------------------------+----------+---------------+------------   
[2020-06-27 20:46:45.669]  id         | bigint                 |          | not null      |
[2020-06-27 20:46:45.669]  name       | character varying(255) |          |               |
[2020-06-27 20:46:45.669]  population | integer                |          |               |
[2020-06-27 20:46:45.669] インデックス:
[2020-06-27 20:46:45.669]     "cities_pkey" PRIMARY KEY, btree (id)
[2020-06-27 20:46:45.669] 
[2020-06-27 20:46:45.669] 
[2020-06-27 20:46:45.669] dbjdb=# select * from cities;
[2020-06-27 20:46:45.671]  id |    name     | population
[2020-06-27 20:46:45.676] ----+-------------+------------
[2020-06-27 20:46:45.676]   1 | Bratislava  |     432000
[2020-06-27 20:46:45.676]   2 | Budapest    |    1759000
[2020-06-27 20:46:45.676]   3 | Prague      |    1280000
[2020-06-27 20:46:45.676]   4 | Warsaw      |    1748000
[2020-06-27 20:46:45.676]   5 | Los Angeles |    3971000
[2020-06-27 20:46:45.676]   6 | New York    |    8550000
[2020-06-27 20:46:45.676]   7 | Edinburgh   |     464000
[2020-06-27 20:46:45.680]   8 | Berlin      |    3671000
[2020-06-27 20:46:45.680]  10 | 北京        |   10000000
[2020-06-27 20:46:45.680] (9 行)
[2020-06-27 20:46:45.680] 
[2020-06-27 20:46:45.680] 
[2020-06-27 20:46:45.682] dbjdb=# \q
[2020-06-27 20:57:43.977]  id         | bigint                 |          | not null      |
[2020-06-27 20:57:43.977]  name       | character varying(255) |          |               |
[2020-06-27 20:57:43.977]  population | integer                |          |               |
[2020-06-27 20:57:43.977] インデックス:
[2020-06-27 20:57:43.977]     "cities_pkey" PRIMARY KEY, btree (id)
[2020-06-27 20:57:43.977] 
[2020-06-27 20:57:43.977] 
[2020-06-27 20:57:43.977] dbjdb=# select * from cities;
[2020-06-27 20:57:43.977]  id |    name     | population
[2020-06-27 20:57:43.978] ----+-------------+------------
[2020-06-27 20:57:43.978]   1 | Bratislava  |     432000
[2020-06-27 20:57:43.978]   2 | Budapest    |    1759000
[2020-06-27 20:57:43.978]   3 | Prague      |    1280000
[2020-06-27 20:57:43.978]   4 | Warsaw      |    1748000
[2020-06-27 20:57:43.978]   5 | Los Angeles |    3971000
[2020-06-27 20:57:43.978]   6 | New York    |    8550000
[2020-06-27 20:57:43.978]   7 | Edinburgh   |     464000
[2020-06-27 20:57:43.978]   8 | Berlin      |    3671000
[2020-06-27 20:57:43.978]  10 | 北京        |   10000000
[2020-06-27 20:57:43.978] (9 行)
[2020-06-27 20:57:43.978] 
[2020-06-27 20:57:43.978] 
[2020-06-27 20:57:43.978] dbjdb=# \q
[2020-06-27 20:57:43.981] 
[2020-06-27 20:57:43.981] benju@ASUS-PC C:\Users\benju>exit[ 
