
[2020-06-27 08:04:00.805] 
[2020-06-27 08:04:00.805] 
[2020-06-27 08:04:00.805] 
[2020-06-27 08:04:00.805] 
[2020-06-27 08:04:00.805] 
[2020-06-27 08:04:00.805] 
[2020-06-27 08:04:00.805] 
[2020-06-27 08:04:00.805] 
[2020-06-27 08:04:00.805] 
[2020-06-27 08:04:00.805] 
[2020-06-27 08:04:00.805] 
[2020-06-27 08:04:00.805] 
[2020-06-27 08:04:00.805] 
[2020-06-27 08:04:00.805] 
[2020-06-27 08:04:00.805] 
[2020-06-27 08:04:00.805] 
[2020-06-27 08:04:00.805] 
[2020-06-27 08:04:00.805] 
[2020-06-27 08:04:00.805] 
[2020-06-27 08:04:00.805] 
[2020-06-27 08:04:00.805] 
[2020-06-27 08:04:00.805] 
[2020-06-27 08:04:00.805] 
[2020-06-27 08:04:00.813] Microsoft Windows [Version 10.0.18363.900]
[2020-06-27 08:04:00.813] (c) 2019 Microsoft Corporation. All rights reserved.
[2020-06-27 08:04:00.813] 
[2020-06-27 08:04:00.813] benju@ASUS-PC C:\Users\benju>cd /prj/postgresql
[2020-06-27 08:04:18.015] 
[2020-06-27 08:04:18.015] benju@ASUS-PC C:\prj\postgresql>psql -h localhost -p 542 32 -W dbj -d d dbjdb
[2020-06-27 08:05:30.284] Microsoft Windows [Version 10.0.18363.900]
[2020-06-27 08:05:30.284] (c) 2019 Microsoft Corporation. All rights reserved.
[2020-06-27 08:05:30.284] 
[2020-06-27 08:05:30.284] benju@ASUS-PC C:\Users\benju>cd /prj/postgresql
[2020-06-27 08:05:30.284] 
[2020-06-27 08:05:30.284] benju@ASUS-PC C:\prj\postgresql>psql -h localhost -p 5432 -W dbj -d dbjdb       
[2020-06-27 08:05:30.284] 
[2020-06-27 08:05:30.284] 
[2020-06-27 08:05:30.284] 
[2020-06-27 08:05:30.284] 
[2020-06-27 08:05:30.284] 
[2020-06-27 08:05:30.284] 
[2020-06-27 08:05:30.284] 
[2020-06-27 08:05:30.284] 
[2020-06-27 08:05:30.284] 
[2020-06-27 08:05:30.284] 
[2020-06-27 08:05:30.284] 
[2020-06-27 08:05:30.284] 
[2020-06-27 08:05:30.284] 
[2020-06-27 08:05:30.284] 
[2020-06-27 08:05:30.284] 
[2020-06-27 08:05:30.284] 
[2020-06-27 08:05:30.284] 
[2020-06-27 08:05:30.647] Microsoft Windows [Version 10.0.18363.900]
[2020-06-27 08:05:30.647] (c) 2019 Microsoft Corporation. All rights reserved.
[2020-06-27 08:05:30.647] 
[2020-06-27 08:05:30.647] benju@ASUS-PC C:\Users\benju>cd /prj/postgresql
[2020-06-27 08:05:30.647] 
[2020-06-27 08:05:30.647] benju@ASUS-PC C:\prj\postgresql>psql -h localhost -p 5432 -W dbj -d dbjdb       
[2020-06-27 08:05:30.647] 
[2020-06-27 08:05:30.647] 
[2020-06-27 08:05:30.647] 
[2020-06-27 08:05:30.647] 
[2020-06-27 08:05:30.647] 
[2020-06-27 08:05:30.647] 
[2020-06-27 08:05:30.647] 
[2020-06-27 08:05:30.647] 
[2020-06-27 08:05:30.647] 
[2020-06-27 08:05:30.647] 
[2020-06-27 08:05:30.647] 
[2020-06-27 08:05:30.647] 
[2020-06-27 08:05:30.647] 
[2020-06-27 08:05:30.647] 
[2020-06-27 08:05:30.647] 
[2020-06-27 08:05:30.647] 
[2020-06-27 08:05:30.647] 
[2020-06-27 08:05:30.693] ppsql: 警告: 余分なコマンドライン引数"dbjdb"は無視されました
[2020-06-27 08:05:30.705] パスワード：
[2020-06-27 08:05:45.815] pMicrosoft Windows [Version 10.0.18363.900]
[2020-06-27 08:05:45.830] (c) 2019 Microsoft Corporation. All rights reserved.
[2020-06-27 08:05:45.830] 
[2020-06-27 08:05:45.830] benju@ASUS-PC C:\Users\benju>cd /prj/postgresql
[2020-06-27 08:05:45.830] 
[2020-06-27 08:05:45.830] benju@ASUS-PC C:\prj\postgresql>psql -h localhost -p 5432 -W dbj -d dbjdb       
[2020-06-27 08:05:45.830] psql: 警告: 余分なコマンドライン引数"dbjdb"は無視されました
[2020-06-27 08:05:45.830] パスワード：
[2020-06-27 08:05:45.830] psql: エラー: サーバに接続できませんでした: FATAL:  ユーザ"-d"のパスワード認証に
[2020-06-27 08:05:45.830] 失敗しました
[2020-06-27 08:05:45.830] 
[2020-06-27 08:05:45.830] benju@ASUS-PC C:\prj\postgresql>
[2020-06-27 08:05:45.830] 
[2020-06-27 08:05:45.830] 
[2020-06-27 08:05:45.830] 
[2020-06-27 08:05:45.830] 
[2020-06-27 08:05:45.830] 
[2020-06-27 08:05:45.830] 
[2020-06-27 08:05:45.830] 
[2020-06-27 08:05:45.830] 
[2020-06-27 08:05:45.830] 
[2020-06-27 08:05:45.830] 
[2020-06-27 08:05:45.830] 
[2020-06-27 08:06:01.621] psql -h localhost -p 5432 -W dbj -d dbjdbpsql -h localhost -p 5432 -UW dbj -d dbjdbpsql -h localhost -p 5432 -W dbj -d dbjdb  psql -h localhost -p 5432 -W dbj -d dbjdb 
[2020-06-27 08:06:06.560] Microsoft Windows [Version 10.0.18363.900]
[2020-06-27 08:06:06.560] (c) 2019 Microsoft Corporation. All rights reserved.
[2020-06-27 08:06:06.560] 
[2020-06-27 08:06:06.560] benju@ASUS-PC C:\Users\benju>cd /prj/postgresql
[2020-06-27 08:06:06.560] 
[2020-06-27 08:06:06.560] benju@ASUS-PC C:\prj\postgresql>psql -h localhost -p 5432 -W dbj -d dbjdb       
[2020-06-27 08:06:06.560] psql: 警告: 余分なコマンドライン引数"dbjdb"は無視されました
[2020-06-27 08:06:06.560] パスワード：
[2020-06-27 08:06:06.560] psql: エラー: サーバに接続できませんでした: FATAL:  ユーザ"-d"のパスワード認証に
[2020-06-27 08:06:06.560] 失敗しました
[2020-06-27 08:06:06.560] 
[2020-06-27 08:06:06.560] benju@ASUS-PC C:\prj\postgresql>psql -h localhost -p 5432 -W dbj -d dbjdb       
[2020-06-27 08:06:06.560] 
[2020-06-27 08:06:06.560] 
[2020-06-27 08:06:06.561] 
[2020-06-27 08:06:06.561] 
[2020-06-27 08:06:06.561] 
[2020-06-27 08:06:06.561] 
[2020-06-27 08:06:06.561] 
[2020-06-27 08:06:06.561] 
[2020-06-27 08:06:06.561] 
[2020-06-27 08:06:06.561] 
[2020-06-27 08:06:06.561] 
[2020-06-27 08:06:06.569] Microsoft Windows [Version 10.0.18363.900]
[2020-06-27 08:06:06.569] (c) 2019 Microsoft Corporation. All rights reserved.
[2020-06-27 08:06:06.569] 
[2020-06-27 08:06:06.569] benju@ASUS-PC C:\Users\benju>cd /prj/postgresql
[2020-06-27 08:06:06.569] 
[2020-06-27 08:06:06.569] benju@ASUS-PC C:\prj\postgresql>psql -h localhost -p 5432 -W dbj -d dbjdb       
[2020-06-27 08:06:06.569] psql: 警告: 余分なコマンドライン引数"dbjdb"は無視されました
[2020-06-27 08:06:06.569] パスワード：
[2020-06-27 08:06:06.569] psql: エラー: サーバに接続できませんでした: FATAL:  ユーザ"-d"のパスワード認証に
[2020-06-27 08:06:06.569] 失敗しました
[2020-06-27 08:06:06.569] 
[2020-06-27 08:06:06.569] benju@ASUS-PC C:\prj\postgresql>psql -h localhost -p 5432 -W dbj -d dbjdb       
[2020-06-27 08:06:06.569] psql: 警告: 余分なコマンドライン引数"dbjdb"は無視されました
[2020-06-27 08:06:06.569] パスワード：
[2020-06-27 08:06:06.569] 
[2020-06-27 08:06:06.569] 
[2020-06-27 08:06:06.569] 
[2020-06-27 08:06:06.569] 
[2020-06-27 08:06:06.569] 
[2020-06-27 08:06:06.569] 
[2020-06-27 08:06:06.569] 
[2020-06-27 08:06:06.569] 
[2020-06-27 08:06:06.569] 
[2020-06-27 08:06:08.017] 
[2020-06-27 08:06:08.059] pMicrosoft Windows [Version 10.0.18363.900]
[2020-06-27 08:06:08.072] (c) 2019 Microsoft Corporation. All rights reserved.
[2020-06-27 08:06:08.072] 
[2020-06-27 08:06:08.072] benju@ASUS-PC C:\Users\benju>cd /prj/postgresql
[2020-06-27 08:06:08.072] 
[2020-06-27 08:06:08.072] benju@ASUS-PC C:\prj\postgresql>psql -h localhost -p 5432 -W dbj -d dbjdb       
[2020-06-27 08:06:08.072] psql: 警告: 余分なコマンドライン引数"dbjdb"は無視されました
[2020-06-27 08:06:08.072] パスワード：
[2020-06-27 08:06:08.072] psql: エラー: サーバに接続できませんでした: FATAL:  ユーザ"-d"のパスワード認証に
[2020-06-27 08:06:08.072] 失敗しました
[2020-06-27 08:06:08.072] 
[2020-06-27 08:06:08.072] benju@ASUS-PC C:\prj\postgresql>psql -h localhost -p 5432 -W dbj -d dbjdb       
[2020-06-27 08:06:08.072] psql: 警告: 余分なコマンドライン引数"dbjdb"は無視されました
[2020-06-27 08:06:08.072] パスワード：
[2020-06-27 08:06:08.072] psql: エラー: サーバに接続できませんでした: fe_sendauth: no password supplied   
[2020-06-27 08:06:08.072] 
[2020-06-27 08:06:08.072] benju@ASUS-PC C:\prj\postgresql>
[2020-06-27 08:06:08.072] 
[2020-06-27 08:06:08.072] 
[2020-06-27 08:06:08.072] 
[2020-06-27 08:06:08.072] 
[2020-06-27 08:06:08.072] 
[2020-06-27 08:06:08.072] 
[2020-06-27 08:06:09.153] psql -h localhost -p 5432 -W dbj -d dbjdbpsql -h localhost -p 5432 -UW dbj -d dbjdbpsql -h localhost -p 5432 -U dbj -d dbjdb  psql -h localhost -p 5432 -U dbj -d dbjdb 
[2020-06-27 08:06:15.135] Microsoft Windows [Version 10.0.18363.900]
[2020-06-27 08:06:15.135] (c) 2019 Microsoft Corporation. All rights reserved.
[2020-06-27 08:06:15.135] 
[2020-06-27 08:06:15.135] benju@ASUS-PC C:\Users\benju>cd /prj/postgresql
[2020-06-27 08:06:15.135] 
[2020-06-27 08:06:15.135] benju@ASUS-PC C:\prj\postgresql>psql -h localhost -p 5432 -W dbj -d dbjdb       
[2020-06-27 08:06:15.135] psql: 警告: 余分なコマンドライン引数"dbjdb"は無視されました
[2020-06-27 08:06:15.135] パスワード：
[2020-06-27 08:06:15.135] psql: エラー: サーバに接続できませんでした: FATAL:  ユーザ"-d"のパスワード認証に
[2020-06-27 08:06:15.135] 失敗しました
[2020-06-27 08:06:15.135] 
[2020-06-27 08:06:15.135] benju@ASUS-PC C:\prj\postgresql>psql -h localhost -p 5432 -W dbj -d dbjdb       
[2020-06-27 08:06:15.135] psql: 警告: 余分なコマンドライン引数"dbjdb"は無視されました
[2020-06-27 08:06:15.135] パスワード：
[2020-06-27 08:06:15.135] psql: エラー: サーバに接続できませんでした: fe_sendauth: no password supplied   
[2020-06-27 08:06:15.135] 
[2020-06-27 08:06:15.135] benju@ASUS-PC C:\prj\postgresql>psql -h localhost -p 5432 -U dbj -d dbjdb       
[2020-06-27 08:06:15.135] 
[2020-06-27 08:06:15.135] 
[2020-06-27 08:06:15.135] 
[2020-06-27 08:06:15.135] 
[2020-06-27 08:06:15.136] 
[2020-06-27 08:06:15.136] 
[2020-06-27 08:06:15.144] Microsoft Windows [Version 10.0.18363.900]
[2020-06-27 08:06:15.144] (c) 2019 Microsoft Corporation. All rights reserved.
[2020-06-27 08:06:15.144] 
[2020-06-27 08:06:15.144] benju@ASUS-PC C:\Users\benju>cd /prj/postgresql
[2020-06-27 08:06:15.144] 
[2020-06-27 08:06:15.144] benju@ASUS-PC C:\prj\postgresql>psql -h localhost -p 5432 -W dbj -d dbjdb       
[2020-06-27 08:06:15.144] psql: 警告: 余分なコマンドライン引数"dbjdb"は無視されました
[2020-06-27 08:06:15.144] パスワード：
[2020-06-27 08:06:15.144] psql: エラー: サーバに接続できませんでした: FATAL:  ユーザ"-d"のパスワード認証に
[2020-06-27 08:06:15.144] 失敗しました
[2020-06-27 08:06:15.144] 
[2020-06-27 08:06:15.144] benju@ASUS-PC C:\prj\postgresql>psql -h localhost -p 5432 -W dbj -d dbjdb       
[2020-06-27 08:06:15.144] psql: 警告: 余分なコマンドライン引数"dbjdb"は無視されました
[2020-06-27 08:06:15.144] パスワード：
[2020-06-27 08:06:15.144] psql: エラー: サーバに接続できませんでした: fe_sendauth: no password supplied   
[2020-06-27 08:06:15.144] 
[2020-06-27 08:06:15.144] benju@ASUS-PC C:\prj\postgresql>psql -h localhost -p 5432 -U dbj -d dbjdb       
[2020-06-27 08:06:15.144] 
[2020-06-27 08:06:15.144] 
[2020-06-27 08:06:15.144] 
[2020-06-27 08:06:15.144] 
[2020-06-27 08:06:15.144] 
[2020-06-27 08:06:15.144] 
[2020-06-27 08:06:15.235] ユーザ dbj のパスワード: 
[2020-06-27 08:06:18.530] ppsql (12.3)
[2020-06-27 08:06:18.538] "help"でヘルプを表示します。dbjdb=# select " from       *  * from cities;
[2020-06-27 08:06:36.147] Microsoft Windows [Version 10.0.18363.900]
[2020-06-27 08:06:36.147] (c) 2019 Microsoft Corporation. All rights reserved.
[2020-06-27 08:06:36.147] 
[2020-06-27 08:06:36.147] benju@ASUS-PC C:\Users\benju>cd /prj/postgresql
[2020-06-27 08:06:36.147] 
[2020-06-27 08:06:36.147] benju@ASUS-PC C:\prj\postgresql>psql -h localhost -p 5432 -W dbj -d dbjdb       
[2020-06-27 08:06:36.147] psql: 警告: 余分なコマンドライン引数"dbjdb"は無視されました
[2020-06-27 08:06:36.147] パスワード：
[2020-06-27 08:06:36.147] psql: エラー: サーバに接続できませんでした: FATAL:  ユーザ"-d"のパスワード認証に
[2020-06-27 08:06:36.147] 失敗しました
[2020-06-27 08:06:36.147] 
[2020-06-27 08:06:36.147] benju@ASUS-PC C:\prj\postgresql>psql -h localhost -p 5432 -W dbj -d dbjdb       
[2020-06-27 08:06:36.147] psql: 警告: 余分なコマンドライン引数"dbjdb"は無視されました
[2020-06-27 08:06:36.147] パスワード：
[2020-06-27 08:06:36.147] psql: エラー: サーバに接続できませんでした: fe_sendauth: no password supplied   
[2020-06-27 08:06:36.147] 
[2020-06-27 08:06:36.147] benju@ASUS-PC C:\prj\postgresql>psql -h localhost -p 5432 -U dbj -d dbjdb       
[2020-06-27 08:06:36.147] ユーザ dbj のパスワード:
[2020-06-27 08:06:36.147] psql (12.3)
[2020-06-27 08:06:36.149] "help"でヘルプを表示します。
[2020-06-27 08:06:36.149] 
[2020-06-27 08:06:36.149] dbjdb=# select * from cities;
[2020-06-27 08:06:36.149] 
[2020-06-27 08:06:36.155] Microsoft Windows [Version 10.0.18363.900]
[2020-06-27 08:06:36.155] (c) 2019 Microsoft Corporation. All rights reserved.
[2020-06-27 08:06:36.155] 
[2020-06-27 08:06:36.155] benju@ASUS-PC C:\Users\benju>cd /prj/postgresql
[2020-06-27 08:06:36.155] 
[2020-06-27 08:06:36.155] benju@ASUS-PC C:\prj\postgresql>psql -h localhost -p 5432 -W dbj -d dbjdb       
[2020-06-27 08:06:36.155] psql: 警告: 余分なコマンドライン引数"dbjdb"は無視されました
[2020-06-27 08:06:36.155] パスワード：
[2020-06-27 08:06:36.155] psql: エラー: サーバに接続できませんでした: FATAL:  ユーザ"-d"のパスワード認証に
[2020-06-27 08:06:36.155] 失敗しました
[2020-06-27 08:06:36.155] 
[2020-06-27 08:06:36.155] benju@ASUS-PC C:\prj\postgresql>psql -h localhost -p 5432 -W dbj -d dbjdb       
[2020-06-27 08:06:36.155] psql: 警告: 余分なコマンドライン引数"dbjdb"は無視されました
[2020-06-27 08:06:36.155] パスワード：
[2020-06-27 08:06:36.155] psql: エラー: サーバに接続できませんでした: fe_sendauth: no password supplied   
[2020-06-27 08:06:36.155] 
[2020-06-27 08:06:36.155] benju@ASUS-PC C:\prj\postgresql>psql -h localhost -p 5432 -U dbj -d dbjdb       
[2020-06-27 08:06:36.155] ユーザ dbj のパスワード:
[2020-06-27 08:06:36.155] psql (12.3)
[2020-06-27 08:06:36.157] "help"でヘルプを表示します。
[2020-06-27 08:06:36.157] 
[2020-06-27 08:06:36.157] dbjdb=# select * from cities;
[2020-06-27 08:06:36.157] 
[2020-06-27 08:06:36.262]  id |    name     | population
[2020-06-27 08:06:36.262] ----+-------------+------------
[2020-06-27 08:06:36.262]   1 | Bratislava  |     432000
[2020-06-27 08:06:36.269]   2 | Budapest    |    1759000
[2020-06-27 08:06:36.269]   3 | Prague      |    1280000
[2020-06-27 08:06:36.269]   4 | Warsaw      |    1748000
[2020-06-27 08:06:36.269]   5 | Los Angeles |    3971000
[2020-06-27 08:06:36.269]   6 | New York    |    8550000
[2020-06-27 08:06:36.269]   7 | Edinburgh   |     464000
[2020-06-27 08:06:36.269]   8 | Berlin      |    3671000
[2020-06-27 08:06:36.269] (8 行)
[2020-06-27 08:06:36.269] 
[2020-06-27 08:06:36.271] 
[2020-06-27 08:06:36.271] dbjdb=#\q
[2020-06-27 09:15:16.018] パスワード：
[2020-06-27 09:15:16.018] psql: エラー: サーバに接続できませんでした: fe_sendauth: no password supplied   
[2020-06-27 09:15:16.018] 
[2020-06-27 09:15:16.018] benju@ASUS-PC C:\prj\postgresql>psql -h localhost -p 5432 -U dbj -d dbjdb       
[2020-06-27 09:15:16.018] ユーザ dbj のパスワード:
[2020-06-27 09:15:16.018] psql (12.3)
[2020-06-27 09:15:16.018] "help"でヘルプを表示します。
[2020-06-27 09:15:16.018] 
[2020-06-27 09:15:16.018] dbjdb=# select * from cities;
[2020-06-27 09:15:16.018]  id |    name     | population
[2020-06-27 09:15:16.018] ----+-------------+------------
[2020-06-27 09:15:16.018]   1 | Bratislava  |     432000
[2020-06-27 09:15:16.018]   2 | Budapest    |    1759000
[2020-06-27 09:15:16.018]   3 | Prague      |    1280000
[2020-06-27 09:15:16.018]   4 | Warsaw      |    1748000
[2020-06-27 09:15:16.018]   5 | Los Angeles |    3971000
[2020-06-27 09:15:16.018]   6 | New York    |    8550000
[2020-06-27 09:15:16.018]   7 | Edinburgh   |     464000
[2020-06-27 09:15:16.018]   8 | Berlin      |    3671000
[2020-06-27 09:15:16.018] (8 行)
[2020-06-27 09:15:16.018] 
[2020-06-27 09:15:16.018] 
[2020-06-27 09:15:16.018] dbjdb=# \q
[2020-06-27 09:15:16.018] 
[2020-06-27 09:15:16.018] benju@ASUS-PC C:\prj\postgresql>exit[ 
