
[2020-06-27 15:07:42.667] 
[2020-06-27 15:07:42.667] 
[2020-06-27 15:07:42.667] 
[2020-06-27 15:07:42.667] 
[2020-06-27 15:07:42.667] 
[2020-06-27 15:07:42.667] 
[2020-06-27 15:07:42.667] 
[2020-06-27 15:07:42.667] 
[2020-06-27 15:07:42.667] 
[2020-06-27 15:07:42.667] 
[2020-06-27 15:07:42.667] 
[2020-06-27 15:07:42.667] 
[2020-06-27 15:07:42.667] 
[2020-06-27 15:07:42.667] 
[2020-06-27 15:07:42.667] 
[2020-06-27 15:07:42.667] 
[2020-06-27 15:07:42.667] 
[2020-06-27 15:07:42.667] 
[2020-06-27 15:07:42.667] 
[2020-06-27 15:07:42.667] 
[2020-06-27 15:07:42.667] 
[2020-06-27 15:07:42.667] 
[2020-06-27 15:07:42.667] 
[2020-06-27 15:07:42.676] Microsoft Windows [Version 10.0.18363.900]
[2020-06-27 15:07:42.676] (c) 2019 Microsoft Corporation. All rights reserved.
[2020-06-27 15:07:42.676] 
[2020-06-27 15:07:42.676] benju@ASUS-PC C:\Users\benju>where tsc
[2020-06-27 15:07:45.804] Microsoft Windows [Version 10.0.18363.900]
[2020-06-27 15:07:45.804] (c) 2019 Microsoft Corporation. All rights reserved.
[2020-06-27 15:07:45.805] 
[2020-06-27 15:07:45.805] benju@ASUS-PC C:\Users\benju>where tsc
[2020-06-27 15:07:45.805] 
[2020-06-27 15:07:45.805] 
[2020-06-27 15:07:45.805] 
[2020-06-27 15:07:45.805] 
[2020-06-27 15:07:45.805] 
[2020-06-27 15:07:45.805] 
[2020-06-27 15:07:45.805] 
[2020-06-27 15:07:45.805] 
[2020-06-27 15:07:45.805] 
[2020-06-27 15:07:45.805] 
[2020-06-27 15:07:45.805] 
[2020-06-27 15:07:45.805] 
[2020-06-27 15:07:45.805] 
[2020-06-27 15:07:45.805] 
[2020-06-27 15:07:45.805] 
[2020-06-27 15:07:45.805] 
[2020-06-27 15:07:45.805] 
[2020-06-27 15:07:45.805] 
[2020-06-27 15:07:45.805] 
[2020-06-27 15:07:46.009] C:\Program Files (x86)\Microsoft SDKs\TypeScript\1.0\tsc.exe
[2020-06-27 15:07:46.018] C:\Program Files (x86)\Microsoft SDKs\TypeScript\1.0\tsc.js
[2020-06-27 15:07:46.027] C:\nodejs\nodejs\node_global\tsc    
[2020-06-27 15:07:46.027] C:\nodejs\nodejs\node_global\tsc.cmd
[2020-06-27 15:07:46.050] Microsoft Windows [Version 10.0.18363.900]
[2020-06-27 15:07:46.050] (c) 2019 Microsoft Corporation. All rights reserved.
[2020-06-27 15:07:46.050] 
[2020-06-27 15:07:46.050] benju@ASUS-PC C:\Users\benju>where tsc
[2020-06-27 15:07:46.050] C:\Program Files (x86)\Microsoft SDKs\TypeScript\1.0\tsc.exe
[2020-06-27 15:07:46.050] C:\Program Files (x86)\Microsoft SDKs\TypeScript\1.0\tsc.js
[2020-06-27 15:07:46.050] C:\nodejs\nodejs\node_global\tsc
[2020-06-27 15:07:46.050] C:\nodejs\nodejs\node_global\tsc.cmd
[2020-06-27 15:07:46.050] 
[2020-06-27 15:07:46.050] benju@ASUS-PC C:\Users\benju>
[2020-06-27 15:07:46.050] 
[2020-06-27 15:07:46.050] 
[2020-06-27 15:07:46.050] 
[2020-06-27 15:07:46.050] 
[2020-06-27 15:07:46.050] 
[2020-06-27 15:07:46.050] 
[2020-06-27 15:07:46.050] 
[2020-06-27 15:07:46.050] 
[2020-06-27 15:07:46.050] 
[2020-06-27 15:07:46.050] 
[2020-06-27 15:07:46.050] 
[2020-06-27 15:07:46.050] 
[2020-06-27 15:07:46.050] 
[2020-06-27 15:18:47.744] where tsc
[2020-06-27 15:18:48.053] Microsoft Windows [Version 10.0.18363.900]
[2020-06-27 15:18:48.053] (c) 2019 Microsoft Corporation. All rights reserved.
[2020-06-27 15:18:48.053] 
[2020-06-27 15:18:48.053] benju@ASUS-PC C:\Users\benju>where tsc
[2020-06-27 15:18:48.053] C:\Program Files (x86)\Microsoft SDKs\TypeScript\1.0\tsc.exe
[2020-06-27 15:18:48.053] C:\Program Files (x86)\Microsoft SDKs\TypeScript\1.0\tsc.js
[2020-06-27 15:18:48.053] C:\nodejs\nodejs\node_global\tsc
[2020-06-27 15:18:48.053] C:\nodejs\nodejs\node_global\tsc.cmd
[2020-06-27 15:18:48.053] 
[2020-06-27 15:18:48.053] benju@ASUS-PC C:\Users\benju>where tsc
[2020-06-27 15:18:48.053] 
[2020-06-27 15:18:48.053] 
[2020-06-27 15:18:48.053] 
[2020-06-27 15:18:48.053] 
[2020-06-27 15:18:48.053] 
[2020-06-27 15:18:48.053] 
[2020-06-27 15:18:48.053] 
[2020-06-27 15:18:48.053] 
[2020-06-27 15:18:48.053] 
[2020-06-27 15:18:48.053] 
[2020-06-27 15:18:48.053] 
[2020-06-27 15:18:48.053] 
[2020-06-27 15:18:48.053] 
[2020-06-27 15:18:48.240] C:\nodejs\nodejs\node_global\tsc
[2020-06-27 15:18:48.248] C:\nodejs\nodejs\node_global\tsc.cmd
[2020-06-27 15:18:48.263] Microsoft Windows [Version 10.0.18363.900]
[2020-06-27 15:18:48.263] (c) 2019 Microsoft Corporation. All rights reserved.
[2020-06-27 15:18:48.263] 
[2020-06-27 15:18:48.263] benju@ASUS-PC C:\Users\benju>where tsc
[2020-06-27 15:18:48.263] C:\Program Files (x86)\Microsoft SDKs\TypeScript\1.0\tsc.exe
[2020-06-27 15:18:48.263] C:\Program Files (x86)\Microsoft SDKs\TypeScript\1.0\tsc.js
[2020-06-27 15:18:48.263] C:\nodejs\nodejs\node_global\tsc
[2020-06-27 15:18:48.263] C:\nodejs\nodejs\node_global\tsc.cmd
[2020-06-27 15:18:48.263] 
[2020-06-27 15:18:48.263] benju@ASUS-PC C:\Users\benju>where tsc
[2020-06-27 15:18:48.263] C:\nodejs\nodejs\node_global\tsc
[2020-06-27 15:18:48.263] C:\nodejs\nodejs\node_global\tsc.cmd
[2020-06-27 15:18:48.263] 
[2020-06-27 15:18:48.263] benju@ASUS-PC C:\Users\benju>
[2020-06-27 15:18:48.263] 
[2020-06-27 15:18:48.263] 
[2020-06-27 15:18:48.263] 
[2020-06-27 15:18:48.263] 
[2020-06-27 15:18:48.263] 
[2020-06-27 15:18:48.263] 
[2020-06-27 15:18:48.263] 
[2020-06-27 15:18:48.263] 
[2020-06-27 15:18:48.263] 
[2020-06-27 15:18:55.789] exit
