
[2020-06-24 21:09:51.742] 
[2020-06-24 21:09:51.742] 
[2020-06-24 21:09:51.742] 
[2020-06-24 21:09:51.742] 
[2020-06-24 21:09:51.742] 
[2020-06-24 21:09:51.742] 
[2020-06-24 21:09:51.742] 
[2020-06-24 21:09:51.742] 
[2020-06-24 21:09:51.742] 
[2020-06-24 21:09:51.742] 
[2020-06-24 21:09:51.742] 
[2020-06-24 21:09:51.742] 
[2020-06-24 21:09:51.742] 
[2020-06-24 21:09:51.742] 
[2020-06-24 21:09:51.742] 
[2020-06-24 21:09:51.742] 
[2020-06-24 21:09:51.742] 
[2020-06-24 21:09:51.742] 
[2020-06-24 21:09:51.742] 
[2020-06-24 21:09:51.742] 
[2020-06-24 21:09:51.742] 
[2020-06-24 21:09:51.742] 
[2020-06-24 21:09:51.742] 
[2020-06-24 21:09:51.751] Microsoft Windows [Version 10.0.18363.900]
[2020-06-24 21:09:51.751] (c) 2019 Microsoft Corporation. All rights reserved.
[2020-06-24 21:09:51.751] 
[2020-06-24 21:09:51.751] benju@ASUS-PC C:\Users\benju>telnet localhost 4445   555
[2020-06-24 21:10:08.608] Microsoft Windows [Version 10.0.18363.900]
[2020-06-24 21:10:08.608] (c) 2019 Microsoft Corporation. All rights reserved.
[2020-06-24 21:10:08.608] 
[2020-06-24 21:10:08.608] benju@ASUS-PC C:\Users\benju>telnet localhost 4555
[2020-06-24 21:10:08.608] 
[2020-06-24 21:10:08.608] 
[2020-06-24 21:10:08.608] 
[2020-06-24 21:10:08.608] 
[2020-06-24 21:10:08.608] 
[2020-06-24 21:10:08.608] 
[2020-06-24 21:10:08.608] 
[2020-06-24 21:10:08.608] 
[2020-06-24 21:10:08.608] 
[2020-06-24 21:10:08.608] 
[2020-06-24 21:10:08.608] 
[2020-06-24 21:10:08.608] 
[2020-06-24 21:10:08.608] 
[2020-06-24 21:10:08.608] 
[2020-06-24 21:10:08.608] 
[2020-06-24 21:10:08.608] 
[2020-06-24 21:10:08.608] 
[2020-06-24 21:10:08.608] 
[2020-06-24 21:10:08.608] 
[2020-06-24 21:10:08.618] Microsoft Windows [Version 10.0.18363.900]
[2020-06-24 21:10:08.618] (c) 2019 Microsoft Corporation. All rights reserved.
[2020-06-24 21:10:08.618] 
[2020-06-24 21:10:08.618] benju@ASUS-PC C:\Users\benju>telnet localhost 4555
[2020-06-24 21:10:08.618] ê⁄ë±íÜ: localhost...
[2020-06-24 21:10:08.618] 
[2020-06-24 21:10:08.618] 
[2020-06-24 21:10:08.618] 
[2020-06-24 21:10:08.618] 
[2020-06-24 21:10:08.618] 
[2020-06-24 21:10:08.618] 
[2020-06-24 21:10:08.618] 
[2020-06-24 21:10:08.618] 
[2020-06-24 21:10:08.618] 
[2020-06-24 21:10:08.618] 
[2020-06-24 21:10:08.618] 
[2020-06-24 21:10:08.618] 
[2020-06-24 21:10:08.618] 
[2020-06-24 21:10:08.618] 
[2020-06-24 21:10:08.618] 
[2020-06-24 21:10:08.618] 
[2020-06-24 21:10:08.618] 
[2020-06-24 21:10:08.618] 
[2020-06-24 21:10:08.625] JAMES Remote Administration Tool 2.3.2.1
[2020-06-24 21:10:08.625] Please enter your login and password
[2020-06-24 21:10:08.625] Login id:
[2020-06-24 21:10:08.625] 
[2020-06-24 21:10:08.625] 
[2020-06-24 21:10:08.625] 
[2020-06-24 21:10:08.625] 
[2020-06-24 21:10:08.625] 
[2020-06-24 21:10:08.625] 
[2020-06-24 21:10:08.625] 
[2020-06-24 21:10:08.625] 
[2020-06-24 21:10:08.625] 
[2020-06-24 21:10:08.625] 
[2020-06-24 21:10:08.625] 
[2020-06-24 21:10:08.625] 
[2020-06-24 21:10:08.625] 
[2020-06-24 21:10:08.625] 
[2020-06-24 21:10:08.625] 
[2020-06-24 21:10:08.625] 
[2020-06-24 21:10:08.625] 
[2020-06-24 21:10:08.625] 
[2020-06-24 21:10:08.625] 
[2020-06-24 21:10:08.625] 
[2020-06-24 21:10:09.548] rroooott
[2020-06-24 21:10:10.245] Password:Password:
[2020-06-24 21:10:10.637] rroooott
[2020-06-24 21:10:11.241] Welcome root. HELP for a list of commandsWelcome root. HELP for a list of commands
[2020-06-24 21:10:12.351] sshhuuttddoowwnn
[2020-06-24 21:10:14.181] Shutting down, bye byeShutting down, bye bye
